<?xml version="1.0" encoding="UTF-8"?>
<testsuites>
  <testsuite name="" tests="81" assertions="224" errors="0" warnings="0" failures="0" skipped="0" time="2.226482">
    <testsuite name="Project Test Suite" tests="81" assertions="224" errors="0" warnings="0" failures="0" skipped="0" time="2.226482">
      <testsuite name="App\Tests\Controller\AboutControllerTest" file="/home/dbwebb-kurser/mvc_new/me/report/tests/Controller/AboutControllerTest.php" tests="1" assertions="3" errors="0" warnings="0" failures="0" skipped="0" time="0.242010">
        <testcase name="testIndex" class="App\Tests\Controller\AboutControllerTest" classname="App.Tests.Controller.AboutControllerTest" file="/home/dbwebb-kurser/mvc_new/me/report/tests/Controller/AboutControllerTest.php" line="9" assertions="3" time="0.242010"/>
      </testsuite>
      <testsuite name="App\Tests\Controller\ApiControllerTest" file="/home/dbwebb-kurser/mvc_new/me/report/tests/Controller/ApiControllerTest.php" tests="2" assertions="4" errors="0" warnings="0" failures="0" skipped="0" time="0.029123">
        <testcase name="testIndex" class="App\Tests\Controller\ApiControllerTest" classname="App.Tests.Controller.ApiControllerTest" file="/home/dbwebb-kurser/mvc_new/me/report/tests/Controller/ApiControllerTest.php" line="9" assertions="3" time="0.014801"/>
        <testcase name="testApiQuote" class="App\Tests\Controller\ApiControllerTest" classname="App.Tests.Controller.ApiControllerTest" file="/home/dbwebb-kurser/mvc_new/me/report/tests/Controller/ApiControllerTest.php" line="18" assertions="1" time="0.014321"/>
      </testsuite>
      <testsuite name="App\Tests\Controller\CardControllerTest" file="/home/dbwebb-kurser/mvc_new/me/report/tests/Controller/CardControllerTest.php" tests="9" assertions="27" errors="0" warnings="0" failures="0" skipped="0" time="0.216591">
        <testcase name="testIndex" class="App\Tests\Controller\CardControllerTest" classname="App.Tests.Controller.CardControllerTest" file="/home/dbwebb-kurser/mvc_new/me/report/tests/Controller/CardControllerTest.php" line="9" assertions="3" time="0.014710"/>
        <testcase name="testDeck" class="App\Tests\Controller\CardControllerTest" classname="App.Tests.Controller.CardControllerTest" file="/home/dbwebb-kurser/mvc_new/me/report/tests/Controller/CardControllerTest.php" line="18" assertions="3" time="0.031432"/>
        <testcase name="testShuffle" class="App\Tests\Controller\CardControllerTest" classname="App.Tests.Controller.CardControllerTest" file="/home/dbwebb-kurser/mvc_new/me/report/tests/Controller/CardControllerTest.php" line="27" assertions="3" time="0.021047"/>
        <testcase name="testDrawCard" class="App\Tests\Controller\CardControllerTest" classname="App.Tests.Controller.CardControllerTest" file="/home/dbwebb-kurser/mvc_new/me/report/tests/Controller/CardControllerTest.php" line="36" assertions="3" time="0.017588"/>
        <testcase name="testDrawAllCards" class="App\Tests\Controller\CardControllerTest" classname="App.Tests.Controller.CardControllerTest" file="/home/dbwebb-kurser/mvc_new/me/report/tests/Controller/CardControllerTest.php" line="45" assertions="3" time="0.046176"/>
        <testcase name="testDrawMoreThanAvailableCards" class="App\Tests\Controller\CardControllerTest" classname="App.Tests.Controller.CardControllerTest" file="/home/dbwebb-kurser/mvc_new/me/report/tests/Controller/CardControllerTest.php" line="58" assertions="3" time="0.041683"/>
        <testcase name="testDrawMultipleCards" class="App\Tests\Controller\CardControllerTest" classname="App.Tests.Controller.CardControllerTest" file="/home/dbwebb-kurser/mvc_new/me/report/tests/Controller/CardControllerTest.php" line="71" assertions="4" time="0.018577"/>
        <testcase name="testSessionData" class="App\Tests\Controller\CardControllerTest" classname="App.Tests.Controller.CardControllerTest" file="/home/dbwebb-kurser/mvc_new/me/report/tests/Controller/CardControllerTest.php" line="81" assertions="3" time="0.015497"/>
        <testcase name="testDeleteSession" class="App\Tests\Controller\CardControllerTest" classname="App.Tests.Controller.CardControllerTest" file="/home/dbwebb-kurser/mvc_new/me/report/tests/Controller/CardControllerTest.php" line="90" assertions="2" time="0.009880"/>
      </testsuite>
      <testsuite name="App\Tests\Controller\GameControllerTest" file="/home/dbwebb-kurser/mvc_new/me/report/tests/Controller/GameControllerTest.php" tests="12" assertions="29" errors="0" warnings="0" failures="0" skipped="0" time="0.522745">
        <testcase name="testIndex" class="App\Tests\Controller\GameControllerTest" classname="App.Tests.Controller.GameControllerTest" file="/home/dbwebb-kurser/mvc_new/me/report/tests/Controller/GameControllerTest.php" line="13" assertions="3" time="0.014910"/>
        <testcase name="testDoc" class="App\Tests\Controller\GameControllerTest" classname="App.Tests.Controller.GameControllerTest" file="/home/dbwebb-kurser/mvc_new/me/report/tests/Controller/GameControllerTest.php" line="22" assertions="3" time="0.013831"/>
        <testcase name="testDrawRedirectsToResultIfPlayerExceeds21" class="App\Tests\Controller\GameControllerTest" classname="App.Tests.Controller.GameControllerTest" file="/home/dbwebb-kurser/mvc_new/me/report/tests/Controller/GameControllerTest.php" line="31" assertions="1" time="0.280243"/>
        <testcase name="testPlayRedirectsToStartIfNoGameInSession" class="App\Tests\Controller\GameControllerTest" classname="App.Tests.Controller.GameControllerTest" file="/home/dbwebb-kurser/mvc_new/me/report/tests/Controller/GameControllerTest.php" line="49" assertions="2" time="0.010212"/>
        <testcase name="testDrawRedirectsToStartIfNoGameInSession" class="App\Tests\Controller\GameControllerTest" classname="App.Tests.Controller.GameControllerTest" file="/home/dbwebb-kurser/mvc_new/me/report/tests/Controller/GameControllerTest.php" line="57" assertions="2" time="0.008613"/>
        <testcase name="testStayRedirectsToStartIfNoGameInSession" class="App\Tests\Controller\GameControllerTest" classname="App.Tests.Controller.GameControllerTest" file="/home/dbwebb-kurser/mvc_new/me/report/tests/Controller/GameControllerTest.php" line="65" assertions="2" time="0.009561"/>
        <testcase name="testResultRedirectsToStartIfNoGameInSession" class="App\Tests\Controller\GameControllerTest" classname="App.Tests.Controller.GameControllerTest" file="/home/dbwebb-kurser/mvc_new/me/report/tests/Controller/GameControllerTest.php" line="73" assertions="2" time="0.008875"/>
        <testcase name="testStartGame" class="App\Tests\Controller\GameControllerTest" classname="App.Tests.Controller.GameControllerTest" file="/home/dbwebb-kurser/mvc_new/me/report/tests/Controller/GameControllerTest.php" line="81" assertions="2" time="0.009811"/>
        <testcase name="testPlayGame" class="App\Tests\Controller\GameControllerTest" classname="App.Tests.Controller.GameControllerTest" file="/home/dbwebb-kurser/mvc_new/me/report/tests/Controller/GameControllerTest.php" line="89" assertions="3" time="0.025973"/>
        <testcase name="testDrawCardInGame" class="App\Tests\Controller\GameControllerTest" classname="App.Tests.Controller.GameControllerTest" file="/home/dbwebb-kurser/mvc_new/me/report/tests/Controller/GameControllerTest.php" line="103" assertions="3" time="0.034159"/>
        <testcase name="testStayInGame" class="App\Tests\Controller\GameControllerTest" classname="App.Tests.Controller.GameControllerTest" file="/home/dbwebb-kurser/mvc_new/me/report/tests/Controller/GameControllerTest.php" line="113" assertions="3" time="0.034679"/>
        <testcase name="testGameResult" class="App\Tests\Controller\GameControllerTest" classname="App.Tests.Controller.GameControllerTest" file="/home/dbwebb-kurser/mvc_new/me/report/tests/Controller/GameControllerTest.php" line="126" assertions="3" time="0.071879"/>
      </testsuite>
      <testsuite name="App\Tests\Controller\HomeControllerTest" file="/home/dbwebb-kurser/mvc_new/me/report/tests/Controller/HomeControllerTest.php" tests="1" assertions="3" errors="0" warnings="0" failures="0" skipped="0" time="0.014694">
        <testcase name="testIndex" class="App\Tests\Controller\HomeControllerTest" classname="App.Tests.Controller.HomeControllerTest" file="/home/dbwebb-kurser/mvc_new/me/report/tests/Controller/HomeControllerTest.php" line="9" assertions="3" time="0.014694"/>
      </testsuite>
      <testsuite name="App\Tests\Controller\JsonApiControllerTest" file="/home/dbwebb-kurser/mvc_new/me/report/tests/Controller/JsonApiControllerTest.php" tests="10" assertions="52" errors="0" warnings="0" failures="0" skipped="0" time="0.630290">
        <testcase name="testDeck" class="App\Tests\Controller\JsonApiControllerTest" classname="App.Tests.Controller.JsonApiControllerTest" file="/home/dbwebb-kurser/mvc_new/me/report/tests/Controller/JsonApiControllerTest.php" line="10" assertions="4" time="0.012795"/>
        <testcase name="testShuffle" class="App\Tests\Controller\JsonApiControllerTest" classname="App.Tests.Controller.JsonApiControllerTest" file="/home/dbwebb-kurser/mvc_new/me/report/tests/Controller/JsonApiControllerTest.php" line="23" assertions="4" time="0.009329"/>
        <testcase name="testDraw" class="App\Tests\Controller\JsonApiControllerTest" classname="App.Tests.Controller.JsonApiControllerTest" file="/home/dbwebb-kurser/mvc_new/me/report/tests/Controller/JsonApiControllerTest.php" line="36" assertions="5" time="0.009996"/>
        <testcase name="testDrawMultiple" class="App\Tests\Controller\JsonApiControllerTest" classname="App.Tests.Controller.JsonApiControllerTest" file="/home/dbwebb-kurser/mvc_new/me/report/tests/Controller/JsonApiControllerTest.php" line="50" assertions="6" time="0.010824"/>
        <testcase name="testDrawCardsEmptyDeck" class="App\Tests\Controller\JsonApiControllerTest" classname="App.Tests.Controller.JsonApiControllerTest" file="/home/dbwebb-kurser/mvc_new/me/report/tests/Controller/JsonApiControllerTest.php" line="65" assertions="7" time="0.476970"/>
        <testcase name="testGameState" class="App\Tests\Controller\JsonApiControllerTest" classname="App.Tests.Controller.JsonApiControllerTest" file="/home/dbwebb-kurser/mvc_new/me/report/tests/Controller/JsonApiControllerTest.php" line="85" assertions="4" time="0.009264"/>
        <testcase name="testGameStateExists" class="App\Tests\Controller\JsonApiControllerTest" classname="App.Tests.Controller.JsonApiControllerTest" file="/home/dbwebb-kurser/mvc_new/me/report/tests/Controller/JsonApiControllerTest.php" line="98" assertions="7" time="0.017010"/>
        <testcase name="testGetAllBooks" class="App\Tests\Controller\JsonApiControllerTest" classname="App.Tests.Controller.JsonApiControllerTest" file="/home/dbwebb-kurser/mvc_new/me/report/tests/Controller/JsonApiControllerTest.php" line="115" assertions="4" time="0.063696"/>
        <testcase name="testGetBookByIsbn" class="App\Tests\Controller\JsonApiControllerTest" classname="App.Tests.Controller.JsonApiControllerTest" file="/home/dbwebb-kurser/mvc_new/me/report/tests/Controller/JsonApiControllerTest.php" line="128" assertions="7" time="0.011500"/>
        <testcase name="testGetNonExistentBookByIsbn" class="App\Tests\Controller\JsonApiControllerTest" classname="App.Tests.Controller.JsonApiControllerTest" file="/home/dbwebb-kurser/mvc_new/me/report/tests/Controller/JsonApiControllerTest.php" line="145" assertions="4" time="0.008905"/>
      </testsuite>
      <testsuite name="App\Tests\Controller\LibraryControllerTest" file="/home/dbwebb-kurser/mvc_new/me/report/tests/Controller/LibraryControllerTest.php" tests="7" assertions="35" errors="0" warnings="0" failures="0" skipped="0" time="0.483245">
        <testcase name="testIndex" class="App\Tests\Controller\LibraryControllerTest" classname="App.Tests.Controller.LibraryControllerTest" file="/home/dbwebb-kurser/mvc_new/me/report/tests/Controller/LibraryControllerTest.php" line="14" assertions="3" time="0.027315"/>
        <testcase name="testAdd" class="App\Tests\Controller\LibraryControllerTest" classname="App.Tests.Controller.LibraryControllerTest" file="/home/dbwebb-kurser/mvc_new/me/report/tests/Controller/LibraryControllerTest.php" line="25" assertions="3" time="0.052126"/>
        <testcase name="testResetLibrary" class="App\Tests\Controller\LibraryControllerTest" classname="App.Tests.Controller.LibraryControllerTest" file="/home/dbwebb-kurser/mvc_new/me/report/tests/Controller/LibraryControllerTest.php" line="33" assertions="7" time="0.068987"/>
        <testcase name="testEditBook" class="App\Tests\Controller\LibraryControllerTest" classname="App.Tests.Controller.LibraryControllerTest" file="/home/dbwebb-kurser/mvc_new/me/report/tests/Controller/LibraryControllerTest.php" line="47" assertions="4" time="0.168503"/>
        <testcase name="testDeleteBook" class="App\Tests\Controller\LibraryControllerTest" classname="App.Tests.Controller.LibraryControllerTest" file="/home/dbwebb-kurser/mvc_new/me/report/tests/Controller/LibraryControllerTest.php" line="68" assertions="4" time="0.128064"/>
        <testcase name="testInitializeDefaultBooks" class="App\Tests\Controller\LibraryControllerTest" classname="App.Tests.Controller.LibraryControllerTest" file="/home/dbwebb-kurser/mvc_new/me/report/tests/Controller/LibraryControllerTest.php" line="97" assertions="5" time="0.018725"/>
        <testcase name="testGetAllBooks" class="App\Tests\Controller\LibraryControllerTest" classname="App.Tests.Controller.LibraryControllerTest" file="/home/dbwebb-kurser/mvc_new/me/report/tests/Controller/LibraryControllerTest.php" line="107" assertions="9" time="0.019525"/>
      </testsuite>
      <testsuite name="App\Tests\Controller\LuckyControllerTest" file="/home/dbwebb-kurser/mvc_new/me/report/tests/Controller/LuckyControllerTest.php" tests="1" assertions="3" errors="0" warnings="0" failures="0" skipped="0" time="0.015131">
        <testcase name="testNumber" class="App\Tests\Controller\LuckyControllerTest" classname="App.Tests.Controller.LuckyControllerTest" file="/home/dbwebb-kurser/mvc_new/me/report/tests/Controller/LuckyControllerTest.php" line="9" assertions="3" time="0.015131"/>
      </testsuite>
      <testsuite name="App\Tests\Controller\MetricsControllerTest" file="/home/dbwebb-kurser/mvc_new/me/report/tests/Controller/MetricsControllerTest.php" tests="1" assertions="3" errors="0" warnings="0" failures="0" skipped="0" time="0.019438">
        <testcase name="testIndex" class="App\Tests\Controller\MetricsControllerTest" classname="App.Tests.Controller.MetricsControllerTest" file="/home/dbwebb-kurser/mvc_new/me/report/tests/Controller/MetricsControllerTest.php" line="9" assertions="3" time="0.019438"/>
      </testsuite>
      <testsuite name="App\Tests\Controller\ReportControllerTest" file="/home/dbwebb-kurser/mvc_new/me/report/tests/Controller/ReportControllerTest.php" tests="1" assertions="3" errors="0" warnings="0" failures="0" skipped="0" time="0.024232">
        <testcase name="testIndex" class="App\Tests\Controller\ReportControllerTest" classname="App.Tests.Controller.ReportControllerTest" file="/home/dbwebb-kurser/mvc_new/me/report/tests/Controller/ReportControllerTest.php" line="9" assertions="3" time="0.024232"/>
      </testsuite>
      <testsuite name="App\Tests\Entity\BankTest" file="/home/dbwebb-kurser/mvc_new/me/report/tests/Entity/BankTest.php" tests="1" assertions="2" errors="0" warnings="0" failures="0" skipped="0" time="0.002979">
        <testcase name="testBankPlay" class="App\Tests\Entity\BankTest" classname="App.Tests.Entity.BankTest" file="/home/dbwebb-kurser/mvc_new/me/report/tests/Entity/BankTest.php" line="12" assertions="2" time="0.002979"/>
      </testsuite>
      <testsuite name="App\Tests\Entity\CardHandTest" file="/home/dbwebb-kurser/mvc_new/me/report/tests/Entity/CardHandTest.php" tests="5" assertions="9" errors="0" warnings="0" failures="0" skipped="0" time="0.002893">
        <testcase name="testAddCard" class="App\Tests\Entity\CardHandTest" classname="App.Tests.Entity.CardHandTest" file="/home/dbwebb-kurser/mvc_new/me/report/tests/Entity/CardHandTest.php" line="12" assertions="1" time="0.000320"/>
        <testcase name="testGetCards" class="App\Tests\Entity\CardHandTest" classname="App.Tests.Entity.CardHandTest" file="/home/dbwebb-kurser/mvc_new/me/report/tests/Entity/CardHandTest.php" line="20" assertions="4" time="0.001376"/>
        <testcase name="testGetValue" class="App\Tests\Entity\CardHandTest" classname="App.Tests.Entity.CardHandTest" file="/home/dbwebb-kurser/mvc_new/me/report/tests/Entity/CardHandTest.php" line="36" assertions="2" time="0.000487"/>
        <testcase name="testToString" class="App\Tests\Entity\CardHandTest" classname="App.Tests.Entity.CardHandTest" file="/home/dbwebb-kurser/mvc_new/me/report/tests/Entity/CardHandTest.php" line="50" assertions="1" time="0.000356"/>
        <testcase name="testGetValueWithFaceCard" class="App\Tests\Entity\CardHandTest" classname="App.Tests.Entity.CardHandTest" file="/home/dbwebb-kurser/mvc_new/me/report/tests/Entity/CardHandTest.php" line="59" assertions="1" time="0.000354"/>
      </testsuite>
      <testsuite name="App\Tests\Entity\CardTest" file="/home/dbwebb-kurser/mvc_new/me/report/tests/Entity/CardTest.php" tests="8" assertions="15" errors="0" warnings="0" failures="0" skipped="0" time="0.002512">
        <testcase name="testCardCreation" class="App\Tests\Entity\CardTest" classname="App.Tests.Entity.CardTest" file="/home/dbwebb-kurser/mvc_new/me/report/tests/Entity/CardTest.php" line="11" assertions="3" time="0.000293"/>
        <testcase name="testGetSuit" class="App\Tests\Entity\CardTest" classname="App.Tests.Entity.CardTest" file="/home/dbwebb-kurser/mvc_new/me/report/tests/Entity/CardTest.php" line="20" assertions="1" time="0.000301"/>
        <testcase name="testGetValue" class="App\Tests\Entity\CardTest" classname="App.Tests.Entity.CardTest" file="/home/dbwebb-kurser/mvc_new/me/report/tests/Entity/CardTest.php" line="26" assertions="1" time="0.000296"/>
        <testcase name="testJsonSerialization" class="App\Tests\Entity\CardTest" classname="App.Tests.Entity.CardTest" file="/home/dbwebb-kurser/mvc_new/me/report/tests/Entity/CardTest.php" line="32" assertions="4" time="0.000311"/>
        <testcase name="testCardToString" class="App\Tests\Entity\CardTest" classname="App.Tests.Entity.CardTest" file="/home/dbwebb-kurser/mvc_new/me/report/tests/Entity/CardTest.php" line="43" assertions="1" time="0.000308"/>
        <testcase name="testGetSuitSymbol" class="App\Tests\Entity\CardTest" classname="App.Tests.Entity.CardTest" file="/home/dbwebb-kurser/mvc_new/me/report/tests/Entity/CardTest.php" line="49" assertions="1" time="0.000378"/>
        <testcase name="testCardToArray" class="App\Tests\Entity\CardTest" classname="App.Tests.Entity.CardTest" file="/home/dbwebb-kurser/mvc_new/me/report/tests/Entity/CardTest.php" line="60" assertions="1" time="0.000276"/>
        <testcase name="testFromArray" class="App\Tests\Entity\CardTest" classname="App.Tests.Entity.CardTest" file="/home/dbwebb-kurser/mvc_new/me/report/tests/Entity/CardTest.php" line="69" assertions="3" time="0.000350"/>
      </testsuite>
      <testsuite name="App\Tests\Entity\DeckOfCardsTest" file="/home/dbwebb-kurser/mvc_new/me/report/tests/Entity/DeckOfCardsTest.php" tests="10" assertions="16" errors="0" warnings="0" failures="0" skipped="0" time="0.013316">
        <testcase name="testDeckInitialization" class="App\Tests\Entity\DeckOfCardsTest" classname="App.Tests.Entity.DeckOfCardsTest" file="/home/dbwebb-kurser/mvc_new/me/report/tests/Entity/DeckOfCardsTest.php" line="13" assertions="1" time="0.000555"/>
        <testcase name="testShuffleDeck" class="App\Tests\Entity\DeckOfCardsTest" classname="App.Tests.Entity.DeckOfCardsTest" file="/home/dbwebb-kurser/mvc_new/me/report/tests/Entity/DeckOfCardsTest.php" line="21" assertions="1" time="0.006490"/>
        <testcase name="testDrawCard" class="App\Tests\Entity\DeckOfCardsTest" classname="App.Tests.Entity.DeckOfCardsTest" file="/home/dbwebb-kurser/mvc_new/me/report/tests/Entity/DeckOfCardsTest.php" line="31" assertions="2" time="0.000458"/>
        <testcase name="testDrawCardWhenDeckIsEmpty" class="App\Tests\Entity\DeckOfCardsTest" classname="App.Tests.Entity.DeckOfCardsTest" file="/home/dbwebb-kurser/mvc_new/me/report/tests/Entity/DeckOfCardsTest.php" line="40" assertions="1" time="0.000403"/>
        <testcase name="testResetDeck" class="App\Tests\Entity\DeckOfCardsTest" classname="App.Tests.Entity.DeckOfCardsTest" file="/home/dbwebb-kurser/mvc_new/me/report/tests/Entity/DeckOfCardsTest.php" line="49" assertions="1" time="0.000530"/>
        <testcase name="testGetCards" class="App\Tests\Entity\DeckOfCardsTest" classname="App.Tests.Entity.DeckOfCardsTest" file="/home/dbwebb-kurser/mvc_new/me/report/tests/Entity/DeckOfCardsTest.php" line="58" assertions="2" time="0.000400"/>
        <testcase name="testGetSortedCards" class="App\Tests\Entity\DeckOfCardsTest" classname="App.Tests.Entity.DeckOfCardsTest" file="/home/dbwebb-kurser/mvc_new/me/report/tests/Entity/DeckOfCardsTest.php" line="67" assertions="2" time="0.002925"/>
        <testcase name="testSetCards" class="App\Tests\Entity\DeckOfCardsTest" classname="App.Tests.Entity.DeckOfCardsTest" file="/home/dbwebb-kurser/mvc_new/me/report/tests/Entity/DeckOfCardsTest.php" line="76" assertions="2" time="0.000509"/>
        <testcase name="testToString" class="App\Tests\Entity\DeckOfCardsTest" classname="App.Tests.Entity.DeckOfCardsTest" file="/home/dbwebb-kurser/mvc_new/me/report/tests/Entity/DeckOfCardsTest.php" line="86" assertions="1" time="0.000457"/>
        <testcase name="testDetailedString" class="App\Tests\Entity\DeckOfCardsTest" classname="App.Tests.Entity.DeckOfCardsTest" file="/home/dbwebb-kurser/mvc_new/me/report/tests/Entity/DeckOfCardsTest.php" line="92" assertions="3" time="0.000589"/>
      </testsuite>
      <testsuite name="App\Tests\Entity\GameTest" file="/home/dbwebb-kurser/mvc_new/me/report/tests/Entity/GameTest.php" tests="11" assertions="17" errors="0" warnings="0" failures="0" skipped="0" time="0.006948">
        <testcase name="testGetPlayer" class="App\Tests\Entity\GameTest" classname="App.Tests.Entity.GameTest" file="/home/dbwebb-kurser/mvc_new/me/report/tests/Entity/GameTest.php" line="29" assertions="1" time="0.000556"/>
        <testcase name="testGetBank" class="App\Tests\Entity\GameTest" classname="App.Tests.Entity.GameTest" file="/home/dbwebb-kurser/mvc_new/me/report/tests/Entity/GameTest.php" line="35" assertions="1" time="0.000468"/>
        <testcase name="testGetDeck" class="App\Tests\Entity\GameTest" classname="App.Tests.Entity.GameTest" file="/home/dbwebb-kurser/mvc_new/me/report/tests/Entity/GameTest.php" line="41" assertions="2" time="0.000412"/>
        <testcase name="testPlayerDrawCard" class="App\Tests\Entity\GameTest" classname="App.Tests.Entity.GameTest" file="/home/dbwebb-kurser/mvc_new/me/report/tests/Entity/GameTest.php" line="48" assertions="1" time="0.000443"/>
        <testcase name="testBankPlay" class="App\Tests\Entity\GameTest" classname="App.Tests.Entity.GameTest" file="/home/dbwebb-kurser/mvc_new/me/report/tests/Entity/GameTest.php" line="54" assertions="2" time="0.000643"/>
        <testcase name="testWinnerByHigherValue" class="App\Tests\Entity\GameTest" classname="App.Tests.Entity.GameTest" file="/home/dbwebb-kurser/mvc_new/me/report/tests/Entity/GameTest.php" line="60" assertions="2" time="0.000575"/>
        <testcase name="testBankWinsPlayerBusts" class="App\Tests\Entity\GameTest" classname="App.Tests.Entity.GameTest" file="/home/dbwebb-kurser/mvc_new/me/report/tests/Entity/GameTest.php" line="88" assertions="1" time="0.000523"/>
        <testcase name="testPlayerWinsBankBusts" class="App\Tests\Entity\GameTest" classname="App.Tests.Entity.GameTest" file="/home/dbwebb-kurser/mvc_new/me/report/tests/Entity/GameTest.php" line="103" assertions="1" time="0.000607"/>
        <testcase name="testToArray" class="App\Tests\Entity\GameTest" classname="App.Tests.Entity.GameTest" file="/home/dbwebb-kurser/mvc_new/me/report/tests/Entity/GameTest.php" line="118" assertions="4" time="0.000714"/>
        <testcase name="testFromArray" class="App\Tests\Entity\GameTest" classname="App.Tests.Entity.GameTest" file="/home/dbwebb-kurser/mvc_new/me/report/tests/Entity/GameTest.php" line="127" assertions="1" time="0.001278"/>
        <testcase name="testFromArrayAddCardLine" class="App\Tests\Entity\GameTest" classname="App.Tests.Entity.GameTest" file="/home/dbwebb-kurser/mvc_new/me/report/tests/Entity/GameTest.php" line="141" assertions="1" time="0.000730"/>
      </testsuite>
      <testsuite name="App\Tests\Entity\PlayerTest" file="/home/dbwebb-kurser/mvc_new/me/report/tests/Entity/PlayerTest.php" tests="1" assertions="3" errors="0" warnings="0" failures="0" skipped="0" time="0.000337">
        <testcase name="testPlayerHand" class="App\Tests\Entity\PlayerTest" classname="App.Tests.Entity.PlayerTest" file="/home/dbwebb-kurser/mvc_new/me/report/tests/Entity/PlayerTest.php" line="11" assertions="3" time="0.000337"/>
      </testsuite>
    </testsuite>
  </testsuite>
</testsuites>
