<?xml version="1.0" encoding="UTF-8"?>
<testsuites>
  <testsuite name="" tests="120" assertions="301" errors="0" warnings="0" failures="0" skipped="0" time="2.158186">
    <testsuite name="Project Test Suite" tests="120" assertions="301" errors="0" warnings="0" failures="0" skipped="0" time="2.158186">
      <testsuite name="App\Tests\Controller\AboutControllerTest" file="/home/dbwebb-kurser/mvc_new/me/report/tests/Controller/AboutControllerTest.php" tests="1" assertions="3" errors="0" warnings="0" failures="0" skipped="0" time="0.348677">
        <testcase name="testIndex" class="App\Tests\Controller\AboutControllerTest" classname="App.Tests.Controller.AboutControllerTest" file="/home/dbwebb-kurser/mvc_new/me/report/tests/Controller/AboutControllerTest.php" line="9" assertions="3" time="0.348677"/>
      </testsuite>
      <testsuite name="App\Tests\Controller\ApiControllerTest" file="/home/dbwebb-kurser/mvc_new/me/report/tests/Controller/ApiControllerTest.php" tests="2" assertions="4" errors="0" warnings="0" failures="0" skipped="0" time="0.031730">
        <testcase name="testIndex" class="App\Tests\Controller\ApiControllerTest" classname="App.Tests.Controller.ApiControllerTest" file="/home/dbwebb-kurser/mvc_new/me/report/tests/Controller/ApiControllerTest.php" line="9" assertions="3" time="0.014402"/>
        <testcase name="testApiQuote" class="App\Tests\Controller\ApiControllerTest" classname="App.Tests.Controller.ApiControllerTest" file="/home/dbwebb-kurser/mvc_new/me/report/tests/Controller/ApiControllerTest.php" line="19" assertions="1" time="0.017328"/>
      </testsuite>
      <testsuite name="App\Tests\Controller\CardControllerTest" file="/home/dbwebb-kurser/mvc_new/me/report/tests/Controller/CardControllerTest.php" tests="9" assertions="27" errors="0" warnings="0" failures="0" skipped="0" time="0.194892">
        <testcase name="testIndex" class="App\Tests\Controller\CardControllerTest" classname="App.Tests.Controller.CardControllerTest" file="/home/dbwebb-kurser/mvc_new/me/report/tests/Controller/CardControllerTest.php" line="9" assertions="3" time="0.013140"/>
        <testcase name="testDeck" class="App\Tests\Controller\CardControllerTest" classname="App.Tests.Controller.CardControllerTest" file="/home/dbwebb-kurser/mvc_new/me/report/tests/Controller/CardControllerTest.php" line="19" assertions="3" time="0.031835"/>
        <testcase name="testShuffle" class="App\Tests\Controller\CardControllerTest" classname="App.Tests.Controller.CardControllerTest" file="/home/dbwebb-kurser/mvc_new/me/report/tests/Controller/CardControllerTest.php" line="29" assertions="3" time="0.019780"/>
        <testcase name="testDrawCard" class="App\Tests\Controller\CardControllerTest" classname="App.Tests.Controller.CardControllerTest" file="/home/dbwebb-kurser/mvc_new/me/report/tests/Controller/CardControllerTest.php" line="38" assertions="3" time="0.016894"/>
        <testcase name="testDrawAllCards" class="App\Tests\Controller\CardControllerTest" classname="App.Tests.Controller.CardControllerTest" file="/home/dbwebb-kurser/mvc_new/me/report/tests/Controller/CardControllerTest.php" line="48" assertions="3" time="0.039448"/>
        <testcase name="testDrawMoreThanAvailableCards" class="App\Tests\Controller\CardControllerTest" classname="App.Tests.Controller.CardControllerTest" file="/home/dbwebb-kurser/mvc_new/me/report/tests/Controller/CardControllerTest.php" line="62" assertions="3" time="0.036274"/>
        <testcase name="testDrawMultipleCards" class="App\Tests\Controller\CardControllerTest" classname="App.Tests.Controller.CardControllerTest" file="/home/dbwebb-kurser/mvc_new/me/report/tests/Controller/CardControllerTest.php" line="76" assertions="4" time="0.014834"/>
        <testcase name="testSessionData" class="App\Tests\Controller\CardControllerTest" classname="App.Tests.Controller.CardControllerTest" file="/home/dbwebb-kurser/mvc_new/me/report/tests/Controller/CardControllerTest.php" line="87" assertions="3" time="0.013063"/>
        <testcase name="testDeleteSession" class="App\Tests\Controller\CardControllerTest" classname="App.Tests.Controller.CardControllerTest" file="/home/dbwebb-kurser/mvc_new/me/report/tests/Controller/CardControllerTest.php" line="97" assertions="2" time="0.009625"/>
      </testsuite>
      <testsuite name="App\Tests\Controller\GameControllerTest" file="/home/dbwebb-kurser/mvc_new/me/report/tests/Controller/GameControllerTest.php" tests="12" assertions="29" errors="0" warnings="0" failures="0" skipped="0" time="0.434384">
        <testcase name="testIndex" class="App\Tests\Controller\GameControllerTest" classname="App.Tests.Controller.GameControllerTest" file="/home/dbwebb-kurser/mvc_new/me/report/tests/Controller/GameControllerTest.php" line="13" assertions="3" time="0.013350"/>
        <testcase name="testDoc" class="App\Tests\Controller\GameControllerTest" classname="App.Tests.Controller.GameControllerTest" file="/home/dbwebb-kurser/mvc_new/me/report/tests/Controller/GameControllerTest.php" line="23" assertions="3" time="0.012795"/>
        <testcase name="testDrawRedirectsToResultIfPlayerExceeds21" class="App\Tests\Controller\GameControllerTest" classname="App.Tests.Controller.GameControllerTest" file="/home/dbwebb-kurser/mvc_new/me/report/tests/Controller/GameControllerTest.php" line="33" assertions="1" time="0.234625"/>
        <testcase name="testPlayRedirectsToStartIfNoGameInSession" class="App\Tests\Controller\GameControllerTest" classname="App.Tests.Controller.GameControllerTest" file="/home/dbwebb-kurser/mvc_new/me/report/tests/Controller/GameControllerTest.php" line="51" assertions="2" time="0.008123"/>
        <testcase name="testDrawRedirectsToStartIfNoGameInSession" class="App\Tests\Controller\GameControllerTest" classname="App.Tests.Controller.GameControllerTest" file="/home/dbwebb-kurser/mvc_new/me/report/tests/Controller/GameControllerTest.php" line="60" assertions="2" time="0.007985"/>
        <testcase name="testStayRedirectsToStartIfNoGameInSession" class="App\Tests\Controller\GameControllerTest" classname="App.Tests.Controller.GameControllerTest" file="/home/dbwebb-kurser/mvc_new/me/report/tests/Controller/GameControllerTest.php" line="69" assertions="2" time="0.007018"/>
        <testcase name="testResultRedirectsToStartIfNoGameInSession" class="App\Tests\Controller\GameControllerTest" classname="App.Tests.Controller.GameControllerTest" file="/home/dbwebb-kurser/mvc_new/me/report/tests/Controller/GameControllerTest.php" line="78" assertions="2" time="0.007562"/>
        <testcase name="testStartGame" class="App\Tests\Controller\GameControllerTest" classname="App.Tests.Controller.GameControllerTest" file="/home/dbwebb-kurser/mvc_new/me/report/tests/Controller/GameControllerTest.php" line="87" assertions="2" time="0.007581"/>
        <testcase name="testPlayGame" class="App\Tests\Controller\GameControllerTest" classname="App.Tests.Controller.GameControllerTest" file="/home/dbwebb-kurser/mvc_new/me/report/tests/Controller/GameControllerTest.php" line="96" assertions="3" time="0.021189"/>
        <testcase name="testDrawCardInGame" class="App\Tests\Controller\GameControllerTest" classname="App.Tests.Controller.GameControllerTest" file="/home/dbwebb-kurser/mvc_new/me/report/tests/Controller/GameControllerTest.php" line="110" assertions="3" time="0.033854"/>
        <testcase name="testStayInGame" class="App\Tests\Controller\GameControllerTest" classname="App.Tests.Controller.GameControllerTest" file="/home/dbwebb-kurser/mvc_new/me/report/tests/Controller/GameControllerTest.php" line="120" assertions="3" time="0.028538"/>
        <testcase name="testGameResult" class="App\Tests\Controller\GameControllerTest" classname="App.Tests.Controller.GameControllerTest" file="/home/dbwebb-kurser/mvc_new/me/report/tests/Controller/GameControllerTest.php" line="133" assertions="3" time="0.051765"/>
      </testsuite>
      <testsuite name="App\Tests\Controller\HomeControllerTest" file="/home/dbwebb-kurser/mvc_new/me/report/tests/Controller/HomeControllerTest.php" tests="1" assertions="3" errors="0" warnings="0" failures="0" skipped="0" time="0.013474">
        <testcase name="testIndex" class="App\Tests\Controller\HomeControllerTest" classname="App.Tests.Controller.HomeControllerTest" file="/home/dbwebb-kurser/mvc_new/me/report/tests/Controller/HomeControllerTest.php" line="9" assertions="3" time="0.013474"/>
      </testsuite>
      <testsuite name="App\Tests\Controller\JsonApiControllerTest" file="/home/dbwebb-kurser/mvc_new/me/report/tests/Controller/JsonApiControllerTest.php" tests="10" assertions="52" errors="0" warnings="0" failures="0" skipped="0" time="0.519120">
        <testcase name="testDeck" class="App\Tests\Controller\JsonApiControllerTest" classname="App.Tests.Controller.JsonApiControllerTest" file="/home/dbwebb-kurser/mvc_new/me/report/tests/Controller/JsonApiControllerTest.php" line="10" assertions="4" time="0.010305"/>
        <testcase name="testShuffle" class="App\Tests\Controller\JsonApiControllerTest" classname="App.Tests.Controller.JsonApiControllerTest" file="/home/dbwebb-kurser/mvc_new/me/report/tests/Controller/JsonApiControllerTest.php" line="24" assertions="4" time="0.007701"/>
        <testcase name="testDraw" class="App\Tests\Controller\JsonApiControllerTest" classname="App.Tests.Controller.JsonApiControllerTest" file="/home/dbwebb-kurser/mvc_new/me/report/tests/Controller/JsonApiControllerTest.php" line="38" assertions="5" time="0.007522"/>
        <testcase name="testDrawMultiple" class="App\Tests\Controller\JsonApiControllerTest" classname="App.Tests.Controller.JsonApiControllerTest" file="/home/dbwebb-kurser/mvc_new/me/report/tests/Controller/JsonApiControllerTest.php" line="53" assertions="6" time="0.008513"/>
        <testcase name="testDrawCardsEmptyDeck" class="App\Tests\Controller\JsonApiControllerTest" classname="App.Tests.Controller.JsonApiControllerTest" file="/home/dbwebb-kurser/mvc_new/me/report/tests/Controller/JsonApiControllerTest.php" line="69" assertions="7" time="0.370624"/>
        <testcase name="testGameState" class="App\Tests\Controller\JsonApiControllerTest" classname="App.Tests.Controller.JsonApiControllerTest" file="/home/dbwebb-kurser/mvc_new/me/report/tests/Controller/JsonApiControllerTest.php" line="90" assertions="4" time="0.007430"/>
        <testcase name="testGameStateExists" class="App\Tests\Controller\JsonApiControllerTest" classname="App.Tests.Controller.JsonApiControllerTest" file="/home/dbwebb-kurser/mvc_new/me/report/tests/Controller/JsonApiControllerTest.php" line="104" assertions="7" time="0.015112"/>
        <testcase name="testGetAllBooks" class="App\Tests\Controller\JsonApiControllerTest" classname="App.Tests.Controller.JsonApiControllerTest" file="/home/dbwebb-kurser/mvc_new/me/report/tests/Controller/JsonApiControllerTest.php" line="122" assertions="4" time="0.073180"/>
        <testcase name="testGetBookByIsbn" class="App\Tests\Controller\JsonApiControllerTest" classname="App.Tests.Controller.JsonApiControllerTest" file="/home/dbwebb-kurser/mvc_new/me/report/tests/Controller/JsonApiControllerTest.php" line="136" assertions="7" time="0.010252"/>
        <testcase name="testGetNonExistentBookByIsbn" class="App\Tests\Controller\JsonApiControllerTest" classname="App.Tests.Controller.JsonApiControllerTest" file="/home/dbwebb-kurser/mvc_new/me/report/tests/Controller/JsonApiControllerTest.php" line="154" assertions="4" time="0.008481"/>
      </testsuite>
      <testsuite name="App\Tests\Controller\LibraryControllerTest" file="/home/dbwebb-kurser/mvc_new/me/report/tests/Controller/LibraryControllerTest.php" tests="7" assertions="35" errors="0" warnings="0" failures="0" skipped="0" time="0.514247">
        <testcase name="testIndex" class="App\Tests\Controller\LibraryControllerTest" classname="App.Tests.Controller.LibraryControllerTest" file="/home/dbwebb-kurser/mvc_new/me/report/tests/Controller/LibraryControllerTest.php" line="14" assertions="3" time="0.029356"/>
        <testcase name="testAdd" class="App\Tests\Controller\LibraryControllerTest" classname="App.Tests.Controller.LibraryControllerTest" file="/home/dbwebb-kurser/mvc_new/me/report/tests/Controller/LibraryControllerTest.php" line="26" assertions="3" time="0.061708"/>
        <testcase name="testResetLibrary" class="App\Tests\Controller\LibraryControllerTest" classname="App.Tests.Controller.LibraryControllerTest" file="/home/dbwebb-kurser/mvc_new/me/report/tests/Controller/LibraryControllerTest.php" line="35" assertions="7" time="0.071105"/>
        <testcase name="testEditBook" class="App\Tests\Controller\LibraryControllerTest" classname="App.Tests.Controller.LibraryControllerTest" file="/home/dbwebb-kurser/mvc_new/me/report/tests/Controller/LibraryControllerTest.php" line="49" assertions="4" time="0.180726"/>
        <testcase name="testDeleteBook" class="App\Tests\Controller\LibraryControllerTest" classname="App.Tests.Controller.LibraryControllerTest" file="/home/dbwebb-kurser/mvc_new/me/report/tests/Controller/LibraryControllerTest.php" line="70" assertions="4" time="0.138063"/>
        <testcase name="testInitializeDefaultBooks" class="App\Tests\Controller\LibraryControllerTest" classname="App.Tests.Controller.LibraryControllerTest" file="/home/dbwebb-kurser/mvc_new/me/report/tests/Controller/LibraryControllerTest.php" line="99" assertions="5" time="0.016277"/>
        <testcase name="testGetAllBooks" class="App\Tests\Controller\LibraryControllerTest" classname="App.Tests.Controller.LibraryControllerTest" file="/home/dbwebb-kurser/mvc_new/me/report/tests/Controller/LibraryControllerTest.php" line="110" assertions="9" time="0.017011"/>
      </testsuite>
      <testsuite name="App\Tests\Controller\LuckyControllerTest" file="/home/dbwebb-kurser/mvc_new/me/report/tests/Controller/LuckyControllerTest.php" tests="1" assertions="3" errors="0" warnings="0" failures="0" skipped="0" time="0.014130">
        <testcase name="testNumber" class="App\Tests\Controller\LuckyControllerTest" classname="App.Tests.Controller.LuckyControllerTest" file="/home/dbwebb-kurser/mvc_new/me/report/tests/Controller/LuckyControllerTest.php" line="9" assertions="3" time="0.014130"/>
      </testsuite>
      <testsuite name="App\Tests\Controller\MetricsControllerTest" file="/home/dbwebb-kurser/mvc_new/me/report/tests/Controller/MetricsControllerTest.php" tests="1" assertions="3" errors="0" warnings="0" failures="0" skipped="0" time="0.015279">
        <testcase name="testIndex" class="App\Tests\Controller\MetricsControllerTest" classname="App.Tests.Controller.MetricsControllerTest" file="/home/dbwebb-kurser/mvc_new/me/report/tests/Controller/MetricsControllerTest.php" line="9" assertions="3" time="0.015279"/>
      </testsuite>
      <testsuite name="App\Tests\Controller\ReportControllerTest" file="/home/dbwebb-kurser/mvc_new/me/report/tests/Controller/ReportControllerTest.php" tests="1" assertions="3" errors="0" warnings="0" failures="0" skipped="0" time="0.017254">
        <testcase name="testIndex" class="App\Tests\Controller\ReportControllerTest" classname="App.Tests.Controller.ReportControllerTest" file="/home/dbwebb-kurser/mvc_new/me/report/tests/Controller/ReportControllerTest.php" line="9" assertions="3" time="0.017254"/>
      </testsuite>
      <testsuite name="App\Tests\Entity\BankTest" file="/home/dbwebb-kurser/mvc_new/me/report/tests/Entity/BankTest.php" tests="1" assertions="2" errors="0" warnings="0" failures="0" skipped="0" time="0.002807">
        <testcase name="testBankPlay" class="App\Tests\Entity\BankTest" classname="App.Tests.Entity.BankTest" file="/home/dbwebb-kurser/mvc_new/me/report/tests/Entity/BankTest.php" line="12" assertions="2" time="0.002807"/>
      </testsuite>
      <testsuite name="App\Tests\Entity\CardHandTest" file="/home/dbwebb-kurser/mvc_new/me/report/tests/Entity/CardHandTest.php" tests="5" assertions="9" errors="0" warnings="0" failures="0" skipped="0" time="0.002313">
        <testcase name="testAddCard" class="App\Tests\Entity\CardHandTest" classname="App.Tests.Entity.CardHandTest" file="/home/dbwebb-kurser/mvc_new/me/report/tests/Entity/CardHandTest.php" line="12" assertions="1" time="0.000288"/>
        <testcase name="testGetCards" class="App\Tests\Entity\CardHandTest" classname="App.Tests.Entity.CardHandTest" file="/home/dbwebb-kurser/mvc_new/me/report/tests/Entity/CardHandTest.php" line="20" assertions="4" time="0.001052"/>
        <testcase name="testGetValue" class="App\Tests\Entity\CardHandTest" classname="App.Tests.Entity.CardHandTest" file="/home/dbwebb-kurser/mvc_new/me/report/tests/Entity/CardHandTest.php" line="36" assertions="2" time="0.000339"/>
        <testcase name="testToString" class="App\Tests\Entity\CardHandTest" classname="App.Tests.Entity.CardHandTest" file="/home/dbwebb-kurser/mvc_new/me/report/tests/Entity/CardHandTest.php" line="50" assertions="1" time="0.000289"/>
        <testcase name="testGetValueWithFaceCard" class="App\Tests\Entity\CardHandTest" classname="App.Tests.Entity.CardHandTest" file="/home/dbwebb-kurser/mvc_new/me/report/tests/Entity/CardHandTest.php" line="59" assertions="1" time="0.000344"/>
      </testsuite>
      <testsuite name="App\Tests\Entity\CardTest" file="/home/dbwebb-kurser/mvc_new/me/report/tests/Entity/CardTest.php" tests="8" assertions="15" errors="0" warnings="0" failures="0" skipped="0" time="0.002280">
        <testcase name="testCardCreation" class="App\Tests\Entity\CardTest" classname="App.Tests.Entity.CardTest" file="/home/dbwebb-kurser/mvc_new/me/report/tests/Entity/CardTest.php" line="11" assertions="3" time="0.000289"/>
        <testcase name="testGetSuit" class="App\Tests\Entity\CardTest" classname="App.Tests.Entity.CardTest" file="/home/dbwebb-kurser/mvc_new/me/report/tests/Entity/CardTest.php" line="20" assertions="1" time="0.000255"/>
        <testcase name="testGetValue" class="App\Tests\Entity\CardTest" classname="App.Tests.Entity.CardTest" file="/home/dbwebb-kurser/mvc_new/me/report/tests/Entity/CardTest.php" line="26" assertions="1" time="0.000304"/>
        <testcase name="testJsonSerialization" class="App\Tests\Entity\CardTest" classname="App.Tests.Entity.CardTest" file="/home/dbwebb-kurser/mvc_new/me/report/tests/Entity/CardTest.php" line="32" assertions="4" time="0.000324"/>
        <testcase name="testCardToString" class="App\Tests\Entity\CardTest" classname="App.Tests.Entity.CardTest" file="/home/dbwebb-kurser/mvc_new/me/report/tests/Entity/CardTest.php" line="43" assertions="1" time="0.000283"/>
        <testcase name="testGetSuitSymbol" class="App\Tests\Entity\CardTest" classname="App.Tests.Entity.CardTest" file="/home/dbwebb-kurser/mvc_new/me/report/tests/Entity/CardTest.php" line="49" assertions="1" time="0.000281"/>
        <testcase name="testCardToArray" class="App\Tests\Entity\CardTest" classname="App.Tests.Entity.CardTest" file="/home/dbwebb-kurser/mvc_new/me/report/tests/Entity/CardTest.php" line="60" assertions="1" time="0.000255"/>
        <testcase name="testFromArray" class="App\Tests\Entity\CardTest" classname="App.Tests.Entity.CardTest" file="/home/dbwebb-kurser/mvc_new/me/report/tests/Entity/CardTest.php" line="69" assertions="3" time="0.000290"/>
      </testsuite>
      <testsuite name="App\Tests\Entity\DeckOfCardsTest" file="/home/dbwebb-kurser/mvc_new/me/report/tests/Entity/DeckOfCardsTest.php" tests="10" assertions="16" errors="0" warnings="0" failures="0" skipped="0" time="0.011679">
        <testcase name="testDeckInitialization" class="App\Tests\Entity\DeckOfCardsTest" classname="App.Tests.Entity.DeckOfCardsTest" file="/home/dbwebb-kurser/mvc_new/me/report/tests/Entity/DeckOfCardsTest.php" line="13" assertions="1" time="0.000417"/>
        <testcase name="testShuffleDeck" class="App\Tests\Entity\DeckOfCardsTest" classname="App.Tests.Entity.DeckOfCardsTest" file="/home/dbwebb-kurser/mvc_new/me/report/tests/Entity/DeckOfCardsTest.php" line="21" assertions="1" time="0.005907"/>
        <testcase name="testDrawCard" class="App\Tests\Entity\DeckOfCardsTest" classname="App.Tests.Entity.DeckOfCardsTest" file="/home/dbwebb-kurser/mvc_new/me/report/tests/Entity/DeckOfCardsTest.php" line="31" assertions="2" time="0.000507"/>
        <testcase name="testDrawCardWhenDeckIsEmpty" class="App\Tests\Entity\DeckOfCardsTest" classname="App.Tests.Entity.DeckOfCardsTest" file="/home/dbwebb-kurser/mvc_new/me/report/tests/Entity/DeckOfCardsTest.php" line="40" assertions="1" time="0.000436"/>
        <testcase name="testResetDeck" class="App\Tests\Entity\DeckOfCardsTest" classname="App.Tests.Entity.DeckOfCardsTest" file="/home/dbwebb-kurser/mvc_new/me/report/tests/Entity/DeckOfCardsTest.php" line="49" assertions="1" time="0.000551"/>
        <testcase name="testGetCards" class="App\Tests\Entity\DeckOfCardsTest" classname="App.Tests.Entity.DeckOfCardsTest" file="/home/dbwebb-kurser/mvc_new/me/report/tests/Entity/DeckOfCardsTest.php" line="58" assertions="2" time="0.000489"/>
        <testcase name="testGetSortedCards" class="App\Tests\Entity\DeckOfCardsTest" classname="App.Tests.Entity.DeckOfCardsTest" file="/home/dbwebb-kurser/mvc_new/me/report/tests/Entity/DeckOfCardsTest.php" line="67" assertions="2" time="0.002095"/>
        <testcase name="testSetCards" class="App\Tests\Entity\DeckOfCardsTest" classname="App.Tests.Entity.DeckOfCardsTest" file="/home/dbwebb-kurser/mvc_new/me/report/tests/Entity/DeckOfCardsTest.php" line="76" assertions="2" time="0.000369"/>
        <testcase name="testToString" class="App\Tests\Entity\DeckOfCardsTest" classname="App.Tests.Entity.DeckOfCardsTest" file="/home/dbwebb-kurser/mvc_new/me/report/tests/Entity/DeckOfCardsTest.php" line="86" assertions="1" time="0.000365"/>
        <testcase name="testDetailedString" class="App\Tests\Entity\DeckOfCardsTest" classname="App.Tests.Entity.DeckOfCardsTest" file="/home/dbwebb-kurser/mvc_new/me/report/tests/Entity/DeckOfCardsTest.php" line="92" assertions="3" time="0.000543"/>
      </testsuite>
      <testsuite name="App\Tests\Entity\GameTest" file="/home/dbwebb-kurser/mvc_new/me/report/tests/Entity/GameTest.php" tests="11" assertions="17" errors="0" warnings="0" failures="0" skipped="0" time="0.006457">
        <testcase name="testGetPlayer" class="App\Tests\Entity\GameTest" classname="App.Tests.Entity.GameTest" file="/home/dbwebb-kurser/mvc_new/me/report/tests/Entity/GameTest.php" line="29" assertions="1" time="0.000419"/>
        <testcase name="testGetBank" class="App\Tests\Entity\GameTest" classname="App.Tests.Entity.GameTest" file="/home/dbwebb-kurser/mvc_new/me/report/tests/Entity/GameTest.php" line="35" assertions="1" time="0.000402"/>
        <testcase name="testGetDeck" class="App\Tests\Entity\GameTest" classname="App.Tests.Entity.GameTest" file="/home/dbwebb-kurser/mvc_new/me/report/tests/Entity/GameTest.php" line="41" assertions="2" time="0.000661"/>
        <testcase name="testPlayerDrawCard" class="App\Tests\Entity\GameTest" classname="App.Tests.Entity.GameTest" file="/home/dbwebb-kurser/mvc_new/me/report/tests/Entity/GameTest.php" line="48" assertions="1" time="0.000451"/>
        <testcase name="testBankPlay" class="App\Tests\Entity\GameTest" classname="App.Tests.Entity.GameTest" file="/home/dbwebb-kurser/mvc_new/me/report/tests/Entity/GameTest.php" line="54" assertions="2" time="0.000688"/>
        <testcase name="testWinnerByHigherValue" class="App\Tests\Entity\GameTest" classname="App.Tests.Entity.GameTest" file="/home/dbwebb-kurser/mvc_new/me/report/tests/Entity/GameTest.php" line="60" assertions="2" time="0.000505"/>
        <testcase name="testBankWinsPlayerBusts" class="App\Tests\Entity\GameTest" classname="App.Tests.Entity.GameTest" file="/home/dbwebb-kurser/mvc_new/me/report/tests/Entity/GameTest.php" line="88" assertions="1" time="0.000433"/>
        <testcase name="testPlayerWinsBankBusts" class="App\Tests\Entity\GameTest" classname="App.Tests.Entity.GameTest" file="/home/dbwebb-kurser/mvc_new/me/report/tests/Entity/GameTest.php" line="103" assertions="1" time="0.000502"/>
        <testcase name="testToArray" class="App\Tests\Entity\GameTest" classname="App.Tests.Entity.GameTest" file="/home/dbwebb-kurser/mvc_new/me/report/tests/Entity/GameTest.php" line="118" assertions="4" time="0.000490"/>
        <testcase name="testFromArray" class="App\Tests\Entity\GameTest" classname="App.Tests.Entity.GameTest" file="/home/dbwebb-kurser/mvc_new/me/report/tests/Entity/GameTest.php" line="127" assertions="1" time="0.001290"/>
        <testcase name="testFromArrayAddCardLine" class="App\Tests\Entity\GameTest" classname="App.Tests.Entity.GameTest" file="/home/dbwebb-kurser/mvc_new/me/report/tests/Entity/GameTest.php" line="141" assertions="1" time="0.000615"/>
      </testsuite>
      <testsuite name="App\Tests\Entity\PlayerTest" file="/home/dbwebb-kurser/mvc_new/me/report/tests/Entity/PlayerTest.php" tests="1" assertions="3" errors="0" warnings="0" failures="0" skipped="0" time="0.000402">
        <testcase name="testPlayerHand" class="App\Tests\Entity\PlayerTest" classname="App.Tests.Entity.PlayerTest" file="/home/dbwebb-kurser/mvc_new/me/report/tests/Entity/PlayerTest.php" line="11" assertions="3" time="0.000402"/>
      </testsuite>
      <testsuite name="App\Tests\Entity\Proj\BankTest" file="/home/dbwebb-kurser/mvc_new/me/report/tests/Entity/Proj/BankTest.php" tests="1" assertions="2" errors="0" warnings="0" failures="0" skipped="0" time="0.003078">
        <testcase name="testBankPlay" class="App\Tests\Entity\Proj\BankTest" classname="App.Tests.Entity.Proj.BankTest" file="/home/dbwebb-kurser/mvc_new/me/report/tests/Entity/Proj/BankTest.php" line="12" assertions="2" time="0.003078"/>
      </testsuite>
      <testsuite name="App\Tests\Project\Entity\CardHandTest" file="/home/dbwebb-kurser/mvc_new/me/report/tests/Entity/Proj/CardHandTest.php" tests="5" assertions="9" errors="0" warnings="0" failures="0" skipped="0" time="0.001569">
        <testcase name="testAddCard" class="App\Tests\Project\Entity\CardHandTest" classname="App.Tests.Project.Entity.CardHandTest" file="/home/dbwebb-kurser/mvc_new/me/report/tests/Entity/Proj/CardHandTest.php" line="12" assertions="1" time="0.000323"/>
        <testcase name="testGetCards" class="App\Tests\Project\Entity\CardHandTest" classname="App.Tests.Project.Entity.CardHandTest" file="/home/dbwebb-kurser/mvc_new/me/report/tests/Entity/Proj/CardHandTest.php" line="20" assertions="4" time="0.000295"/>
        <testcase name="testGetValue" class="App\Tests\Project\Entity\CardHandTest" classname="App.Tests.Project.Entity.CardHandTest" file="/home/dbwebb-kurser/mvc_new/me/report/tests/Entity/Proj/CardHandTest.php" line="36" assertions="2" time="0.000338"/>
        <testcase name="testToString" class="App\Tests\Project\Entity\CardHandTest" classname="App.Tests.Project.Entity.CardHandTest" file="/home/dbwebb-kurser/mvc_new/me/report/tests/Entity/Proj/CardHandTest.php" line="50" assertions="1" time="0.000316"/>
        <testcase name="testGetValueWithFaceCard" class="App\Tests\Project\Entity\CardHandTest" classname="App.Tests.Project.Entity.CardHandTest" file="/home/dbwebb-kurser/mvc_new/me/report/tests/Entity/Proj/CardHandTest.php" line="59" assertions="1" time="0.000296"/>
      </testsuite>
      <testsuite name="App\Tests\Proj\Entity\CardTest" file="/home/dbwebb-kurser/mvc_new/me/report/tests/Entity/Proj/CardTest.php" tests="8" assertions="15" errors="0" warnings="0" failures="0" skipped="0" time="0.002457">
        <testcase name="testCardCreation" class="App\Tests\Proj\Entity\CardTest" classname="App.Tests.Proj.Entity.CardTest" file="/home/dbwebb-kurser/mvc_new/me/report/tests/Entity/Proj/CardTest.php" line="11" assertions="3" time="0.000327"/>
        <testcase name="testGetSuit" class="App\Tests\Proj\Entity\CardTest" classname="App.Tests.Proj.Entity.CardTest" file="/home/dbwebb-kurser/mvc_new/me/report/tests/Entity/Proj/CardTest.php" line="20" assertions="1" time="0.000260"/>
        <testcase name="testGetValue" class="App\Tests\Proj\Entity\CardTest" classname="App.Tests.Proj.Entity.CardTest" file="/home/dbwebb-kurser/mvc_new/me/report/tests/Entity/Proj/CardTest.php" line="26" assertions="1" time="0.000385"/>
        <testcase name="testJsonSerialization" class="App\Tests\Proj\Entity\CardTest" classname="App.Tests.Proj.Entity.CardTest" file="/home/dbwebb-kurser/mvc_new/me/report/tests/Entity/Proj/CardTest.php" line="32" assertions="4" time="0.000330"/>
        <testcase name="testCardToString" class="App\Tests\Proj\Entity\CardTest" classname="App.Tests.Proj.Entity.CardTest" file="/home/dbwebb-kurser/mvc_new/me/report/tests/Entity/Proj/CardTest.php" line="43" assertions="1" time="0.000294"/>
        <testcase name="testGetSuitSymbol" class="App\Tests\Proj\Entity\CardTest" classname="App.Tests.Proj.Entity.CardTest" file="/home/dbwebb-kurser/mvc_new/me/report/tests/Entity/Proj/CardTest.php" line="49" assertions="1" time="0.000276"/>
        <testcase name="testCardToArray" class="App\Tests\Proj\Entity\CardTest" classname="App.Tests.Proj.Entity.CardTest" file="/home/dbwebb-kurser/mvc_new/me/report/tests/Entity/Proj/CardTest.php" line="60" assertions="1" time="0.000305"/>
        <testcase name="testFromArray" class="App\Tests\Proj\Entity\CardTest" classname="App.Tests.Proj.Entity.CardTest" file="/home/dbwebb-kurser/mvc_new/me/report/tests/Entity/Proj/CardTest.php" line="69" assertions="3" time="0.000280"/>
      </testsuite>
      <testsuite name="App\Tests\Proj\Entity\DeckOfCardsTest" file="/home/dbwebb-kurser/mvc_new/me/report/tests/Entity/Proj/DeckOfCardsTest.php" tests="10" assertions="16" errors="0" warnings="0" failures="0" skipped="0" time="0.011270">
        <testcase name="testDeckInitialization" class="App\Tests\Proj\Entity\DeckOfCardsTest" classname="App.Tests.Proj.Entity.DeckOfCardsTest" file="/home/dbwebb-kurser/mvc_new/me/report/tests/Entity/Proj/DeckOfCardsTest.php" line="13" assertions="1" time="0.000362"/>
        <testcase name="testShuffleDeck" class="App\Tests\Proj\Entity\DeckOfCardsTest" classname="App.Tests.Proj.Entity.DeckOfCardsTest" file="/home/dbwebb-kurser/mvc_new/me/report/tests/Entity/Proj/DeckOfCardsTest.php" line="21" assertions="1" time="0.005934"/>
        <testcase name="testDrawCard" class="App\Tests\Proj\Entity\DeckOfCardsTest" classname="App.Tests.Proj.Entity.DeckOfCardsTest" file="/home/dbwebb-kurser/mvc_new/me/report/tests/Entity/Proj/DeckOfCardsTest.php" line="31" assertions="2" time="0.000372"/>
        <testcase name="testDrawCardWhenDeckIsEmpty" class="App\Tests\Proj\Entity\DeckOfCardsTest" classname="App.Tests.Proj.Entity.DeckOfCardsTest" file="/home/dbwebb-kurser/mvc_new/me/report/tests/Entity/Proj/DeckOfCardsTest.php" line="40" assertions="1" time="0.000354"/>
        <testcase name="testResetDeck" class="App\Tests\Proj\Entity\DeckOfCardsTest" classname="App.Tests.Proj.Entity.DeckOfCardsTest" file="/home/dbwebb-kurser/mvc_new/me/report/tests/Entity/Proj/DeckOfCardsTest.php" line="49" assertions="1" time="0.000549"/>
        <testcase name="testGetCards" class="App\Tests\Proj\Entity\DeckOfCardsTest" classname="App.Tests.Proj.Entity.DeckOfCardsTest" file="/home/dbwebb-kurser/mvc_new/me/report/tests/Entity/Proj/DeckOfCardsTest.php" line="58" assertions="2" time="0.000375"/>
        <testcase name="testGetSortedCards" class="App\Tests\Proj\Entity\DeckOfCardsTest" classname="App.Tests.Proj.Entity.DeckOfCardsTest" file="/home/dbwebb-kurser/mvc_new/me/report/tests/Entity/Proj/DeckOfCardsTest.php" line="67" assertions="2" time="0.002008"/>
        <testcase name="testSetCards" class="App\Tests\Proj\Entity\DeckOfCardsTest" classname="App.Tests.Proj.Entity.DeckOfCardsTest" file="/home/dbwebb-kurser/mvc_new/me/report/tests/Entity/Proj/DeckOfCardsTest.php" line="76" assertions="2" time="0.000371"/>
        <testcase name="testToString" class="App\Tests\Proj\Entity\DeckOfCardsTest" classname="App.Tests.Proj.Entity.DeckOfCardsTest" file="/home/dbwebb-kurser/mvc_new/me/report/tests/Entity/Proj/DeckOfCardsTest.php" line="86" assertions="1" time="0.000369"/>
        <testcase name="testDetailedString" class="App\Tests\Proj\Entity\DeckOfCardsTest" classname="App.Tests.Proj.Entity.DeckOfCardsTest" file="/home/dbwebb-kurser/mvc_new/me/report/tests/Entity/Proj/DeckOfCardsTest.php" line="92" assertions="3" time="0.000575"/>
      </testsuite>
      <testsuite name="App\Tests\Proj\Entity\GameTest" file="/home/dbwebb-kurser/mvc_new/me/report/tests/Entity/Proj/GameTest.php" tests="13" assertions="30" errors="0" warnings="0" failures="0" skipped="0" time="0.010002">
        <testcase name="testGetPlayer" class="App\Tests\Proj\Entity\GameTest" classname="App.Tests.Proj.Entity.GameTest" file="/home/dbwebb-kurser/mvc_new/me/report/tests/Entity/Proj/GameTest.php" line="30" assertions="1" time="0.001530"/>
        <testcase name="testGetBank" class="App\Tests\Proj\Entity\GameTest" classname="App.Tests.Proj.Entity.GameTest" file="/home/dbwebb-kurser/mvc_new/me/report/tests/Entity/Proj/GameTest.php" line="36" assertions="1" time="0.000458"/>
        <testcase name="testGetDeck" class="App\Tests\Proj\Entity\GameTest" classname="App.Tests.Proj.Entity.GameTest" file="/home/dbwebb-kurser/mvc_new/me/report/tests/Entity/Proj/GameTest.php" line="42" assertions="2" time="0.000498"/>
        <testcase name="testPlayerDrawCard" class="App\Tests\Proj\Entity\GameTest" classname="App.Tests.Proj.Entity.GameTest" file="/home/dbwebb-kurser/mvc_new/me/report/tests/Entity/Proj/GameTest.php" line="49" assertions="2" time="0.000474"/>
        <testcase name="testBankPlay" class="App\Tests\Proj\Entity\GameTest" classname="App.Tests.Proj.Entity.GameTest" file="/home/dbwebb-kurser/mvc_new/me/report/tests/Entity/Proj/GameTest.php" line="57" assertions="2" time="0.000611"/>
        <testcase name="testBankWinsPlayerBusts" class="App\Tests\Proj\Entity\GameTest" classname="App.Tests.Proj.Entity.GameTest" file="/home/dbwebb-kurser/mvc_new/me/report/tests/Entity/Proj/GameTest.php" line="63" assertions="1" time="0.000932"/>
        <testcase name="testPlayerWinsBankBusts" class="App\Tests\Proj\Entity\GameTest" classname="App.Tests.Proj.Entity.GameTest" file="/home/dbwebb-kurser/mvc_new/me/report/tests/Entity/Proj/GameTest.php" line="78" assertions="1" time="0.000775"/>
        <testcase name="testToArray" class="App\Tests\Proj\Entity\GameTest" classname="App.Tests.Proj.Entity.GameTest" file="/home/dbwebb-kurser/mvc_new/me/report/tests/Entity/Proj/GameTest.php" line="93" assertions="4" time="0.000601"/>
        <testcase name="testFromArray" class="App\Tests\Proj\Entity\GameTest" classname="App.Tests.Proj.Entity.GameTest" file="/home/dbwebb-kurser/mvc_new/me/report/tests/Entity/Proj/GameTest.php" line="102" assertions="1" time="0.001222"/>
        <testcase name="testFromArrayAddCardLine" class="App\Tests\Proj\Entity\GameTest" classname="App.Tests.Proj.Entity.GameTest" file="/home/dbwebb-kurser/mvc_new/me/report/tests/Entity/Proj/GameTest.php" line="123" assertions="8" time="0.000750"/>
        <testcase name="testAllPlayersDone" class="App\Tests\Proj\Entity\GameTest" classname="App.Tests.Proj.Entity.GameTest" file="/home/dbwebb-kurser/mvc_new/me/report/tests/Entity/Proj/GameTest.php" line="156" assertions="4" time="0.001144"/>
        <testcase name="testGetBetAmount" class="App\Tests\Proj\Entity\GameTest" classname="App.Tests.Proj.Entity.GameTest" file="/home/dbwebb-kurser/mvc_new/me/report/tests/Entity/Proj/GameTest.php" line="185" assertions="1" time="0.000482"/>
        <testcase name="testPlayerHandBusted" class="App\Tests\Proj\Entity\GameTest" classname="App.Tests.Proj.Entity.GameTest" file="/home/dbwebb-kurser/mvc_new/me/report/tests/Entity/Proj/GameTest.php" line="197" assertions="2" time="0.000527"/>
      </testsuite>
      <testsuite name="App\Tests\Proj\Entity\PlayerTest" file="/home/dbwebb-kurser/mvc_new/me/report/tests/Entity/Proj/PlayerTest.php" tests="2" assertions="5" errors="0" warnings="0" failures="0" skipped="0" time="0.000686">
        <testcase name="testPlayerHand" class="App\Tests\Proj\Entity\PlayerTest" classname="App.Tests.Proj.Entity.PlayerTest" file="/home/dbwebb-kurser/mvc_new/me/report/tests/Entity/Proj/PlayerTest.php" line="11" assertions="3" time="0.000316"/>
        <testcase name="testPlayerIsBusted" class="App\Tests\Proj\Entity\PlayerTest" classname="App.Tests.Proj.Entity.PlayerTest" file="/home/dbwebb-kurser/mvc_new/me/report/tests/Entity/Proj/PlayerTest.php" line="23" assertions="2" time="0.000369"/>
      </testsuite>
    </testsuite>
  </testsuite>
</testsuites>
