<?xml version="1.0" encoding="UTF-8"?>
<testsuites>
  <testsuite name="" tests="120" assertions="308" errors="0" warnings="0" failures="0" skipped="0" time="2.615562">
    <testsuite name="Project Test Suite" tests="120" assertions="308" errors="0" warnings="0" failures="0" skipped="0" time="2.615562">
      <testsuite name="App\Tests\Controller\AboutControllerTest" file="/home/dbwebb-kurser/mvc_new/me/report/tests/Controller/AboutControllerTest.php" tests="1" assertions="3" errors="0" warnings="0" failures="0" skipped="0" time="0.434698">
        <testcase name="testIndex" class="App\Tests\Controller\AboutControllerTest" classname="App.Tests.Controller.AboutControllerTest" file="/home/dbwebb-kurser/mvc_new/me/report/tests/Controller/AboutControllerTest.php" line="9" assertions="3" time="0.434698"/>
      </testsuite>
      <testsuite name="App\Tests\Controller\ApiControllerTest" file="/home/dbwebb-kurser/mvc_new/me/report/tests/Controller/ApiControllerTest.php" tests="2" assertions="4" errors="0" warnings="0" failures="0" skipped="0" time="0.035499">
        <testcase name="testIndex" class="App\Tests\Controller\ApiControllerTest" classname="App.Tests.Controller.ApiControllerTest" file="/home/dbwebb-kurser/mvc_new/me/report/tests/Controller/ApiControllerTest.php" line="9" assertions="3" time="0.016352"/>
        <testcase name="testApiQuote" class="App\Tests\Controller\ApiControllerTest" classname="App.Tests.Controller.ApiControllerTest" file="/home/dbwebb-kurser/mvc_new/me/report/tests/Controller/ApiControllerTest.php" line="19" assertions="1" time="0.019147"/>
      </testsuite>
      <testsuite name="App\Tests\Controller\CardControllerTest" file="/home/dbwebb-kurser/mvc_new/me/report/tests/Controller/CardControllerTest.php" tests="9" assertions="27" errors="0" warnings="0" failures="0" skipped="0" time="0.232350">
        <testcase name="testIndex" class="App\Tests\Controller\CardControllerTest" classname="App.Tests.Controller.CardControllerTest" file="/home/dbwebb-kurser/mvc_new/me/report/tests/Controller/CardControllerTest.php" line="9" assertions="3" time="0.017052"/>
        <testcase name="testDeck" class="App\Tests\Controller\CardControllerTest" classname="App.Tests.Controller.CardControllerTest" file="/home/dbwebb-kurser/mvc_new/me/report/tests/Controller/CardControllerTest.php" line="19" assertions="3" time="0.038865"/>
        <testcase name="testShuffle" class="App\Tests\Controller\CardControllerTest" classname="App.Tests.Controller.CardControllerTest" file="/home/dbwebb-kurser/mvc_new/me/report/tests/Controller/CardControllerTest.php" line="29" assertions="3" time="0.024148"/>
        <testcase name="testDrawCard" class="App\Tests\Controller\CardControllerTest" classname="App.Tests.Controller.CardControllerTest" file="/home/dbwebb-kurser/mvc_new/me/report/tests/Controller/CardControllerTest.php" line="38" assertions="3" time="0.019737"/>
        <testcase name="testDrawAllCards" class="App\Tests\Controller\CardControllerTest" classname="App.Tests.Controller.CardControllerTest" file="/home/dbwebb-kurser/mvc_new/me/report/tests/Controller/CardControllerTest.php" line="48" assertions="3" time="0.044219"/>
        <testcase name="testDrawMoreThanAvailableCards" class="App\Tests\Controller\CardControllerTest" classname="App.Tests.Controller.CardControllerTest" file="/home/dbwebb-kurser/mvc_new/me/report/tests/Controller/CardControllerTest.php" line="62" assertions="3" time="0.043216"/>
        <testcase name="testDrawMultipleCards" class="App\Tests\Controller\CardControllerTest" classname="App.Tests.Controller.CardControllerTest" file="/home/dbwebb-kurser/mvc_new/me/report/tests/Controller/CardControllerTest.php" line="76" assertions="4" time="0.017544"/>
        <testcase name="testSessionData" class="App\Tests\Controller\CardControllerTest" classname="App.Tests.Controller.CardControllerTest" file="/home/dbwebb-kurser/mvc_new/me/report/tests/Controller/CardControllerTest.php" line="87" assertions="3" time="0.015868"/>
        <testcase name="testDeleteSession" class="App\Tests\Controller\CardControllerTest" classname="App.Tests.Controller.CardControllerTest" file="/home/dbwebb-kurser/mvc_new/me/report/tests/Controller/CardControllerTest.php" line="97" assertions="2" time="0.011701"/>
      </testsuite>
      <testsuite name="App\Tests\Controller\GameControllerTest" file="/home/dbwebb-kurser/mvc_new/me/report/tests/Controller/GameControllerTest.php" tests="12" assertions="29" errors="0" warnings="0" failures="0" skipped="0" time="0.542053">
        <testcase name="testIndex" class="App\Tests\Controller\GameControllerTest" classname="App.Tests.Controller.GameControllerTest" file="/home/dbwebb-kurser/mvc_new/me/report/tests/Controller/GameControllerTest.php" line="13" assertions="3" time="0.017018"/>
        <testcase name="testDoc" class="App\Tests\Controller\GameControllerTest" classname="App.Tests.Controller.GameControllerTest" file="/home/dbwebb-kurser/mvc_new/me/report/tests/Controller/GameControllerTest.php" line="23" assertions="3" time="0.015217"/>
        <testcase name="testDrawRedirectsToResultIfPlayerExceeds21" class="App\Tests\Controller\GameControllerTest" classname="App.Tests.Controller.GameControllerTest" file="/home/dbwebb-kurser/mvc_new/me/report/tests/Controller/GameControllerTest.php" line="33" assertions="1" time="0.287477"/>
        <testcase name="testPlayRedirectsToStartIfNoGameInSession" class="App\Tests\Controller\GameControllerTest" classname="App.Tests.Controller.GameControllerTest" file="/home/dbwebb-kurser/mvc_new/me/report/tests/Controller/GameControllerTest.php" line="51" assertions="2" time="0.010069"/>
        <testcase name="testDrawRedirectsToStartIfNoGameInSession" class="App\Tests\Controller\GameControllerTest" classname="App.Tests.Controller.GameControllerTest" file="/home/dbwebb-kurser/mvc_new/me/report/tests/Controller/GameControllerTest.php" line="60" assertions="2" time="0.008716"/>
        <testcase name="testStayRedirectsToStartIfNoGameInSession" class="App\Tests\Controller\GameControllerTest" classname="App.Tests.Controller.GameControllerTest" file="/home/dbwebb-kurser/mvc_new/me/report/tests/Controller/GameControllerTest.php" line="69" assertions="2" time="0.009077"/>
        <testcase name="testResultRedirectsToStartIfNoGameInSession" class="App\Tests\Controller\GameControllerTest" classname="App.Tests.Controller.GameControllerTest" file="/home/dbwebb-kurser/mvc_new/me/report/tests/Controller/GameControllerTest.php" line="78" assertions="2" time="0.008646"/>
        <testcase name="testStartGame" class="App\Tests\Controller\GameControllerTest" classname="App.Tests.Controller.GameControllerTest" file="/home/dbwebb-kurser/mvc_new/me/report/tests/Controller/GameControllerTest.php" line="87" assertions="2" time="0.009736"/>
        <testcase name="testPlayGame" class="App\Tests\Controller\GameControllerTest" classname="App.Tests.Controller.GameControllerTest" file="/home/dbwebb-kurser/mvc_new/me/report/tests/Controller/GameControllerTest.php" line="96" assertions="3" time="0.026349"/>
        <testcase name="testDrawCardInGame" class="App\Tests\Controller\GameControllerTest" classname="App.Tests.Controller.GameControllerTest" file="/home/dbwebb-kurser/mvc_new/me/report/tests/Controller/GameControllerTest.php" line="110" assertions="3" time="0.044442"/>
        <testcase name="testStayInGame" class="App\Tests\Controller\GameControllerTest" classname="App.Tests.Controller.GameControllerTest" file="/home/dbwebb-kurser/mvc_new/me/report/tests/Controller/GameControllerTest.php" line="120" assertions="3" time="0.035963"/>
        <testcase name="testGameResult" class="App\Tests\Controller\GameControllerTest" classname="App.Tests.Controller.GameControllerTest" file="/home/dbwebb-kurser/mvc_new/me/report/tests/Controller/GameControllerTest.php" line="133" assertions="3" time="0.069342"/>
      </testsuite>
      <testsuite name="App\Tests\Controller\HomeControllerTest" file="/home/dbwebb-kurser/mvc_new/me/report/tests/Controller/HomeControllerTest.php" tests="1" assertions="3" errors="0" warnings="0" failures="0" skipped="0" time="0.015788">
        <testcase name="testIndex" class="App\Tests\Controller\HomeControllerTest" classname="App.Tests.Controller.HomeControllerTest" file="/home/dbwebb-kurser/mvc_new/me/report/tests/Controller/HomeControllerTest.php" line="9" assertions="3" time="0.015788"/>
      </testsuite>
      <testsuite name="App\Tests\Controller\JsonApiControllerTest" file="/home/dbwebb-kurser/mvc_new/me/report/tests/Controller/JsonApiControllerTest.php" tests="10" assertions="52" errors="0" warnings="0" failures="0" skipped="0" time="0.667470">
        <testcase name="testDeck" class="App\Tests\Controller\JsonApiControllerTest" classname="App.Tests.Controller.JsonApiControllerTest" file="/home/dbwebb-kurser/mvc_new/me/report/tests/Controller/JsonApiControllerTest.php" line="10" assertions="4" time="0.013380"/>
        <testcase name="testShuffle" class="App\Tests\Controller\JsonApiControllerTest" classname="App.Tests.Controller.JsonApiControllerTest" file="/home/dbwebb-kurser/mvc_new/me/report/tests/Controller/JsonApiControllerTest.php" line="24" assertions="4" time="0.009527"/>
        <testcase name="testDraw" class="App\Tests\Controller\JsonApiControllerTest" classname="App.Tests.Controller.JsonApiControllerTest" file="/home/dbwebb-kurser/mvc_new/me/report/tests/Controller/JsonApiControllerTest.php" line="38" assertions="5" time="0.010049"/>
        <testcase name="testDrawMultiple" class="App\Tests\Controller\JsonApiControllerTest" classname="App.Tests.Controller.JsonApiControllerTest" file="/home/dbwebb-kurser/mvc_new/me/report/tests/Controller/JsonApiControllerTest.php" line="53" assertions="6" time="0.010352"/>
        <testcase name="testDrawCardsEmptyDeck" class="App\Tests\Controller\JsonApiControllerTest" classname="App.Tests.Controller.JsonApiControllerTest" file="/home/dbwebb-kurser/mvc_new/me/report/tests/Controller/JsonApiControllerTest.php" line="69" assertions="7" time="0.484823"/>
        <testcase name="testGameState" class="App\Tests\Controller\JsonApiControllerTest" classname="App.Tests.Controller.JsonApiControllerTest" file="/home/dbwebb-kurser/mvc_new/me/report/tests/Controller/JsonApiControllerTest.php" line="90" assertions="4" time="0.009392"/>
        <testcase name="testGameStateExists" class="App\Tests\Controller\JsonApiControllerTest" classname="App.Tests.Controller.JsonApiControllerTest" file="/home/dbwebb-kurser/mvc_new/me/report/tests/Controller/JsonApiControllerTest.php" line="104" assertions="7" time="0.018312"/>
        <testcase name="testGetAllBooks" class="App\Tests\Controller\JsonApiControllerTest" classname="App.Tests.Controller.JsonApiControllerTest" file="/home/dbwebb-kurser/mvc_new/me/report/tests/Controller/JsonApiControllerTest.php" line="122" assertions="4" time="0.087967"/>
        <testcase name="testGetBookByIsbn" class="App\Tests\Controller\JsonApiControllerTest" classname="App.Tests.Controller.JsonApiControllerTest" file="/home/dbwebb-kurser/mvc_new/me/report/tests/Controller/JsonApiControllerTest.php" line="136" assertions="7" time="0.013106"/>
        <testcase name="testGetNonExistentBookByIsbn" class="App\Tests\Controller\JsonApiControllerTest" classname="App.Tests.Controller.JsonApiControllerTest" file="/home/dbwebb-kurser/mvc_new/me/report/tests/Controller/JsonApiControllerTest.php" line="154" assertions="4" time="0.010563"/>
      </testsuite>
      <testsuite name="App\Tests\Controller\LibraryControllerTest" file="/home/dbwebb-kurser/mvc_new/me/report/tests/Controller/LibraryControllerTest.php" tests="7" assertions="35" errors="0" warnings="0" failures="0" skipped="0" time="0.569139">
        <testcase name="testIndex" class="App\Tests\Controller\LibraryControllerTest" classname="App.Tests.Controller.LibraryControllerTest" file="/home/dbwebb-kurser/mvc_new/me/report/tests/Controller/LibraryControllerTest.php" line="14" assertions="3" time="0.037201"/>
        <testcase name="testAdd" class="App\Tests\Controller\LibraryControllerTest" classname="App.Tests.Controller.LibraryControllerTest" file="/home/dbwebb-kurser/mvc_new/me/report/tests/Controller/LibraryControllerTest.php" line="26" assertions="3" time="0.072453"/>
        <testcase name="testResetLibrary" class="App\Tests\Controller\LibraryControllerTest" classname="App.Tests.Controller.LibraryControllerTest" file="/home/dbwebb-kurser/mvc_new/me/report/tests/Controller/LibraryControllerTest.php" line="35" assertions="7" time="0.074321"/>
        <testcase name="testEditBook" class="App\Tests\Controller\LibraryControllerTest" classname="App.Tests.Controller.LibraryControllerTest" file="/home/dbwebb-kurser/mvc_new/me/report/tests/Controller/LibraryControllerTest.php" line="49" assertions="4" time="0.206898"/>
        <testcase name="testDeleteBook" class="App\Tests\Controller\LibraryControllerTest" classname="App.Tests.Controller.LibraryControllerTest" file="/home/dbwebb-kurser/mvc_new/me/report/tests/Controller/LibraryControllerTest.php" line="70" assertions="4" time="0.137554"/>
        <testcase name="testInitializeDefaultBooks" class="App\Tests\Controller\LibraryControllerTest" classname="App.Tests.Controller.LibraryControllerTest" file="/home/dbwebb-kurser/mvc_new/me/report/tests/Controller/LibraryControllerTest.php" line="99" assertions="5" time="0.020099"/>
        <testcase name="testGetAllBooks" class="App\Tests\Controller\LibraryControllerTest" classname="App.Tests.Controller.LibraryControllerTest" file="/home/dbwebb-kurser/mvc_new/me/report/tests/Controller/LibraryControllerTest.php" line="110" assertions="9" time="0.020613"/>
      </testsuite>
      <testsuite name="App\Tests\Controller\LuckyControllerTest" file="/home/dbwebb-kurser/mvc_new/me/report/tests/Controller/LuckyControllerTest.php" tests="1" assertions="3" errors="0" warnings="0" failures="0" skipped="0" time="0.015560">
        <testcase name="testNumber" class="App\Tests\Controller\LuckyControllerTest" classname="App.Tests.Controller.LuckyControllerTest" file="/home/dbwebb-kurser/mvc_new/me/report/tests/Controller/LuckyControllerTest.php" line="9" assertions="3" time="0.015560"/>
      </testsuite>
      <testsuite name="App\Tests\Controller\MetricsControllerTest" file="/home/dbwebb-kurser/mvc_new/me/report/tests/Controller/MetricsControllerTest.php" tests="1" assertions="3" errors="0" warnings="0" failures="0" skipped="0" time="0.019232">
        <testcase name="testIndex" class="App\Tests\Controller\MetricsControllerTest" classname="App.Tests.Controller.MetricsControllerTest" file="/home/dbwebb-kurser/mvc_new/me/report/tests/Controller/MetricsControllerTest.php" line="9" assertions="3" time="0.019232"/>
      </testsuite>
      <testsuite name="App\Tests\Controller\ReportControllerTest" file="/home/dbwebb-kurser/mvc_new/me/report/tests/Controller/ReportControllerTest.php" tests="1" assertions="3" errors="0" warnings="0" failures="0" skipped="0" time="0.020760">
        <testcase name="testIndex" class="App\Tests\Controller\ReportControllerTest" classname="App.Tests.Controller.ReportControllerTest" file="/home/dbwebb-kurser/mvc_new/me/report/tests/Controller/ReportControllerTest.php" line="9" assertions="3" time="0.020760"/>
      </testsuite>
      <testsuite name="App\Tests\Entity\BankTest" file="/home/dbwebb-kurser/mvc_new/me/report/tests/Entity/BankTest.php" tests="1" assertions="2" errors="0" warnings="0" failures="0" skipped="0" time="0.003332">
        <testcase name="testBankPlay" class="App\Tests\Entity\BankTest" classname="App.Tests.Entity.BankTest" file="/home/dbwebb-kurser/mvc_new/me/report/tests/Entity/BankTest.php" line="12" assertions="2" time="0.003332"/>
      </testsuite>
      <testsuite name="App\Tests\Entity\CardHandTest" file="/home/dbwebb-kurser/mvc_new/me/report/tests/Entity/CardHandTest.php" tests="5" assertions="9" errors="0" warnings="0" failures="0" skipped="0" time="0.003104">
        <testcase name="testAddCard" class="App\Tests\Entity\CardHandTest" classname="App.Tests.Entity.CardHandTest" file="/home/dbwebb-kurser/mvc_new/me/report/tests/Entity/CardHandTest.php" line="12" assertions="1" time="0.000368"/>
        <testcase name="testGetCards" class="App\Tests\Entity\CardHandTest" classname="App.Tests.Entity.CardHandTest" file="/home/dbwebb-kurser/mvc_new/me/report/tests/Entity/CardHandTest.php" line="20" assertions="4" time="0.001506"/>
        <testcase name="testGetValue" class="App\Tests\Entity\CardHandTest" classname="App.Tests.Entity.CardHandTest" file="/home/dbwebb-kurser/mvc_new/me/report/tests/Entity/CardHandTest.php" line="36" assertions="2" time="0.000335"/>
        <testcase name="testToString" class="App\Tests\Entity\CardHandTest" classname="App.Tests.Entity.CardHandTest" file="/home/dbwebb-kurser/mvc_new/me/report/tests/Entity/CardHandTest.php" line="50" assertions="1" time="0.000535"/>
        <testcase name="testGetValueWithFaceCard" class="App\Tests\Entity\CardHandTest" classname="App.Tests.Entity.CardHandTest" file="/home/dbwebb-kurser/mvc_new/me/report/tests/Entity/CardHandTest.php" line="59" assertions="1" time="0.000361"/>
      </testsuite>
      <testsuite name="App\Tests\Entity\CardTest" file="/home/dbwebb-kurser/mvc_new/me/report/tests/Entity/CardTest.php" tests="8" assertions="15" errors="0" warnings="0" failures="0" skipped="0" time="0.002761">
        <testcase name="testCardCreation" class="App\Tests\Entity\CardTest" classname="App.Tests.Entity.CardTest" file="/home/dbwebb-kurser/mvc_new/me/report/tests/Entity/CardTest.php" line="11" assertions="3" time="0.000359"/>
        <testcase name="testGetSuit" class="App\Tests\Entity\CardTest" classname="App.Tests.Entity.CardTest" file="/home/dbwebb-kurser/mvc_new/me/report/tests/Entity/CardTest.php" line="20" assertions="1" time="0.000338"/>
        <testcase name="testGetValue" class="App\Tests\Entity\CardTest" classname="App.Tests.Entity.CardTest" file="/home/dbwebb-kurser/mvc_new/me/report/tests/Entity/CardTest.php" line="26" assertions="1" time="0.000277"/>
        <testcase name="testJsonSerialization" class="App\Tests\Entity\CardTest" classname="App.Tests.Entity.CardTest" file="/home/dbwebb-kurser/mvc_new/me/report/tests/Entity/CardTest.php" line="32" assertions="4" time="0.000347"/>
        <testcase name="testCardToString" class="App\Tests\Entity\CardTest" classname="App.Tests.Entity.CardTest" file="/home/dbwebb-kurser/mvc_new/me/report/tests/Entity/CardTest.php" line="43" assertions="1" time="0.000323"/>
        <testcase name="testGetSuitSymbol" class="App\Tests\Entity\CardTest" classname="App.Tests.Entity.CardTest" file="/home/dbwebb-kurser/mvc_new/me/report/tests/Entity/CardTest.php" line="49" assertions="1" time="0.000492"/>
        <testcase name="testCardToArray" class="App\Tests\Entity\CardTest" classname="App.Tests.Entity.CardTest" file="/home/dbwebb-kurser/mvc_new/me/report/tests/Entity/CardTest.php" line="60" assertions="1" time="0.000296"/>
        <testcase name="testFromArray" class="App\Tests\Entity\CardTest" classname="App.Tests.Entity.CardTest" file="/home/dbwebb-kurser/mvc_new/me/report/tests/Entity/CardTest.php" line="69" assertions="3" time="0.000329"/>
      </testsuite>
      <testsuite name="App\Tests\Entity\DeckOfCardsTest" file="/home/dbwebb-kurser/mvc_new/me/report/tests/Entity/DeckOfCardsTest.php" tests="10" assertions="16" errors="0" warnings="0" failures="0" skipped="0" time="0.013376">
        <testcase name="testDeckInitialization" class="App\Tests\Entity\DeckOfCardsTest" classname="App.Tests.Entity.DeckOfCardsTest" file="/home/dbwebb-kurser/mvc_new/me/report/tests/Entity/DeckOfCardsTest.php" line="13" assertions="1" time="0.000440"/>
        <testcase name="testShuffleDeck" class="App\Tests\Entity\DeckOfCardsTest" classname="App.Tests.Entity.DeckOfCardsTest" file="/home/dbwebb-kurser/mvc_new/me/report/tests/Entity/DeckOfCardsTest.php" line="21" assertions="1" time="0.006747"/>
        <testcase name="testDrawCard" class="App\Tests\Entity\DeckOfCardsTest" classname="App.Tests.Entity.DeckOfCardsTest" file="/home/dbwebb-kurser/mvc_new/me/report/tests/Entity/DeckOfCardsTest.php" line="31" assertions="2" time="0.000471"/>
        <testcase name="testDrawCardWhenDeckIsEmpty" class="App\Tests\Entity\DeckOfCardsTest" classname="App.Tests.Entity.DeckOfCardsTest" file="/home/dbwebb-kurser/mvc_new/me/report/tests/Entity/DeckOfCardsTest.php" line="40" assertions="1" time="0.000465"/>
        <testcase name="testResetDeck" class="App\Tests\Entity\DeckOfCardsTest" classname="App.Tests.Entity.DeckOfCardsTest" file="/home/dbwebb-kurser/mvc_new/me/report/tests/Entity/DeckOfCardsTest.php" line="49" assertions="1" time="0.000822"/>
        <testcase name="testGetCards" class="App\Tests\Entity\DeckOfCardsTest" classname="App.Tests.Entity.DeckOfCardsTest" file="/home/dbwebb-kurser/mvc_new/me/report/tests/Entity/DeckOfCardsTest.php" line="58" assertions="2" time="0.000402"/>
        <testcase name="testGetSortedCards" class="App\Tests\Entity\DeckOfCardsTest" classname="App.Tests.Entity.DeckOfCardsTest" file="/home/dbwebb-kurser/mvc_new/me/report/tests/Entity/DeckOfCardsTest.php" line="67" assertions="2" time="0.002358"/>
        <testcase name="testSetCards" class="App\Tests\Entity\DeckOfCardsTest" classname="App.Tests.Entity.DeckOfCardsTest" file="/home/dbwebb-kurser/mvc_new/me/report/tests/Entity/DeckOfCardsTest.php" line="76" assertions="2" time="0.000490"/>
        <testcase name="testToString" class="App\Tests\Entity\DeckOfCardsTest" classname="App.Tests.Entity.DeckOfCardsTest" file="/home/dbwebb-kurser/mvc_new/me/report/tests/Entity/DeckOfCardsTest.php" line="86" assertions="1" time="0.000429"/>
        <testcase name="testDetailedString" class="App\Tests\Entity\DeckOfCardsTest" classname="App.Tests.Entity.DeckOfCardsTest" file="/home/dbwebb-kurser/mvc_new/me/report/tests/Entity/DeckOfCardsTest.php" line="92" assertions="3" time="0.000752"/>
      </testsuite>
      <testsuite name="App\Tests\Entity\GameTest" file="/home/dbwebb-kurser/mvc_new/me/report/tests/Entity/GameTest.php" tests="11" assertions="17" errors="0" warnings="0" failures="0" skipped="0" time="0.006815">
        <testcase name="testGetPlayer" class="App\Tests\Entity\GameTest" classname="App.Tests.Entity.GameTest" file="/home/dbwebb-kurser/mvc_new/me/report/tests/Entity/GameTest.php" line="29" assertions="1" time="0.000433"/>
        <testcase name="testGetBank" class="App\Tests\Entity\GameTest" classname="App.Tests.Entity.GameTest" file="/home/dbwebb-kurser/mvc_new/me/report/tests/Entity/GameTest.php" line="35" assertions="1" time="0.000481"/>
        <testcase name="testGetDeck" class="App\Tests\Entity\GameTest" classname="App.Tests.Entity.GameTest" file="/home/dbwebb-kurser/mvc_new/me/report/tests/Entity/GameTest.php" line="41" assertions="2" time="0.000443"/>
        <testcase name="testPlayerDrawCard" class="App\Tests\Entity\GameTest" classname="App.Tests.Entity.GameTest" file="/home/dbwebb-kurser/mvc_new/me/report/tests/Entity/GameTest.php" line="48" assertions="1" time="0.000508"/>
        <testcase name="testBankPlay" class="App\Tests\Entity\GameTest" classname="App.Tests.Entity.GameTest" file="/home/dbwebb-kurser/mvc_new/me/report/tests/Entity/GameTest.php" line="54" assertions="2" time="0.000671"/>
        <testcase name="testWinnerByHigherValue" class="App\Tests\Entity\GameTest" classname="App.Tests.Entity.GameTest" file="/home/dbwebb-kurser/mvc_new/me/report/tests/Entity/GameTest.php" line="60" assertions="2" time="0.000581"/>
        <testcase name="testBankWinsPlayerBusts" class="App\Tests\Entity\GameTest" classname="App.Tests.Entity.GameTest" file="/home/dbwebb-kurser/mvc_new/me/report/tests/Entity/GameTest.php" line="88" assertions="1" time="0.000468"/>
        <testcase name="testPlayerWinsBankBusts" class="App\Tests\Entity\GameTest" classname="App.Tests.Entity.GameTest" file="/home/dbwebb-kurser/mvc_new/me/report/tests/Entity/GameTest.php" line="103" assertions="1" time="0.000547"/>
        <testcase name="testToArray" class="App\Tests\Entity\GameTest" classname="App.Tests.Entity.GameTest" file="/home/dbwebb-kurser/mvc_new/me/report/tests/Entity/GameTest.php" line="118" assertions="4" time="0.000646"/>
        <testcase name="testFromArray" class="App\Tests\Entity\GameTest" classname="App.Tests.Entity.GameTest" file="/home/dbwebb-kurser/mvc_new/me/report/tests/Entity/GameTest.php" line="127" assertions="1" time="0.001249"/>
        <testcase name="testFromArrayAddCardLine" class="App\Tests\Entity\GameTest" classname="App.Tests.Entity.GameTest" file="/home/dbwebb-kurser/mvc_new/me/report/tests/Entity/GameTest.php" line="141" assertions="1" time="0.000790"/>
      </testsuite>
      <testsuite name="App\Tests\Entity\PlayerTest" file="/home/dbwebb-kurser/mvc_new/me/report/tests/Entity/PlayerTest.php" tests="1" assertions="3" errors="0" warnings="0" failures="0" skipped="0" time="0.000401">
        <testcase name="testPlayerHand" class="App\Tests\Entity\PlayerTest" classname="App.Tests.Entity.PlayerTest" file="/home/dbwebb-kurser/mvc_new/me/report/tests/Entity/PlayerTest.php" line="11" assertions="3" time="0.000401"/>
      </testsuite>
      <testsuite name="App\Tests\Entity\Proj\BankTest" file="/home/dbwebb-kurser/mvc_new/me/report/tests/Entity/Proj/BankTest.php" tests="1" assertions="2" errors="0" warnings="0" failures="0" skipped="0" time="0.003662">
        <testcase name="testBankPlay" class="App\Tests\Entity\Proj\BankTest" classname="App.Tests.Entity.Proj.BankTest" file="/home/dbwebb-kurser/mvc_new/me/report/tests/Entity/Proj/BankTest.php" line="12" assertions="2" time="0.003662"/>
      </testsuite>
      <testsuite name="App\Tests\Project\Entity\CardHandTest" file="/home/dbwebb-kurser/mvc_new/me/report/tests/Entity/Proj/CardHandTest.php" tests="5" assertions="9" errors="0" warnings="0" failures="0" skipped="0" time="0.001923">
        <testcase name="testAddCard" class="App\Tests\Project\Entity\CardHandTest" classname="App.Tests.Project.Entity.CardHandTest" file="/home/dbwebb-kurser/mvc_new/me/report/tests/Entity/Proj/CardHandTest.php" line="12" assertions="1" time="0.000351"/>
        <testcase name="testGetCards" class="App\Tests\Project\Entity\CardHandTest" classname="App.Tests.Project.Entity.CardHandTest" file="/home/dbwebb-kurser/mvc_new/me/report/tests/Entity/Proj/CardHandTest.php" line="20" assertions="4" time="0.000422"/>
        <testcase name="testGetValue" class="App\Tests\Project\Entity\CardHandTest" classname="App.Tests.Project.Entity.CardHandTest" file="/home/dbwebb-kurser/mvc_new/me/report/tests/Entity/Proj/CardHandTest.php" line="36" assertions="2" time="0.000489"/>
        <testcase name="testToString" class="App\Tests\Project\Entity\CardHandTest" classname="App.Tests.Project.Entity.CardHandTest" file="/home/dbwebb-kurser/mvc_new/me/report/tests/Entity/Proj/CardHandTest.php" line="50" assertions="1" time="0.000328"/>
        <testcase name="testGetValueWithFaceCard" class="App\Tests\Project\Entity\CardHandTest" classname="App.Tests.Project.Entity.CardHandTest" file="/home/dbwebb-kurser/mvc_new/me/report/tests/Entity/Proj/CardHandTest.php" line="59" assertions="1" time="0.000333"/>
      </testsuite>
      <testsuite name="App\Tests\Proj\Entity\CardTest" file="/home/dbwebb-kurser/mvc_new/me/report/tests/Entity/Proj/CardTest.php" tests="8" assertions="15" errors="0" warnings="0" failures="0" skipped="0" time="0.002653">
        <testcase name="testCardCreation" class="App\Tests\Proj\Entity\CardTest" classname="App.Tests.Proj.Entity.CardTest" file="/home/dbwebb-kurser/mvc_new/me/report/tests/Entity/Proj/CardTest.php" line="11" assertions="3" time="0.000326"/>
        <testcase name="testGetSuit" class="App\Tests\Proj\Entity\CardTest" classname="App.Tests.Proj.Entity.CardTest" file="/home/dbwebb-kurser/mvc_new/me/report/tests/Entity/Proj/CardTest.php" line="20" assertions="1" time="0.000316"/>
        <testcase name="testGetValue" class="App\Tests\Proj\Entity\CardTest" classname="App.Tests.Proj.Entity.CardTest" file="/home/dbwebb-kurser/mvc_new/me/report/tests/Entity/Proj/CardTest.php" line="26" assertions="1" time="0.000301"/>
        <testcase name="testJsonSerialization" class="App\Tests\Proj\Entity\CardTest" classname="App.Tests.Proj.Entity.CardTest" file="/home/dbwebb-kurser/mvc_new/me/report/tests/Entity/Proj/CardTest.php" line="32" assertions="4" time="0.000410"/>
        <testcase name="testCardToString" class="App\Tests\Proj\Entity\CardTest" classname="App.Tests.Proj.Entity.CardTest" file="/home/dbwebb-kurser/mvc_new/me/report/tests/Entity/Proj/CardTest.php" line="43" assertions="1" time="0.000325"/>
        <testcase name="testGetSuitSymbol" class="App\Tests\Proj\Entity\CardTest" classname="App.Tests.Proj.Entity.CardTest" file="/home/dbwebb-kurser/mvc_new/me/report/tests/Entity/Proj/CardTest.php" line="49" assertions="1" time="0.000270"/>
        <testcase name="testCardToArray" class="App\Tests\Proj\Entity\CardTest" classname="App.Tests.Proj.Entity.CardTest" file="/home/dbwebb-kurser/mvc_new/me/report/tests/Entity/Proj/CardTest.php" line="60" assertions="1" time="0.000371"/>
        <testcase name="testFromArray" class="App\Tests\Proj\Entity\CardTest" classname="App.Tests.Proj.Entity.CardTest" file="/home/dbwebb-kurser/mvc_new/me/report/tests/Entity/Proj/CardTest.php" line="69" assertions="3" time="0.000333"/>
      </testsuite>
      <testsuite name="App\Tests\Proj\Entity\DeckOfCardsTest" file="/home/dbwebb-kurser/mvc_new/me/report/tests/Entity/Proj/DeckOfCardsTest.php" tests="10" assertions="16" errors="0" warnings="0" failures="0" skipped="0" time="0.013188">
        <testcase name="testDeckInitialization" class="App\Tests\Proj\Entity\DeckOfCardsTest" classname="App.Tests.Proj.Entity.DeckOfCardsTest" file="/home/dbwebb-kurser/mvc_new/me/report/tests/Entity/Proj/DeckOfCardsTest.php" line="13" assertions="1" time="0.000441"/>
        <testcase name="testShuffleDeck" class="App\Tests\Proj\Entity\DeckOfCardsTest" classname="App.Tests.Proj.Entity.DeckOfCardsTest" file="/home/dbwebb-kurser/mvc_new/me/report/tests/Entity/Proj/DeckOfCardsTest.php" line="21" assertions="1" time="0.006666"/>
        <testcase name="testDrawCard" class="App\Tests\Proj\Entity\DeckOfCardsTest" classname="App.Tests.Proj.Entity.DeckOfCardsTest" file="/home/dbwebb-kurser/mvc_new/me/report/tests/Entity/Proj/DeckOfCardsTest.php" line="31" assertions="2" time="0.000477"/>
        <testcase name="testDrawCardWhenDeckIsEmpty" class="App\Tests\Proj\Entity\DeckOfCardsTest" classname="App.Tests.Proj.Entity.DeckOfCardsTest" file="/home/dbwebb-kurser/mvc_new/me/report/tests/Entity/Proj/DeckOfCardsTest.php" line="40" assertions="1" time="0.000489"/>
        <testcase name="testResetDeck" class="App\Tests\Proj\Entity\DeckOfCardsTest" classname="App.Tests.Proj.Entity.DeckOfCardsTest" file="/home/dbwebb-kurser/mvc_new/me/report/tests/Entity/Proj/DeckOfCardsTest.php" line="49" assertions="1" time="0.000531"/>
        <testcase name="testGetCards" class="App\Tests\Proj\Entity\DeckOfCardsTest" classname="App.Tests.Proj.Entity.DeckOfCardsTest" file="/home/dbwebb-kurser/mvc_new/me/report/tests/Entity/Proj/DeckOfCardsTest.php" line="58" assertions="2" time="0.000486"/>
        <testcase name="testGetSortedCards" class="App\Tests\Proj\Entity\DeckOfCardsTest" classname="App.Tests.Proj.Entity.DeckOfCardsTest" file="/home/dbwebb-kurser/mvc_new/me/report/tests/Entity/Proj/DeckOfCardsTest.php" line="67" assertions="2" time="0.002405"/>
        <testcase name="testSetCards" class="App\Tests\Proj\Entity\DeckOfCardsTest" classname="App.Tests.Proj.Entity.DeckOfCardsTest" file="/home/dbwebb-kurser/mvc_new/me/report/tests/Entity/Proj/DeckOfCardsTest.php" line="76" assertions="2" time="0.000402"/>
        <testcase name="testToString" class="App\Tests\Proj\Entity\DeckOfCardsTest" classname="App.Tests.Proj.Entity.DeckOfCardsTest" file="/home/dbwebb-kurser/mvc_new/me/report/tests/Entity/Proj/DeckOfCardsTest.php" line="86" assertions="1" time="0.000652"/>
        <testcase name="testDetailedString" class="App\Tests\Proj\Entity\DeckOfCardsTest" classname="App.Tests.Proj.Entity.DeckOfCardsTest" file="/home/dbwebb-kurser/mvc_new/me/report/tests/Entity/Proj/DeckOfCardsTest.php" line="92" assertions="3" time="0.000639"/>
      </testsuite>
      <testsuite name="App\Tests\Proj\Entity\GameTest" file="/home/dbwebb-kurser/mvc_new/me/report/tests/Entity/Proj/GameTest.php" tests="13" assertions="37" errors="0" warnings="0" failures="0" skipped="0" time="0.010928">
        <testcase name="testGetPlayer" class="App\Tests\Proj\Entity\GameTest" classname="App.Tests.Proj.Entity.GameTest" file="/home/dbwebb-kurser/mvc_new/me/report/tests/Entity/Proj/GameTest.php" line="31" assertions="1" time="0.001248"/>
        <testcase name="testGetBank" class="App\Tests\Proj\Entity\GameTest" classname="App.Tests.Proj.Entity.GameTest" file="/home/dbwebb-kurser/mvc_new/me/report/tests/Entity/Proj/GameTest.php" line="37" assertions="1" time="0.000522"/>
        <testcase name="testGetDeck" class="App\Tests\Proj\Entity\GameTest" classname="App.Tests.Proj.Entity.GameTest" file="/home/dbwebb-kurser/mvc_new/me/report/tests/Entity/Proj/GameTest.php" line="43" assertions="2" time="0.000450"/>
        <testcase name="testPlayerDrawCard" class="App\Tests\Proj\Entity\GameTest" classname="App.Tests.Proj.Entity.GameTest" file="/home/dbwebb-kurser/mvc_new/me/report/tests/Entity/Proj/GameTest.php" line="50" assertions="12" time="0.001426"/>
        <testcase name="testBankPlay" class="App\Tests\Proj\Entity\GameTest" classname="App.Tests.Proj.Entity.GameTest" file="/home/dbwebb-kurser/mvc_new/me/report/tests/Entity/Proj/GameTest.php" line="83" assertions="2" time="0.000953"/>
        <testcase name="testBankWinsPlayerBusts" class="App\Tests\Proj\Entity\GameTest" classname="App.Tests.Proj.Entity.GameTest" file="/home/dbwebb-kurser/mvc_new/me/report/tests/Entity/Proj/GameTest.php" line="90" assertions="1" time="0.000542"/>
        <testcase name="testPlayerWinsBankBusts" class="App\Tests\Proj\Entity\GameTest" classname="App.Tests.Proj.Entity.GameTest" file="/home/dbwebb-kurser/mvc_new/me/report/tests/Entity/Proj/GameTest.php" line="105" assertions="1" time="0.000537"/>
        <testcase name="testToArray" class="App\Tests\Proj\Entity\GameTest" classname="App.Tests.Proj.Entity.GameTest" file="/home/dbwebb-kurser/mvc_new/me/report/tests/Entity/Proj/GameTest.php" line="120" assertions="4" time="0.000570"/>
        <testcase name="testFromArray" class="App\Tests\Proj\Entity\GameTest" classname="App.Tests.Proj.Entity.GameTest" file="/home/dbwebb-kurser/mvc_new/me/report/tests/Entity/Proj/GameTest.php" line="129" assertions="1" time="0.001277"/>
        <testcase name="testFromArrayAddCardLine" class="App\Tests\Proj\Entity\GameTest" classname="App.Tests.Proj.Entity.GameTest" file="/home/dbwebb-kurser/mvc_new/me/report/tests/Entity/Proj/GameTest.php" line="150" assertions="5" time="0.000969"/>
        <testcase name="testAllPlayersDone" class="App\Tests\Proj\Entity\GameTest" classname="App.Tests.Proj.Entity.GameTest" file="/home/dbwebb-kurser/mvc_new/me/report/tests/Entity/Proj/GameTest.php" line="180" assertions="4" time="0.001108"/>
        <testcase name="testGetBetAmount" class="App\Tests\Proj\Entity\GameTest" classname="App.Tests.Proj.Entity.GameTest" file="/home/dbwebb-kurser/mvc_new/me/report/tests/Entity/Proj/GameTest.php" line="209" assertions="1" time="0.000649"/>
        <testcase name="testPlayerHandBusted" class="App\Tests\Proj\Entity\GameTest" classname="App.Tests.Proj.Entity.GameTest" file="/home/dbwebb-kurser/mvc_new/me/report/tests/Entity/Proj/GameTest.php" line="221" assertions="2" time="0.000676"/>
      </testsuite>
      <testsuite name="App\Tests\Proj\Entity\PlayerTest" file="/home/dbwebb-kurser/mvc_new/me/report/tests/Entity/Proj/PlayerTest.php" tests="2" assertions="5" errors="0" warnings="0" failures="0" skipped="0" time="0.000869">
        <testcase name="testPlayerHand" class="App\Tests\Proj\Entity\PlayerTest" classname="App.Tests.Proj.Entity.PlayerTest" file="/home/dbwebb-kurser/mvc_new/me/report/tests/Entity/Proj/PlayerTest.php" line="11" assertions="3" time="0.000381"/>
        <testcase name="testPlayerIsBusted" class="App\Tests\Proj\Entity\PlayerTest" classname="App.Tests.Proj.Entity.PlayerTest" file="/home/dbwebb-kurser/mvc_new/me/report/tests/Entity/Proj/PlayerTest.php" line="23" assertions="2" time="0.000488"/>
      </testsuite>
    </testsuite>
  </testsuite>
</testsuites>
