<?xml version="1.0" encoding="UTF-8"?>
<testsuites>
  <testsuite name="" tests="119" assertions="296" errors="0" warnings="0" failures="0" skipped="0" time="2.167365">
    <testsuite name="Project Test Suite" tests="119" assertions="296" errors="0" warnings="0" failures="0" skipped="0" time="2.167365">
      <testsuite name="App\Tests\Controller\AboutControllerTest" file="/home/dbwebb-kurser/mvc_new/me/report/tests/Controller/AboutControllerTest.php" tests="1" assertions="3" errors="0" warnings="0" failures="0" skipped="0" time="0.365571">
        <testcase name="testIndex" class="App\Tests\Controller\AboutControllerTest" classname="App.Tests.Controller.AboutControllerTest" file="/home/dbwebb-kurser/mvc_new/me/report/tests/Controller/AboutControllerTest.php" line="9" assertions="3" time="0.365571"/>
      </testsuite>
      <testsuite name="App\Tests\Controller\ApiControllerTest" file="/home/dbwebb-kurser/mvc_new/me/report/tests/Controller/ApiControllerTest.php" tests="2" assertions="4" errors="0" warnings="0" failures="0" skipped="0" time="0.029750">
        <testcase name="testIndex" class="App\Tests\Controller\ApiControllerTest" classname="App.Tests.Controller.ApiControllerTest" file="/home/dbwebb-kurser/mvc_new/me/report/tests/Controller/ApiControllerTest.php" line="9" assertions="3" time="0.013925"/>
        <testcase name="testApiQuote" class="App\Tests\Controller\ApiControllerTest" classname="App.Tests.Controller.ApiControllerTest" file="/home/dbwebb-kurser/mvc_new/me/report/tests/Controller/ApiControllerTest.php" line="19" assertions="1" time="0.015825"/>
      </testsuite>
      <testsuite name="App\Tests\Controller\CardControllerTest" file="/home/dbwebb-kurser/mvc_new/me/report/tests/Controller/CardControllerTest.php" tests="9" assertions="27" errors="0" warnings="0" failures="0" skipped="0" time="0.190968">
        <testcase name="testIndex" class="App\Tests\Controller\CardControllerTest" classname="App.Tests.Controller.CardControllerTest" file="/home/dbwebb-kurser/mvc_new/me/report/tests/Controller/CardControllerTest.php" line="9" assertions="3" time="0.014062"/>
        <testcase name="testDeck" class="App\Tests\Controller\CardControllerTest" classname="App.Tests.Controller.CardControllerTest" file="/home/dbwebb-kurser/mvc_new/me/report/tests/Controller/CardControllerTest.php" line="19" assertions="3" time="0.031130"/>
        <testcase name="testShuffle" class="App\Tests\Controller\CardControllerTest" classname="App.Tests.Controller.CardControllerTest" file="/home/dbwebb-kurser/mvc_new/me/report/tests/Controller/CardControllerTest.php" line="29" assertions="3" time="0.019553"/>
        <testcase name="testDrawCard" class="App\Tests\Controller\CardControllerTest" classname="App.Tests.Controller.CardControllerTest" file="/home/dbwebb-kurser/mvc_new/me/report/tests/Controller/CardControllerTest.php" line="38" assertions="3" time="0.016129"/>
        <testcase name="testDrawAllCards" class="App\Tests\Controller\CardControllerTest" classname="App.Tests.Controller.CardControllerTest" file="/home/dbwebb-kurser/mvc_new/me/report/tests/Controller/CardControllerTest.php" line="48" assertions="3" time="0.036534"/>
        <testcase name="testDrawMoreThanAvailableCards" class="App\Tests\Controller\CardControllerTest" classname="App.Tests.Controller.CardControllerTest" file="/home/dbwebb-kurser/mvc_new/me/report/tests/Controller/CardControllerTest.php" line="62" assertions="3" time="0.035563"/>
        <testcase name="testDrawMultipleCards" class="App\Tests\Controller\CardControllerTest" classname="App.Tests.Controller.CardControllerTest" file="/home/dbwebb-kurser/mvc_new/me/report/tests/Controller/CardControllerTest.php" line="76" assertions="4" time="0.016060"/>
        <testcase name="testSessionData" class="App\Tests\Controller\CardControllerTest" classname="App.Tests.Controller.CardControllerTest" file="/home/dbwebb-kurser/mvc_new/me/report/tests/Controller/CardControllerTest.php" line="87" assertions="3" time="0.012846"/>
        <testcase name="testDeleteSession" class="App\Tests\Controller\CardControllerTest" classname="App.Tests.Controller.CardControllerTest" file="/home/dbwebb-kurser/mvc_new/me/report/tests/Controller/CardControllerTest.php" line="97" assertions="2" time="0.009090"/>
      </testsuite>
      <testsuite name="App\Tests\Controller\GameControllerTest" file="/home/dbwebb-kurser/mvc_new/me/report/tests/Controller/GameControllerTest.php" tests="12" assertions="29" errors="0" warnings="0" failures="0" skipped="0" time="0.434018">
        <testcase name="testIndex" class="App\Tests\Controller\GameControllerTest" classname="App.Tests.Controller.GameControllerTest" file="/home/dbwebb-kurser/mvc_new/me/report/tests/Controller/GameControllerTest.php" line="13" assertions="3" time="0.013739"/>
        <testcase name="testDoc" class="App\Tests\Controller\GameControllerTest" classname="App.Tests.Controller.GameControllerTest" file="/home/dbwebb-kurser/mvc_new/me/report/tests/Controller/GameControllerTest.php" line="23" assertions="3" time="0.012356"/>
        <testcase name="testDrawRedirectsToResultIfPlayerExceeds21" class="App\Tests\Controller\GameControllerTest" classname="App.Tests.Controller.GameControllerTest" file="/home/dbwebb-kurser/mvc_new/me/report/tests/Controller/GameControllerTest.php" line="33" assertions="1" time="0.226469"/>
        <testcase name="testPlayRedirectsToStartIfNoGameInSession" class="App\Tests\Controller\GameControllerTest" classname="App.Tests.Controller.GameControllerTest" file="/home/dbwebb-kurser/mvc_new/me/report/tests/Controller/GameControllerTest.php" line="51" assertions="2" time="0.008285"/>
        <testcase name="testDrawRedirectsToStartIfNoGameInSession" class="App\Tests\Controller\GameControllerTest" classname="App.Tests.Controller.GameControllerTest" file="/home/dbwebb-kurser/mvc_new/me/report/tests/Controller/GameControllerTest.php" line="60" assertions="2" time="0.007605"/>
        <testcase name="testStayRedirectsToStartIfNoGameInSession" class="App\Tests\Controller\GameControllerTest" classname="App.Tests.Controller.GameControllerTest" file="/home/dbwebb-kurser/mvc_new/me/report/tests/Controller/GameControllerTest.php" line="69" assertions="2" time="0.007493"/>
        <testcase name="testResultRedirectsToStartIfNoGameInSession" class="App\Tests\Controller\GameControllerTest" classname="App.Tests.Controller.GameControllerTest" file="/home/dbwebb-kurser/mvc_new/me/report/tests/Controller/GameControllerTest.php" line="78" assertions="2" time="0.007622"/>
        <testcase name="testStartGame" class="App\Tests\Controller\GameControllerTest" classname="App.Tests.Controller.GameControllerTest" file="/home/dbwebb-kurser/mvc_new/me/report/tests/Controller/GameControllerTest.php" line="87" assertions="2" time="0.008267"/>
        <testcase name="testPlayGame" class="App\Tests\Controller\GameControllerTest" classname="App.Tests.Controller.GameControllerTest" file="/home/dbwebb-kurser/mvc_new/me/report/tests/Controller/GameControllerTest.php" line="96" assertions="3" time="0.022062"/>
        <testcase name="testDrawCardInGame" class="App\Tests\Controller\GameControllerTest" classname="App.Tests.Controller.GameControllerTest" file="/home/dbwebb-kurser/mvc_new/me/report/tests/Controller/GameControllerTest.php" line="110" assertions="3" time="0.036103"/>
        <testcase name="testStayInGame" class="App\Tests\Controller\GameControllerTest" classname="App.Tests.Controller.GameControllerTest" file="/home/dbwebb-kurser/mvc_new/me/report/tests/Controller/GameControllerTest.php" line="120" assertions="3" time="0.029208"/>
        <testcase name="testGameResult" class="App\Tests\Controller\GameControllerTest" classname="App.Tests.Controller.GameControllerTest" file="/home/dbwebb-kurser/mvc_new/me/report/tests/Controller/GameControllerTest.php" line="133" assertions="3" time="0.054808"/>
      </testsuite>
      <testsuite name="App\Tests\Controller\HomeControllerTest" file="/home/dbwebb-kurser/mvc_new/me/report/tests/Controller/HomeControllerTest.php" tests="1" assertions="3" errors="0" warnings="0" failures="0" skipped="0" time="0.013307">
        <testcase name="testIndex" class="App\Tests\Controller\HomeControllerTest" classname="App.Tests.Controller.HomeControllerTest" file="/home/dbwebb-kurser/mvc_new/me/report/tests/Controller/HomeControllerTest.php" line="9" assertions="3" time="0.013307"/>
      </testsuite>
      <testsuite name="App\Tests\Controller\JsonApiControllerTest" file="/home/dbwebb-kurser/mvc_new/me/report/tests/Controller/JsonApiControllerTest.php" tests="10" assertions="52" errors="0" warnings="0" failures="0" skipped="0" time="0.533354">
        <testcase name="testDeck" class="App\Tests\Controller\JsonApiControllerTest" classname="App.Tests.Controller.JsonApiControllerTest" file="/home/dbwebb-kurser/mvc_new/me/report/tests/Controller/JsonApiControllerTest.php" line="10" assertions="4" time="0.011996"/>
        <testcase name="testShuffle" class="App\Tests\Controller\JsonApiControllerTest" classname="App.Tests.Controller.JsonApiControllerTest" file="/home/dbwebb-kurser/mvc_new/me/report/tests/Controller/JsonApiControllerTest.php" line="24" assertions="4" time="0.007726"/>
        <testcase name="testDraw" class="App\Tests\Controller\JsonApiControllerTest" classname="App.Tests.Controller.JsonApiControllerTest" file="/home/dbwebb-kurser/mvc_new/me/report/tests/Controller/JsonApiControllerTest.php" line="38" assertions="5" time="0.008163"/>
        <testcase name="testDrawMultiple" class="App\Tests\Controller\JsonApiControllerTest" classname="App.Tests.Controller.JsonApiControllerTest" file="/home/dbwebb-kurser/mvc_new/me/report/tests/Controller/JsonApiControllerTest.php" line="53" assertions="6" time="0.008500"/>
        <testcase name="testDrawCardsEmptyDeck" class="App\Tests\Controller\JsonApiControllerTest" classname="App.Tests.Controller.JsonApiControllerTest" file="/home/dbwebb-kurser/mvc_new/me/report/tests/Controller/JsonApiControllerTest.php" line="69" assertions="7" time="0.385349"/>
        <testcase name="testGameState" class="App\Tests\Controller\JsonApiControllerTest" classname="App.Tests.Controller.JsonApiControllerTest" file="/home/dbwebb-kurser/mvc_new/me/report/tests/Controller/JsonApiControllerTest.php" line="90" assertions="4" time="0.007370"/>
        <testcase name="testGameStateExists" class="App\Tests\Controller\JsonApiControllerTest" classname="App.Tests.Controller.JsonApiControllerTest" file="/home/dbwebb-kurser/mvc_new/me/report/tests/Controller/JsonApiControllerTest.php" line="104" assertions="7" time="0.015090"/>
        <testcase name="testGetAllBooks" class="App\Tests\Controller\JsonApiControllerTest" classname="App.Tests.Controller.JsonApiControllerTest" file="/home/dbwebb-kurser/mvc_new/me/report/tests/Controller/JsonApiControllerTest.php" line="122" assertions="4" time="0.070979"/>
        <testcase name="testGetBookByIsbn" class="App\Tests\Controller\JsonApiControllerTest" classname="App.Tests.Controller.JsonApiControllerTest" file="/home/dbwebb-kurser/mvc_new/me/report/tests/Controller/JsonApiControllerTest.php" line="136" assertions="7" time="0.010482"/>
        <testcase name="testGetNonExistentBookByIsbn" class="App\Tests\Controller\JsonApiControllerTest" classname="App.Tests.Controller.JsonApiControllerTest" file="/home/dbwebb-kurser/mvc_new/me/report/tests/Controller/JsonApiControllerTest.php" line="154" assertions="4" time="0.007698"/>
      </testsuite>
      <testsuite name="App\Tests\Controller\LibraryControllerTest" file="/home/dbwebb-kurser/mvc_new/me/report/tests/Controller/LibraryControllerTest.php" tests="7" assertions="35" errors="0" warnings="0" failures="0" skipped="0" time="0.499846">
        <testcase name="testIndex" class="App\Tests\Controller\LibraryControllerTest" classname="App.Tests.Controller.LibraryControllerTest" file="/home/dbwebb-kurser/mvc_new/me/report/tests/Controller/LibraryControllerTest.php" line="14" assertions="3" time="0.034806"/>
        <testcase name="testAdd" class="App\Tests\Controller\LibraryControllerTest" classname="App.Tests.Controller.LibraryControllerTest" file="/home/dbwebb-kurser/mvc_new/me/report/tests/Controller/LibraryControllerTest.php" line="26" assertions="3" time="0.062782"/>
        <testcase name="testResetLibrary" class="App\Tests\Controller\LibraryControllerTest" classname="App.Tests.Controller.LibraryControllerTest" file="/home/dbwebb-kurser/mvc_new/me/report/tests/Controller/LibraryControllerTest.php" line="35" assertions="7" time="0.082989"/>
        <testcase name="testEditBook" class="App\Tests\Controller\LibraryControllerTest" classname="App.Tests.Controller.LibraryControllerTest" file="/home/dbwebb-kurser/mvc_new/me/report/tests/Controller/LibraryControllerTest.php" line="49" assertions="4" time="0.167620"/>
        <testcase name="testDeleteBook" class="App\Tests\Controller\LibraryControllerTest" classname="App.Tests.Controller.LibraryControllerTest" file="/home/dbwebb-kurser/mvc_new/me/report/tests/Controller/LibraryControllerTest.php" line="70" assertions="4" time="0.117346"/>
        <testcase name="testInitializeDefaultBooks" class="App\Tests\Controller\LibraryControllerTest" classname="App.Tests.Controller.LibraryControllerTest" file="/home/dbwebb-kurser/mvc_new/me/report/tests/Controller/LibraryControllerTest.php" line="99" assertions="5" time="0.017027"/>
        <testcase name="testGetAllBooks" class="App\Tests\Controller\LibraryControllerTest" classname="App.Tests.Controller.LibraryControllerTest" file="/home/dbwebb-kurser/mvc_new/me/report/tests/Controller/LibraryControllerTest.php" line="110" assertions="9" time="0.017275"/>
      </testsuite>
      <testsuite name="App\Tests\Controller\LuckyControllerTest" file="/home/dbwebb-kurser/mvc_new/me/report/tests/Controller/LuckyControllerTest.php" tests="1" assertions="3" errors="0" warnings="0" failures="0" skipped="0" time="0.013291">
        <testcase name="testNumber" class="App\Tests\Controller\LuckyControllerTest" classname="App.Tests.Controller.LuckyControllerTest" file="/home/dbwebb-kurser/mvc_new/me/report/tests/Controller/LuckyControllerTest.php" line="9" assertions="3" time="0.013291"/>
      </testsuite>
      <testsuite name="App\Tests\Controller\MetricsControllerTest" file="/home/dbwebb-kurser/mvc_new/me/report/tests/Controller/MetricsControllerTest.php" tests="1" assertions="3" errors="0" warnings="0" failures="0" skipped="0" time="0.016479">
        <testcase name="testIndex" class="App\Tests\Controller\MetricsControllerTest" classname="App.Tests.Controller.MetricsControllerTest" file="/home/dbwebb-kurser/mvc_new/me/report/tests/Controller/MetricsControllerTest.php" line="9" assertions="3" time="0.016479"/>
      </testsuite>
      <testsuite name="App\Tests\Controller\ReportControllerTest" file="/home/dbwebb-kurser/mvc_new/me/report/tests/Controller/ReportControllerTest.php" tests="1" assertions="3" errors="0" warnings="0" failures="0" skipped="0" time="0.016787">
        <testcase name="testIndex" class="App\Tests\Controller\ReportControllerTest" classname="App.Tests.Controller.ReportControllerTest" file="/home/dbwebb-kurser/mvc_new/me/report/tests/Controller/ReportControllerTest.php" line="9" assertions="3" time="0.016787"/>
      </testsuite>
      <testsuite name="App\Tests\Entity\BankTest" file="/home/dbwebb-kurser/mvc_new/me/report/tests/Entity/BankTest.php" tests="1" assertions="2" errors="0" warnings="0" failures="0" skipped="0" time="0.002795">
        <testcase name="testBankPlay" class="App\Tests\Entity\BankTest" classname="App.Tests.Entity.BankTest" file="/home/dbwebb-kurser/mvc_new/me/report/tests/Entity/BankTest.php" line="12" assertions="2" time="0.002795"/>
      </testsuite>
      <testsuite name="App\Tests\Entity\CardHandTest" file="/home/dbwebb-kurser/mvc_new/me/report/tests/Entity/CardHandTest.php" tests="5" assertions="9" errors="0" warnings="0" failures="0" skipped="0" time="0.002464">
        <testcase name="testAddCard" class="App\Tests\Entity\CardHandTest" classname="App.Tests.Entity.CardHandTest" file="/home/dbwebb-kurser/mvc_new/me/report/tests/Entity/CardHandTest.php" line="12" assertions="1" time="0.000275"/>
        <testcase name="testGetCards" class="App\Tests\Entity\CardHandTest" classname="App.Tests.Entity.CardHandTest" file="/home/dbwebb-kurser/mvc_new/me/report/tests/Entity/CardHandTest.php" line="20" assertions="4" time="0.001172"/>
        <testcase name="testGetValue" class="App\Tests\Entity\CardHandTest" classname="App.Tests.Entity.CardHandTest" file="/home/dbwebb-kurser/mvc_new/me/report/tests/Entity/CardHandTest.php" line="36" assertions="2" time="0.000387"/>
        <testcase name="testToString" class="App\Tests\Entity\CardHandTest" classname="App.Tests.Entity.CardHandTest" file="/home/dbwebb-kurser/mvc_new/me/report/tests/Entity/CardHandTest.php" line="50" assertions="1" time="0.000308"/>
        <testcase name="testGetValueWithFaceCard" class="App\Tests\Entity\CardHandTest" classname="App.Tests.Entity.CardHandTest" file="/home/dbwebb-kurser/mvc_new/me/report/tests/Entity/CardHandTest.php" line="59" assertions="1" time="0.000321"/>
      </testsuite>
      <testsuite name="App\Tests\Entity\CardTest" file="/home/dbwebb-kurser/mvc_new/me/report/tests/Entity/CardTest.php" tests="8" assertions="15" errors="0" warnings="0" failures="0" skipped="0" time="0.002525">
        <testcase name="testCardCreation" class="App\Tests\Entity\CardTest" classname="App.Tests.Entity.CardTest" file="/home/dbwebb-kurser/mvc_new/me/report/tests/Entity/CardTest.php" line="11" assertions="3" time="0.000347"/>
        <testcase name="testGetSuit" class="App\Tests\Entity\CardTest" classname="App.Tests.Entity.CardTest" file="/home/dbwebb-kurser/mvc_new/me/report/tests/Entity/CardTest.php" line="20" assertions="1" time="0.000308"/>
        <testcase name="testGetValue" class="App\Tests\Entity\CardTest" classname="App.Tests.Entity.CardTest" file="/home/dbwebb-kurser/mvc_new/me/report/tests/Entity/CardTest.php" line="26" assertions="1" time="0.000276"/>
        <testcase name="testJsonSerialization" class="App\Tests\Entity\CardTest" classname="App.Tests.Entity.CardTest" file="/home/dbwebb-kurser/mvc_new/me/report/tests/Entity/CardTest.php" line="32" assertions="4" time="0.000338"/>
        <testcase name="testCardToString" class="App\Tests\Entity\CardTest" classname="App.Tests.Entity.CardTest" file="/home/dbwebb-kurser/mvc_new/me/report/tests/Entity/CardTest.php" line="43" assertions="1" time="0.000301"/>
        <testcase name="testGetSuitSymbol" class="App\Tests\Entity\CardTest" classname="App.Tests.Entity.CardTest" file="/home/dbwebb-kurser/mvc_new/me/report/tests/Entity/CardTest.php" line="49" assertions="1" time="0.000348"/>
        <testcase name="testCardToArray" class="App\Tests\Entity\CardTest" classname="App.Tests.Entity.CardTest" file="/home/dbwebb-kurser/mvc_new/me/report/tests/Entity/CardTest.php" line="60" assertions="1" time="0.000290"/>
        <testcase name="testFromArray" class="App\Tests\Entity\CardTest" classname="App.Tests.Entity.CardTest" file="/home/dbwebb-kurser/mvc_new/me/report/tests/Entity/CardTest.php" line="69" assertions="3" time="0.000319"/>
      </testsuite>
      <testsuite name="App\Tests\Entity\DeckOfCardsTest" file="/home/dbwebb-kurser/mvc_new/me/report/tests/Entity/DeckOfCardsTest.php" tests="10" assertions="16" errors="0" warnings="0" failures="0" skipped="0" time="0.011492">
        <testcase name="testDeckInitialization" class="App\Tests\Entity\DeckOfCardsTest" classname="App.Tests.Entity.DeckOfCardsTest" file="/home/dbwebb-kurser/mvc_new/me/report/tests/Entity/DeckOfCardsTest.php" line="13" assertions="1" time="0.000463"/>
        <testcase name="testShuffleDeck" class="App\Tests\Entity\DeckOfCardsTest" classname="App.Tests.Entity.DeckOfCardsTest" file="/home/dbwebb-kurser/mvc_new/me/report/tests/Entity/DeckOfCardsTest.php" line="21" assertions="1" time="0.005587"/>
        <testcase name="testDrawCard" class="App\Tests\Entity\DeckOfCardsTest" classname="App.Tests.Entity.DeckOfCardsTest" file="/home/dbwebb-kurser/mvc_new/me/report/tests/Entity/DeckOfCardsTest.php" line="31" assertions="2" time="0.000434"/>
        <testcase name="testDrawCardWhenDeckIsEmpty" class="App\Tests\Entity\DeckOfCardsTest" classname="App.Tests.Entity.DeckOfCardsTest" file="/home/dbwebb-kurser/mvc_new/me/report/tests/Entity/DeckOfCardsTest.php" line="40" assertions="1" time="0.000419"/>
        <testcase name="testResetDeck" class="App\Tests\Entity\DeckOfCardsTest" classname="App.Tests.Entity.DeckOfCardsTest" file="/home/dbwebb-kurser/mvc_new/me/report/tests/Entity/DeckOfCardsTest.php" line="49" assertions="1" time="0.000587"/>
        <testcase name="testGetCards" class="App\Tests\Entity\DeckOfCardsTest" classname="App.Tests.Entity.DeckOfCardsTest" file="/home/dbwebb-kurser/mvc_new/me/report/tests/Entity/DeckOfCardsTest.php" line="58" assertions="2" time="0.000443"/>
        <testcase name="testGetSortedCards" class="App\Tests\Entity\DeckOfCardsTest" classname="App.Tests.Entity.DeckOfCardsTest" file="/home/dbwebb-kurser/mvc_new/me/report/tests/Entity/DeckOfCardsTest.php" line="67" assertions="2" time="0.002078"/>
        <testcase name="testSetCards" class="App\Tests\Entity\DeckOfCardsTest" classname="App.Tests.Entity.DeckOfCardsTest" file="/home/dbwebb-kurser/mvc_new/me/report/tests/Entity/DeckOfCardsTest.php" line="76" assertions="2" time="0.000560"/>
        <testcase name="testToString" class="App\Tests\Entity\DeckOfCardsTest" classname="App.Tests.Entity.DeckOfCardsTest" file="/home/dbwebb-kurser/mvc_new/me/report/tests/Entity/DeckOfCardsTest.php" line="86" assertions="1" time="0.000448"/>
        <testcase name="testDetailedString" class="App\Tests\Entity\DeckOfCardsTest" classname="App.Tests.Entity.DeckOfCardsTest" file="/home/dbwebb-kurser/mvc_new/me/report/tests/Entity/DeckOfCardsTest.php" line="92" assertions="3" time="0.000472"/>
      </testsuite>
      <testsuite name="App\Tests\Entity\GameTest" file="/home/dbwebb-kurser/mvc_new/me/report/tests/Entity/GameTest.php" tests="11" assertions="17" errors="0" warnings="0" failures="0" skipped="0" time="0.006233">
        <testcase name="testGetPlayer" class="App\Tests\Entity\GameTest" classname="App.Tests.Entity.GameTest" file="/home/dbwebb-kurser/mvc_new/me/report/tests/Entity/GameTest.php" line="29" assertions="1" time="0.000434"/>
        <testcase name="testGetBank" class="App\Tests\Entity\GameTest" classname="App.Tests.Entity.GameTest" file="/home/dbwebb-kurser/mvc_new/me/report/tests/Entity/GameTest.php" line="35" assertions="1" time="0.000449"/>
        <testcase name="testGetDeck" class="App\Tests\Entity\GameTest" classname="App.Tests.Entity.GameTest" file="/home/dbwebb-kurser/mvc_new/me/report/tests/Entity/GameTest.php" line="41" assertions="2" time="0.000435"/>
        <testcase name="testPlayerDrawCard" class="App\Tests\Entity\GameTest" classname="App.Tests.Entity.GameTest" file="/home/dbwebb-kurser/mvc_new/me/report/tests/Entity/GameTest.php" line="48" assertions="1" time="0.000434"/>
        <testcase name="testBankPlay" class="App\Tests\Entity\GameTest" classname="App.Tests.Entity.GameTest" file="/home/dbwebb-kurser/mvc_new/me/report/tests/Entity/GameTest.php" line="54" assertions="2" time="0.000655"/>
        <testcase name="testWinnerByHigherValue" class="App\Tests\Entity\GameTest" classname="App.Tests.Entity.GameTest" file="/home/dbwebb-kurser/mvc_new/me/report/tests/Entity/GameTest.php" line="60" assertions="2" time="0.000490"/>
        <testcase name="testBankWinsPlayerBusts" class="App\Tests\Entity\GameTest" classname="App.Tests.Entity.GameTest" file="/home/dbwebb-kurser/mvc_new/me/report/tests/Entity/GameTest.php" line="88" assertions="1" time="0.000480"/>
        <testcase name="testPlayerWinsBankBusts" class="App\Tests\Entity\GameTest" classname="App.Tests.Entity.GameTest" file="/home/dbwebb-kurser/mvc_new/me/report/tests/Entity/GameTest.php" line="103" assertions="1" time="0.000495"/>
        <testcase name="testToArray" class="App\Tests\Entity\GameTest" classname="App.Tests.Entity.GameTest" file="/home/dbwebb-kurser/mvc_new/me/report/tests/Entity/GameTest.php" line="118" assertions="4" time="0.000580"/>
        <testcase name="testFromArray" class="App\Tests\Entity\GameTest" classname="App.Tests.Entity.GameTest" file="/home/dbwebb-kurser/mvc_new/me/report/tests/Entity/GameTest.php" line="127" assertions="1" time="0.001136"/>
        <testcase name="testFromArrayAddCardLine" class="App\Tests\Entity\GameTest" classname="App.Tests.Entity.GameTest" file="/home/dbwebb-kurser/mvc_new/me/report/tests/Entity/GameTest.php" line="141" assertions="1" time="0.000646"/>
      </testsuite>
      <testsuite name="App\Tests\Entity\PlayerTest" file="/home/dbwebb-kurser/mvc_new/me/report/tests/Entity/PlayerTest.php" tests="1" assertions="3" errors="0" warnings="0" failures="0" skipped="0" time="0.000378">
        <testcase name="testPlayerHand" class="App\Tests\Entity\PlayerTest" classname="App.Tests.Entity.PlayerTest" file="/home/dbwebb-kurser/mvc_new/me/report/tests/Entity/PlayerTest.php" line="11" assertions="3" time="0.000378"/>
      </testsuite>
      <testsuite name="App\Tests\Entity\Proj\BankTest" file="/home/dbwebb-kurser/mvc_new/me/report/tests/Entity/Proj/BankTest.php" tests="1" assertions="2" errors="0" warnings="0" failures="0" skipped="0" time="0.002991">
        <testcase name="testBankPlay" class="App\Tests\Entity\Proj\BankTest" classname="App.Tests.Entity.Proj.BankTest" file="/home/dbwebb-kurser/mvc_new/me/report/tests/Entity/Proj/BankTest.php" line="12" assertions="2" time="0.002991"/>
      </testsuite>
      <testsuite name="App\Tests\Project\Entity\CardHandTest" file="/home/dbwebb-kurser/mvc_new/me/report/tests/Entity/Proj/CardHandTest.php" tests="5" assertions="9" errors="0" warnings="0" failures="0" skipped="0" time="0.001637">
        <testcase name="testAddCard" class="App\Tests\Project\Entity\CardHandTest" classname="App.Tests.Project.Entity.CardHandTest" file="/home/dbwebb-kurser/mvc_new/me/report/tests/Entity/Proj/CardHandTest.php" line="12" assertions="1" time="0.000340"/>
        <testcase name="testGetCards" class="App\Tests\Project\Entity\CardHandTest" classname="App.Tests.Project.Entity.CardHandTest" file="/home/dbwebb-kurser/mvc_new/me/report/tests/Entity/Proj/CardHandTest.php" line="20" assertions="4" time="0.000327"/>
        <testcase name="testGetValue" class="App\Tests\Project\Entity\CardHandTest" classname="App.Tests.Project.Entity.CardHandTest" file="/home/dbwebb-kurser/mvc_new/me/report/tests/Entity/Proj/CardHandTest.php" line="36" assertions="2" time="0.000360"/>
        <testcase name="testToString" class="App\Tests\Project\Entity\CardHandTest" classname="App.Tests.Project.Entity.CardHandTest" file="/home/dbwebb-kurser/mvc_new/me/report/tests/Entity/Proj/CardHandTest.php" line="50" assertions="1" time="0.000299"/>
        <testcase name="testGetValueWithFaceCard" class="App\Tests\Project\Entity\CardHandTest" classname="App.Tests.Project.Entity.CardHandTest" file="/home/dbwebb-kurser/mvc_new/me/report/tests/Entity/Proj/CardHandTest.php" line="59" assertions="1" time="0.000312"/>
      </testsuite>
      <testsuite name="App\Tests\Proj\Entity\CardTest" file="/home/dbwebb-kurser/mvc_new/me/report/tests/Entity/Proj/CardTest.php" tests="8" assertions="15" errors="0" warnings="0" failures="0" skipped="0" time="0.002291">
        <testcase name="testCardCreation" class="App\Tests\Proj\Entity\CardTest" classname="App.Tests.Proj.Entity.CardTest" file="/home/dbwebb-kurser/mvc_new/me/report/tests/Entity/Proj/CardTest.php" line="11" assertions="3" time="0.000281"/>
        <testcase name="testGetSuit" class="App\Tests\Proj\Entity\CardTest" classname="App.Tests.Proj.Entity.CardTest" file="/home/dbwebb-kurser/mvc_new/me/report/tests/Entity/Proj/CardTest.php" line="20" assertions="1" time="0.000261"/>
        <testcase name="testGetValue" class="App\Tests\Proj\Entity\CardTest" classname="App.Tests.Proj.Entity.CardTest" file="/home/dbwebb-kurser/mvc_new/me/report/tests/Entity/Proj/CardTest.php" line="26" assertions="1" time="0.000296"/>
        <testcase name="testJsonSerialization" class="App\Tests\Proj\Entity\CardTest" classname="App.Tests.Proj.Entity.CardTest" file="/home/dbwebb-kurser/mvc_new/me/report/tests/Entity/Proj/CardTest.php" line="32" assertions="4" time="0.000297"/>
        <testcase name="testCardToString" class="App\Tests\Proj\Entity\CardTest" classname="App.Tests.Proj.Entity.CardTest" file="/home/dbwebb-kurser/mvc_new/me/report/tests/Entity/Proj/CardTest.php" line="43" assertions="1" time="0.000270"/>
        <testcase name="testGetSuitSymbol" class="App\Tests\Proj\Entity\CardTest" classname="App.Tests.Proj.Entity.CardTest" file="/home/dbwebb-kurser/mvc_new/me/report/tests/Entity/Proj/CardTest.php" line="49" assertions="1" time="0.000296"/>
        <testcase name="testCardToArray" class="App\Tests\Proj\Entity\CardTest" classname="App.Tests.Proj.Entity.CardTest" file="/home/dbwebb-kurser/mvc_new/me/report/tests/Entity/Proj/CardTest.php" line="60" assertions="1" time="0.000285"/>
        <testcase name="testFromArray" class="App\Tests\Proj\Entity\CardTest" classname="App.Tests.Proj.Entity.CardTest" file="/home/dbwebb-kurser/mvc_new/me/report/tests/Entity/Proj/CardTest.php" line="69" assertions="3" time="0.000305"/>
      </testsuite>
      <testsuite name="App\Tests\Proj\Entity\DeckOfCardsTest" file="/home/dbwebb-kurser/mvc_new/me/report/tests/Entity/Proj/DeckOfCardsTest.php" tests="10" assertions="16" errors="0" warnings="0" failures="0" skipped="0" time="0.011645">
        <testcase name="testDeckInitialization" class="App\Tests\Proj\Entity\DeckOfCardsTest" classname="App.Tests.Proj.Entity.DeckOfCardsTest" file="/home/dbwebb-kurser/mvc_new/me/report/tests/Entity/Proj/DeckOfCardsTest.php" line="13" assertions="1" time="0.000492"/>
        <testcase name="testShuffleDeck" class="App\Tests\Proj\Entity\DeckOfCardsTest" classname="App.Tests.Proj.Entity.DeckOfCardsTest" file="/home/dbwebb-kurser/mvc_new/me/report/tests/Entity/Proj/DeckOfCardsTest.php" line="21" assertions="1" time="0.005845"/>
        <testcase name="testDrawCard" class="App\Tests\Proj\Entity\DeckOfCardsTest" classname="App.Tests.Proj.Entity.DeckOfCardsTest" file="/home/dbwebb-kurser/mvc_new/me/report/tests/Entity/Proj/DeckOfCardsTest.php" line="31" assertions="2" time="0.000442"/>
        <testcase name="testDrawCardWhenDeckIsEmpty" class="App\Tests\Proj\Entity\DeckOfCardsTest" classname="App.Tests.Proj.Entity.DeckOfCardsTest" file="/home/dbwebb-kurser/mvc_new/me/report/tests/Entity/Proj/DeckOfCardsTest.php" line="40" assertions="1" time="0.000451"/>
        <testcase name="testResetDeck" class="App\Tests\Proj\Entity\DeckOfCardsTest" classname="App.Tests.Proj.Entity.DeckOfCardsTest" file="/home/dbwebb-kurser/mvc_new/me/report/tests/Entity/Proj/DeckOfCardsTest.php" line="49" assertions="1" time="0.000466"/>
        <testcase name="testGetCards" class="App\Tests\Proj\Entity\DeckOfCardsTest" classname="App.Tests.Proj.Entity.DeckOfCardsTest" file="/home/dbwebb-kurser/mvc_new/me/report/tests/Entity/Proj/DeckOfCardsTest.php" line="58" assertions="2" time="0.000420"/>
        <testcase name="testGetSortedCards" class="App\Tests\Proj\Entity\DeckOfCardsTest" classname="App.Tests.Proj.Entity.DeckOfCardsTest" file="/home/dbwebb-kurser/mvc_new/me/report/tests/Entity/Proj/DeckOfCardsTest.php" line="67" assertions="2" time="0.002237"/>
        <testcase name="testSetCards" class="App\Tests\Proj\Entity\DeckOfCardsTest" classname="App.Tests.Proj.Entity.DeckOfCardsTest" file="/home/dbwebb-kurser/mvc_new/me/report/tests/Entity/Proj/DeckOfCardsTest.php" line="76" assertions="2" time="0.000416"/>
        <testcase name="testToString" class="App\Tests\Proj\Entity\DeckOfCardsTest" classname="App.Tests.Proj.Entity.DeckOfCardsTest" file="/home/dbwebb-kurser/mvc_new/me/report/tests/Entity/Proj/DeckOfCardsTest.php" line="86" assertions="1" time="0.000397"/>
        <testcase name="testDetailedString" class="App\Tests\Proj\Entity\DeckOfCardsTest" classname="App.Tests.Proj.Entity.DeckOfCardsTest" file="/home/dbwebb-kurser/mvc_new/me/report/tests/Entity/Proj/DeckOfCardsTest.php" line="92" assertions="3" time="0.000480"/>
      </testsuite>
      <testsuite name="App\Tests\Proj\Entity\GameTest" file="/home/dbwebb-kurser/mvc_new/me/report/tests/Entity/Proj/GameTest.php" tests="12" assertions="25" errors="0" warnings="0" failures="0" skipped="0" time="0.008850">
        <testcase name="testGetPlayer" class="App\Tests\Proj\Entity\GameTest" classname="App.Tests.Proj.Entity.GameTest" file="/home/dbwebb-kurser/mvc_new/me/report/tests/Entity/Proj/GameTest.php" line="31" assertions="1" time="0.001238"/>
        <testcase name="testGetBank" class="App\Tests\Proj\Entity\GameTest" classname="App.Tests.Proj.Entity.GameTest" file="/home/dbwebb-kurser/mvc_new/me/report/tests/Entity/Proj/GameTest.php" line="37" assertions="1" time="0.000444"/>
        <testcase name="testGetDeck" class="App\Tests\Proj\Entity\GameTest" classname="App.Tests.Proj.Entity.GameTest" file="/home/dbwebb-kurser/mvc_new/me/report/tests/Entity/Proj/GameTest.php" line="43" assertions="2" time="0.000396"/>
        <testcase name="testBankPlay" class="App\Tests\Proj\Entity\GameTest" classname="App.Tests.Proj.Entity.GameTest" file="/home/dbwebb-kurser/mvc_new/me/report/tests/Entity/Proj/GameTest.php" line="61" assertions="2" time="0.000842"/>
        <testcase name="testBankWinsPlayerBusts" class="App\Tests\Proj\Entity\GameTest" classname="App.Tests.Proj.Entity.GameTest" file="/home/dbwebb-kurser/mvc_new/me/report/tests/Entity/Proj/GameTest.php" line="68" assertions="1" time="0.000921"/>
        <testcase name="testPlayerWinsBankBusts" class="App\Tests\Proj\Entity\GameTest" classname="App.Tests.Proj.Entity.GameTest" file="/home/dbwebb-kurser/mvc_new/me/report/tests/Entity/Proj/GameTest.php" line="83" assertions="1" time="0.000475"/>
        <testcase name="testToArray" class="App\Tests\Proj\Entity\GameTest" classname="App.Tests.Proj.Entity.GameTest" file="/home/dbwebb-kurser/mvc_new/me/report/tests/Entity/Proj/GameTest.php" line="98" assertions="4" time="0.000577"/>
        <testcase name="testFromArray" class="App\Tests\Proj\Entity\GameTest" classname="App.Tests.Proj.Entity.GameTest" file="/home/dbwebb-kurser/mvc_new/me/report/tests/Entity/Proj/GameTest.php" line="107" assertions="1" time="0.001186"/>
        <testcase name="testFromArrayAddCardLine" class="App\Tests\Proj\Entity\GameTest" classname="App.Tests.Proj.Entity.GameTest" file="/home/dbwebb-kurser/mvc_new/me/report/tests/Entity/Proj/GameTest.php" line="128" assertions="5" time="0.000689"/>
        <testcase name="testAllPlayersDone" class="App\Tests\Proj\Entity\GameTest" classname="App.Tests.Proj.Entity.GameTest" file="/home/dbwebb-kurser/mvc_new/me/report/tests/Entity/Proj/GameTest.php" line="158" assertions="4" time="0.001048"/>
        <testcase name="testGetBetAmount" class="App\Tests\Proj\Entity\GameTest" classname="App.Tests.Proj.Entity.GameTest" file="/home/dbwebb-kurser/mvc_new/me/report/tests/Entity/Proj/GameTest.php" line="187" assertions="1" time="0.000547"/>
        <testcase name="testPlayerHandBusted" class="App\Tests\Proj\Entity\GameTest" classname="App.Tests.Proj.Entity.GameTest" file="/home/dbwebb-kurser/mvc_new/me/report/tests/Entity/Proj/GameTest.php" line="199" assertions="2" time="0.000488"/>
      </testsuite>
      <testsuite name="App\Tests\Proj\Entity\PlayerTest" file="/home/dbwebb-kurser/mvc_new/me/report/tests/Entity/Proj/PlayerTest.php" tests="2" assertions="5" errors="0" warnings="0" failures="0" skipped="0" time="0.000691">
        <testcase name="testPlayerHand" class="App\Tests\Proj\Entity\PlayerTest" classname="App.Tests.Proj.Entity.PlayerTest" file="/home/dbwebb-kurser/mvc_new/me/report/tests/Entity/Proj/PlayerTest.php" line="11" assertions="3" time="0.000333"/>
        <testcase name="testPlayerIsBusted" class="App\Tests\Proj\Entity\PlayerTest" classname="App.Tests.Proj.Entity.PlayerTest" file="/home/dbwebb-kurser/mvc_new/me/report/tests/Entity/Proj/PlayerTest.php" line="23" assertions="2" time="0.000358"/>
      </testsuite>
    </testsuite>
  </testsuite>
</testsuites>
