<?xml version="1.0" encoding="UTF-8"?>
<testsuites>
  <testsuite name="" tests="120" assertions="300" errors="0" warnings="0" failures="0" skipped="0" time="2.226341">
    <testsuite name="Project Test Suite" tests="120" assertions="300" errors="0" warnings="0" failures="0" skipped="0" time="2.226341">
      <testsuite name="App\Tests\Controller\AboutControllerTest" file="/home/dbwebb-kurser/mvc_new/me/report/tests/Controller/AboutControllerTest.php" tests="1" assertions="3" errors="0" warnings="0" failures="0" skipped="0" time="0.402009">
        <testcase name="testIndex" class="App\Tests\Controller\AboutControllerTest" classname="App.Tests.Controller.AboutControllerTest" file="/home/dbwebb-kurser/mvc_new/me/report/tests/Controller/AboutControllerTest.php" line="9" assertions="3" time="0.402009"/>
      </testsuite>
      <testsuite name="App\Tests\Controller\ApiControllerTest" file="/home/dbwebb-kurser/mvc_new/me/report/tests/Controller/ApiControllerTest.php" tests="2" assertions="4" errors="0" warnings="0" failures="0" skipped="0" time="0.028238">
        <testcase name="testIndex" class="App\Tests\Controller\ApiControllerTest" classname="App.Tests.Controller.ApiControllerTest" file="/home/dbwebb-kurser/mvc_new/me/report/tests/Controller/ApiControllerTest.php" line="9" assertions="3" time="0.014508"/>
        <testcase name="testApiQuote" class="App\Tests\Controller\ApiControllerTest" classname="App.Tests.Controller.ApiControllerTest" file="/home/dbwebb-kurser/mvc_new/me/report/tests/Controller/ApiControllerTest.php" line="19" assertions="1" time="0.013730"/>
      </testsuite>
      <testsuite name="App\Tests\Controller\CardControllerTest" file="/home/dbwebb-kurser/mvc_new/me/report/tests/Controller/CardControllerTest.php" tests="9" assertions="27" errors="0" warnings="0" failures="0" skipped="0" time="0.197280">
        <testcase name="testIndex" class="App\Tests\Controller\CardControllerTest" classname="App.Tests.Controller.CardControllerTest" file="/home/dbwebb-kurser/mvc_new/me/report/tests/Controller/CardControllerTest.php" line="9" assertions="3" time="0.013282"/>
        <testcase name="testDeck" class="App\Tests\Controller\CardControllerTest" classname="App.Tests.Controller.CardControllerTest" file="/home/dbwebb-kurser/mvc_new/me/report/tests/Controller/CardControllerTest.php" line="19" assertions="3" time="0.031192"/>
        <testcase name="testShuffle" class="App\Tests\Controller\CardControllerTest" classname="App.Tests.Controller.CardControllerTest" file="/home/dbwebb-kurser/mvc_new/me/report/tests/Controller/CardControllerTest.php" line="29" assertions="3" time="0.019085"/>
        <testcase name="testDrawCard" class="App\Tests\Controller\CardControllerTest" classname="App.Tests.Controller.CardControllerTest" file="/home/dbwebb-kurser/mvc_new/me/report/tests/Controller/CardControllerTest.php" line="38" assertions="3" time="0.015991"/>
        <testcase name="testDrawAllCards" class="App\Tests\Controller\CardControllerTest" classname="App.Tests.Controller.CardControllerTest" file="/home/dbwebb-kurser/mvc_new/me/report/tests/Controller/CardControllerTest.php" line="48" assertions="3" time="0.043206"/>
        <testcase name="testDrawMoreThanAvailableCards" class="App\Tests\Controller\CardControllerTest" classname="App.Tests.Controller.CardControllerTest" file="/home/dbwebb-kurser/mvc_new/me/report/tests/Controller/CardControllerTest.php" line="62" assertions="3" time="0.036570"/>
        <testcase name="testDrawMultipleCards" class="App\Tests\Controller\CardControllerTest" classname="App.Tests.Controller.CardControllerTest" file="/home/dbwebb-kurser/mvc_new/me/report/tests/Controller/CardControllerTest.php" line="76" assertions="4" time="0.015478"/>
        <testcase name="testSessionData" class="App\Tests\Controller\CardControllerTest" classname="App.Tests.Controller.CardControllerTest" file="/home/dbwebb-kurser/mvc_new/me/report/tests/Controller/CardControllerTest.php" line="87" assertions="3" time="0.013070"/>
        <testcase name="testDeleteSession" class="App\Tests\Controller\CardControllerTest" classname="App.Tests.Controller.CardControllerTest" file="/home/dbwebb-kurser/mvc_new/me/report/tests/Controller/CardControllerTest.php" line="97" assertions="2" time="0.009406"/>
      </testsuite>
      <testsuite name="App\Tests\Controller\GameControllerTest" file="/home/dbwebb-kurser/mvc_new/me/report/tests/Controller/GameControllerTest.php" tests="12" assertions="29" errors="0" warnings="0" failures="0" skipped="0" time="0.443308">
        <testcase name="testIndex" class="App\Tests\Controller\GameControllerTest" classname="App.Tests.Controller.GameControllerTest" file="/home/dbwebb-kurser/mvc_new/me/report/tests/Controller/GameControllerTest.php" line="13" assertions="3" time="0.014200"/>
        <testcase name="testDoc" class="App\Tests\Controller\GameControllerTest" classname="App.Tests.Controller.GameControllerTest" file="/home/dbwebb-kurser/mvc_new/me/report/tests/Controller/GameControllerTest.php" line="23" assertions="3" time="0.012362"/>
        <testcase name="testDrawRedirectsToResultIfPlayerExceeds21" class="App\Tests\Controller\GameControllerTest" classname="App.Tests.Controller.GameControllerTest" file="/home/dbwebb-kurser/mvc_new/me/report/tests/Controller/GameControllerTest.php" line="33" assertions="1" time="0.233214"/>
        <testcase name="testPlayRedirectsToStartIfNoGameInSession" class="App\Tests\Controller\GameControllerTest" classname="App.Tests.Controller.GameControllerTest" file="/home/dbwebb-kurser/mvc_new/me/report/tests/Controller/GameControllerTest.php" line="51" assertions="2" time="0.008621"/>
        <testcase name="testDrawRedirectsToStartIfNoGameInSession" class="App\Tests\Controller\GameControllerTest" classname="App.Tests.Controller.GameControllerTest" file="/home/dbwebb-kurser/mvc_new/me/report/tests/Controller/GameControllerTest.php" line="60" assertions="2" time="0.007404"/>
        <testcase name="testStayRedirectsToStartIfNoGameInSession" class="App\Tests\Controller\GameControllerTest" classname="App.Tests.Controller.GameControllerTest" file="/home/dbwebb-kurser/mvc_new/me/report/tests/Controller/GameControllerTest.php" line="69" assertions="2" time="0.013538"/>
        <testcase name="testResultRedirectsToStartIfNoGameInSession" class="App\Tests\Controller\GameControllerTest" classname="App.Tests.Controller.GameControllerTest" file="/home/dbwebb-kurser/mvc_new/me/report/tests/Controller/GameControllerTest.php" line="78" assertions="2" time="0.007492"/>
        <testcase name="testStartGame" class="App\Tests\Controller\GameControllerTest" classname="App.Tests.Controller.GameControllerTest" file="/home/dbwebb-kurser/mvc_new/me/report/tests/Controller/GameControllerTest.php" line="87" assertions="2" time="0.008580"/>
        <testcase name="testPlayGame" class="App\Tests\Controller\GameControllerTest" classname="App.Tests.Controller.GameControllerTest" file="/home/dbwebb-kurser/mvc_new/me/report/tests/Controller/GameControllerTest.php" line="96" assertions="3" time="0.024056"/>
        <testcase name="testDrawCardInGame" class="App\Tests\Controller\GameControllerTest" classname="App.Tests.Controller.GameControllerTest" file="/home/dbwebb-kurser/mvc_new/me/report/tests/Controller/GameControllerTest.php" line="110" assertions="3" time="0.030290"/>
        <testcase name="testStayInGame" class="App\Tests\Controller\GameControllerTest" classname="App.Tests.Controller.GameControllerTest" file="/home/dbwebb-kurser/mvc_new/me/report/tests/Controller/GameControllerTest.php" line="120" assertions="3" time="0.029837"/>
        <testcase name="testGameResult" class="App\Tests\Controller\GameControllerTest" classname="App.Tests.Controller.GameControllerTest" file="/home/dbwebb-kurser/mvc_new/me/report/tests/Controller/GameControllerTest.php" line="133" assertions="3" time="0.053713"/>
      </testsuite>
      <testsuite name="App\Tests\Controller\HomeControllerTest" file="/home/dbwebb-kurser/mvc_new/me/report/tests/Controller/HomeControllerTest.php" tests="1" assertions="3" errors="0" warnings="0" failures="0" skipped="0" time="0.013165">
        <testcase name="testIndex" class="App\Tests\Controller\HomeControllerTest" classname="App.Tests.Controller.HomeControllerTest" file="/home/dbwebb-kurser/mvc_new/me/report/tests/Controller/HomeControllerTest.php" line="9" assertions="3" time="0.013165"/>
      </testsuite>
      <testsuite name="App\Tests\Controller\JsonApiControllerTest" file="/home/dbwebb-kurser/mvc_new/me/report/tests/Controller/JsonApiControllerTest.php" tests="10" assertions="52" errors="0" warnings="0" failures="0" skipped="0" time="0.537914">
        <testcase name="testDeck" class="App\Tests\Controller\JsonApiControllerTest" classname="App.Tests.Controller.JsonApiControllerTest" file="/home/dbwebb-kurser/mvc_new/me/report/tests/Controller/JsonApiControllerTest.php" line="10" assertions="4" time="0.018506"/>
        <testcase name="testShuffle" class="App\Tests\Controller\JsonApiControllerTest" classname="App.Tests.Controller.JsonApiControllerTest" file="/home/dbwebb-kurser/mvc_new/me/report/tests/Controller/JsonApiControllerTest.php" line="24" assertions="4" time="0.007707"/>
        <testcase name="testDraw" class="App\Tests\Controller\JsonApiControllerTest" classname="App.Tests.Controller.JsonApiControllerTest" file="/home/dbwebb-kurser/mvc_new/me/report/tests/Controller/JsonApiControllerTest.php" line="38" assertions="5" time="0.008182"/>
        <testcase name="testDrawMultiple" class="App\Tests\Controller\JsonApiControllerTest" classname="App.Tests.Controller.JsonApiControllerTest" file="/home/dbwebb-kurser/mvc_new/me/report/tests/Controller/JsonApiControllerTest.php" line="53" assertions="6" time="0.008457"/>
        <testcase name="testDrawCardsEmptyDeck" class="App\Tests\Controller\JsonApiControllerTest" classname="App.Tests.Controller.JsonApiControllerTest" file="/home/dbwebb-kurser/mvc_new/me/report/tests/Controller/JsonApiControllerTest.php" line="69" assertions="7" time="0.380814"/>
        <testcase name="testGameState" class="App\Tests\Controller\JsonApiControllerTest" classname="App.Tests.Controller.JsonApiControllerTest" file="/home/dbwebb-kurser/mvc_new/me/report/tests/Controller/JsonApiControllerTest.php" line="90" assertions="4" time="0.007236"/>
        <testcase name="testGameStateExists" class="App\Tests\Controller\JsonApiControllerTest" classname="App.Tests.Controller.JsonApiControllerTest" file="/home/dbwebb-kurser/mvc_new/me/report/tests/Controller/JsonApiControllerTest.php" line="104" assertions="7" time="0.015202"/>
        <testcase name="testGetAllBooks" class="App\Tests\Controller\JsonApiControllerTest" classname="App.Tests.Controller.JsonApiControllerTest" file="/home/dbwebb-kurser/mvc_new/me/report/tests/Controller/JsonApiControllerTest.php" line="122" assertions="4" time="0.072514"/>
        <testcase name="testGetBookByIsbn" class="App\Tests\Controller\JsonApiControllerTest" classname="App.Tests.Controller.JsonApiControllerTest" file="/home/dbwebb-kurser/mvc_new/me/report/tests/Controller/JsonApiControllerTest.php" line="136" assertions="7" time="0.011065"/>
        <testcase name="testGetNonExistentBookByIsbn" class="App\Tests\Controller\JsonApiControllerTest" classname="App.Tests.Controller.JsonApiControllerTest" file="/home/dbwebb-kurser/mvc_new/me/report/tests/Controller/JsonApiControllerTest.php" line="154" assertions="4" time="0.008230"/>
      </testsuite>
      <testsuite name="App\Tests\Controller\LibraryControllerTest" file="/home/dbwebb-kurser/mvc_new/me/report/tests/Controller/LibraryControllerTest.php" tests="7" assertions="35" errors="0" warnings="0" failures="0" skipped="0" time="0.504023">
        <testcase name="testIndex" class="App\Tests\Controller\LibraryControllerTest" classname="App.Tests.Controller.LibraryControllerTest" file="/home/dbwebb-kurser/mvc_new/me/report/tests/Controller/LibraryControllerTest.php" line="14" assertions="3" time="0.031180"/>
        <testcase name="testAdd" class="App\Tests\Controller\LibraryControllerTest" classname="App.Tests.Controller.LibraryControllerTest" file="/home/dbwebb-kurser/mvc_new/me/report/tests/Controller/LibraryControllerTest.php" line="26" assertions="3" time="0.069593"/>
        <testcase name="testResetLibrary" class="App\Tests\Controller\LibraryControllerTest" classname="App.Tests.Controller.LibraryControllerTest" file="/home/dbwebb-kurser/mvc_new/me/report/tests/Controller/LibraryControllerTest.php" line="35" assertions="7" time="0.073555"/>
        <testcase name="testEditBook" class="App\Tests\Controller\LibraryControllerTest" classname="App.Tests.Controller.LibraryControllerTest" file="/home/dbwebb-kurser/mvc_new/me/report/tests/Controller/LibraryControllerTest.php" line="49" assertions="4" time="0.172743"/>
        <testcase name="testDeleteBook" class="App\Tests\Controller\LibraryControllerTest" classname="App.Tests.Controller.LibraryControllerTest" file="/home/dbwebb-kurser/mvc_new/me/report/tests/Controller/LibraryControllerTest.php" line="70" assertions="4" time="0.122442"/>
        <testcase name="testInitializeDefaultBooks" class="App\Tests\Controller\LibraryControllerTest" classname="App.Tests.Controller.LibraryControllerTest" file="/home/dbwebb-kurser/mvc_new/me/report/tests/Controller/LibraryControllerTest.php" line="99" assertions="5" time="0.017253"/>
        <testcase name="testGetAllBooks" class="App\Tests\Controller\LibraryControllerTest" classname="App.Tests.Controller.LibraryControllerTest" file="/home/dbwebb-kurser/mvc_new/me/report/tests/Controller/LibraryControllerTest.php" line="110" assertions="9" time="0.017257"/>
      </testsuite>
      <testsuite name="App\Tests\Controller\LuckyControllerTest" file="/home/dbwebb-kurser/mvc_new/me/report/tests/Controller/LuckyControllerTest.php" tests="1" assertions="3" errors="0" warnings="0" failures="0" skipped="0" time="0.012983">
        <testcase name="testNumber" class="App\Tests\Controller\LuckyControllerTest" classname="App.Tests.Controller.LuckyControllerTest" file="/home/dbwebb-kurser/mvc_new/me/report/tests/Controller/LuckyControllerTest.php" line="9" assertions="3" time="0.012983"/>
      </testsuite>
      <testsuite name="App\Tests\Controller\MetricsControllerTest" file="/home/dbwebb-kurser/mvc_new/me/report/tests/Controller/MetricsControllerTest.php" tests="1" assertions="3" errors="0" warnings="0" failures="0" skipped="0" time="0.015013">
        <testcase name="testIndex" class="App\Tests\Controller\MetricsControllerTest" classname="App.Tests.Controller.MetricsControllerTest" file="/home/dbwebb-kurser/mvc_new/me/report/tests/Controller/MetricsControllerTest.php" line="9" assertions="3" time="0.015013"/>
      </testsuite>
      <testsuite name="App\Tests\Controller\ReportControllerTest" file="/home/dbwebb-kurser/mvc_new/me/report/tests/Controller/ReportControllerTest.php" tests="1" assertions="3" errors="0" warnings="0" failures="0" skipped="0" time="0.017251">
        <testcase name="testIndex" class="App\Tests\Controller\ReportControllerTest" classname="App.Tests.Controller.ReportControllerTest" file="/home/dbwebb-kurser/mvc_new/me/report/tests/Controller/ReportControllerTest.php" line="9" assertions="3" time="0.017251"/>
      </testsuite>
      <testsuite name="App\Tests\Entity\BankTest" file="/home/dbwebb-kurser/mvc_new/me/report/tests/Entity/BankTest.php" tests="1" assertions="2" errors="0" warnings="0" failures="0" skipped="0" time="0.002868">
        <testcase name="testBankPlay" class="App\Tests\Entity\BankTest" classname="App.Tests.Entity.BankTest" file="/home/dbwebb-kurser/mvc_new/me/report/tests/Entity/BankTest.php" line="12" assertions="2" time="0.002868"/>
      </testsuite>
      <testsuite name="App\Tests\Entity\CardHandTest" file="/home/dbwebb-kurser/mvc_new/me/report/tests/Entity/CardHandTest.php" tests="5" assertions="9" errors="0" warnings="0" failures="0" skipped="0" time="0.002366">
        <testcase name="testAddCard" class="App\Tests\Entity\CardHandTest" classname="App.Tests.Entity.CardHandTest" file="/home/dbwebb-kurser/mvc_new/me/report/tests/Entity/CardHandTest.php" line="12" assertions="1" time="0.000292"/>
        <testcase name="testGetCards" class="App\Tests\Entity\CardHandTest" classname="App.Tests.Entity.CardHandTest" file="/home/dbwebb-kurser/mvc_new/me/report/tests/Entity/CardHandTest.php" line="20" assertions="4" time="0.001020"/>
        <testcase name="testGetValue" class="App\Tests\Entity\CardHandTest" classname="App.Tests.Entity.CardHandTest" file="/home/dbwebb-kurser/mvc_new/me/report/tests/Entity/CardHandTest.php" line="36" assertions="2" time="0.000333"/>
        <testcase name="testToString" class="App\Tests\Entity\CardHandTest" classname="App.Tests.Entity.CardHandTest" file="/home/dbwebb-kurser/mvc_new/me/report/tests/Entity/CardHandTest.php" line="50" assertions="1" time="0.000385"/>
        <testcase name="testGetValueWithFaceCard" class="App\Tests\Entity\CardHandTest" classname="App.Tests.Entity.CardHandTest" file="/home/dbwebb-kurser/mvc_new/me/report/tests/Entity/CardHandTest.php" line="59" assertions="1" time="0.000336"/>
      </testsuite>
      <testsuite name="App\Tests\Entity\CardTest" file="/home/dbwebb-kurser/mvc_new/me/report/tests/Entity/CardTest.php" tests="8" assertions="15" errors="0" warnings="0" failures="0" skipped="0" time="0.002434">
        <testcase name="testCardCreation" class="App\Tests\Entity\CardTest" classname="App.Tests.Entity.CardTest" file="/home/dbwebb-kurser/mvc_new/me/report/tests/Entity/CardTest.php" line="11" assertions="3" time="0.000295"/>
        <testcase name="testGetSuit" class="App\Tests\Entity\CardTest" classname="App.Tests.Entity.CardTest" file="/home/dbwebb-kurser/mvc_new/me/report/tests/Entity/CardTest.php" line="20" assertions="1" time="0.000273"/>
        <testcase name="testGetValue" class="App\Tests\Entity\CardTest" classname="App.Tests.Entity.CardTest" file="/home/dbwebb-kurser/mvc_new/me/report/tests/Entity/CardTest.php" line="26" assertions="1" time="0.000277"/>
        <testcase name="testJsonSerialization" class="App\Tests\Entity\CardTest" classname="App.Tests.Entity.CardTest" file="/home/dbwebb-kurser/mvc_new/me/report/tests/Entity/CardTest.php" line="32" assertions="4" time="0.000357"/>
        <testcase name="testCardToString" class="App\Tests\Entity\CardTest" classname="App.Tests.Entity.CardTest" file="/home/dbwebb-kurser/mvc_new/me/report/tests/Entity/CardTest.php" line="43" assertions="1" time="0.000291"/>
        <testcase name="testGetSuitSymbol" class="App\Tests\Entity\CardTest" classname="App.Tests.Entity.CardTest" file="/home/dbwebb-kurser/mvc_new/me/report/tests/Entity/CardTest.php" line="49" assertions="1" time="0.000304"/>
        <testcase name="testCardToArray" class="App\Tests\Entity\CardTest" classname="App.Tests.Entity.CardTest" file="/home/dbwebb-kurser/mvc_new/me/report/tests/Entity/CardTest.php" line="60" assertions="1" time="0.000306"/>
        <testcase name="testFromArray" class="App\Tests\Entity\CardTest" classname="App.Tests.Entity.CardTest" file="/home/dbwebb-kurser/mvc_new/me/report/tests/Entity/CardTest.php" line="69" assertions="3" time="0.000330"/>
      </testsuite>
      <testsuite name="App\Tests\Entity\DeckOfCardsTest" file="/home/dbwebb-kurser/mvc_new/me/report/tests/Entity/DeckOfCardsTest.php" tests="10" assertions="16" errors="0" warnings="0" failures="0" skipped="0" time="0.011380">
        <testcase name="testDeckInitialization" class="App\Tests\Entity\DeckOfCardsTest" classname="App.Tests.Entity.DeckOfCardsTest" file="/home/dbwebb-kurser/mvc_new/me/report/tests/Entity/DeckOfCardsTest.php" line="13" assertions="1" time="0.000408"/>
        <testcase name="testShuffleDeck" class="App\Tests\Entity\DeckOfCardsTest" classname="App.Tests.Entity.DeckOfCardsTest" file="/home/dbwebb-kurser/mvc_new/me/report/tests/Entity/DeckOfCardsTest.php" line="21" assertions="1" time="0.005793"/>
        <testcase name="testDrawCard" class="App\Tests\Entity\DeckOfCardsTest" classname="App.Tests.Entity.DeckOfCardsTest" file="/home/dbwebb-kurser/mvc_new/me/report/tests/Entity/DeckOfCardsTest.php" line="31" assertions="2" time="0.000392"/>
        <testcase name="testDrawCardWhenDeckIsEmpty" class="App\Tests\Entity\DeckOfCardsTest" classname="App.Tests.Entity.DeckOfCardsTest" file="/home/dbwebb-kurser/mvc_new/me/report/tests/Entity/DeckOfCardsTest.php" line="40" assertions="1" time="0.000455"/>
        <testcase name="testResetDeck" class="App\Tests\Entity\DeckOfCardsTest" classname="App.Tests.Entity.DeckOfCardsTest" file="/home/dbwebb-kurser/mvc_new/me/report/tests/Entity/DeckOfCardsTest.php" line="49" assertions="1" time="0.000540"/>
        <testcase name="testGetCards" class="App\Tests\Entity\DeckOfCardsTest" classname="App.Tests.Entity.DeckOfCardsTest" file="/home/dbwebb-kurser/mvc_new/me/report/tests/Entity/DeckOfCardsTest.php" line="58" assertions="2" time="0.000420"/>
        <testcase name="testGetSortedCards" class="App\Tests\Entity\DeckOfCardsTest" classname="App.Tests.Entity.DeckOfCardsTest" file="/home/dbwebb-kurser/mvc_new/me/report/tests/Entity/DeckOfCardsTest.php" line="67" assertions="2" time="0.001987"/>
        <testcase name="testSetCards" class="App\Tests\Entity\DeckOfCardsTest" classname="App.Tests.Entity.DeckOfCardsTest" file="/home/dbwebb-kurser/mvc_new/me/report/tests/Entity/DeckOfCardsTest.php" line="76" assertions="2" time="0.000460"/>
        <testcase name="testToString" class="App\Tests\Entity\DeckOfCardsTest" classname="App.Tests.Entity.DeckOfCardsTest" file="/home/dbwebb-kurser/mvc_new/me/report/tests/Entity/DeckOfCardsTest.php" line="86" assertions="1" time="0.000380"/>
        <testcase name="testDetailedString" class="App\Tests\Entity\DeckOfCardsTest" classname="App.Tests.Entity.DeckOfCardsTest" file="/home/dbwebb-kurser/mvc_new/me/report/tests/Entity/DeckOfCardsTest.php" line="92" assertions="3" time="0.000545"/>
      </testsuite>
      <testsuite name="App\Tests\Entity\GameTest" file="/home/dbwebb-kurser/mvc_new/me/report/tests/Entity/GameTest.php" tests="11" assertions="17" errors="0" warnings="0" failures="0" skipped="0" time="0.006651">
        <testcase name="testGetPlayer" class="App\Tests\Entity\GameTest" classname="App.Tests.Entity.GameTest" file="/home/dbwebb-kurser/mvc_new/me/report/tests/Entity/GameTest.php" line="29" assertions="1" time="0.000410"/>
        <testcase name="testGetBank" class="App\Tests\Entity\GameTest" classname="App.Tests.Entity.GameTest" file="/home/dbwebb-kurser/mvc_new/me/report/tests/Entity/GameTest.php" line="35" assertions="1" time="0.000446"/>
        <testcase name="testGetDeck" class="App\Tests\Entity\GameTest" classname="App.Tests.Entity.GameTest" file="/home/dbwebb-kurser/mvc_new/me/report/tests/Entity/GameTest.php" line="41" assertions="2" time="0.000427"/>
        <testcase name="testPlayerDrawCard" class="App\Tests\Entity\GameTest" classname="App.Tests.Entity.GameTest" file="/home/dbwebb-kurser/mvc_new/me/report/tests/Entity/GameTest.php" line="48" assertions="1" time="0.000416"/>
        <testcase name="testBankPlay" class="App\Tests\Entity\GameTest" classname="App.Tests.Entity.GameTest" file="/home/dbwebb-kurser/mvc_new/me/report/tests/Entity/GameTest.php" line="54" assertions="2" time="0.000736"/>
        <testcase name="testWinnerByHigherValue" class="App\Tests\Entity\GameTest" classname="App.Tests.Entity.GameTest" file="/home/dbwebb-kurser/mvc_new/me/report/tests/Entity/GameTest.php" line="60" assertions="2" time="0.000630"/>
        <testcase name="testBankWinsPlayerBusts" class="App\Tests\Entity\GameTest" classname="App.Tests.Entity.GameTest" file="/home/dbwebb-kurser/mvc_new/me/report/tests/Entity/GameTest.php" line="88" assertions="1" time="0.000436"/>
        <testcase name="testPlayerWinsBankBusts" class="App\Tests\Entity\GameTest" classname="App.Tests.Entity.GameTest" file="/home/dbwebb-kurser/mvc_new/me/report/tests/Entity/GameTest.php" line="103" assertions="1" time="0.000513"/>
        <testcase name="testToArray" class="App\Tests\Entity\GameTest" classname="App.Tests.Entity.GameTest" file="/home/dbwebb-kurser/mvc_new/me/report/tests/Entity/GameTest.php" line="118" assertions="4" time="0.000678"/>
        <testcase name="testFromArray" class="App\Tests\Entity\GameTest" classname="App.Tests.Entity.GameTest" file="/home/dbwebb-kurser/mvc_new/me/report/tests/Entity/GameTest.php" line="127" assertions="1" time="0.001299"/>
        <testcase name="testFromArrayAddCardLine" class="App\Tests\Entity\GameTest" classname="App.Tests.Entity.GameTest" file="/home/dbwebb-kurser/mvc_new/me/report/tests/Entity/GameTest.php" line="141" assertions="1" time="0.000660"/>
      </testsuite>
      <testsuite name="App\Tests\Entity\PlayerTest" file="/home/dbwebb-kurser/mvc_new/me/report/tests/Entity/PlayerTest.php" tests="1" assertions="3" errors="0" warnings="0" failures="0" skipped="0" time="0.000375">
        <testcase name="testPlayerHand" class="App\Tests\Entity\PlayerTest" classname="App.Tests.Entity.PlayerTest" file="/home/dbwebb-kurser/mvc_new/me/report/tests/Entity/PlayerTest.php" line="11" assertions="3" time="0.000375"/>
      </testsuite>
      <testsuite name="App\Tests\Entity\Proj\BankTest" file="/home/dbwebb-kurser/mvc_new/me/report/tests/Entity/Proj/BankTest.php" tests="1" assertions="2" errors="0" warnings="0" failures="0" skipped="0" time="0.003018">
        <testcase name="testBankPlay" class="App\Tests\Entity\Proj\BankTest" classname="App.Tests.Entity.Proj.BankTest" file="/home/dbwebb-kurser/mvc_new/me/report/tests/Entity/Proj/BankTest.php" line="12" assertions="2" time="0.003018"/>
      </testsuite>
      <testsuite name="App\Tests\Project\Entity\CardHandTest" file="/home/dbwebb-kurser/mvc_new/me/report/tests/Entity/Proj/CardHandTest.php" tests="5" assertions="9" errors="0" warnings="0" failures="0" skipped="0" time="0.001622">
        <testcase name="testAddCard" class="App\Tests\Project\Entity\CardHandTest" classname="App.Tests.Project.Entity.CardHandTest" file="/home/dbwebb-kurser/mvc_new/me/report/tests/Entity/Proj/CardHandTest.php" line="12" assertions="1" time="0.000294"/>
        <testcase name="testGetCards" class="App\Tests\Project\Entity\CardHandTest" classname="App.Tests.Project.Entity.CardHandTest" file="/home/dbwebb-kurser/mvc_new/me/report/tests/Entity/Proj/CardHandTest.php" line="20" assertions="4" time="0.000306"/>
        <testcase name="testGetValue" class="App\Tests\Project\Entity\CardHandTest" classname="App.Tests.Project.Entity.CardHandTest" file="/home/dbwebb-kurser/mvc_new/me/report/tests/Entity/Proj/CardHandTest.php" line="36" assertions="2" time="0.000360"/>
        <testcase name="testToString" class="App\Tests\Project\Entity\CardHandTest" classname="App.Tests.Project.Entity.CardHandTest" file="/home/dbwebb-kurser/mvc_new/me/report/tests/Entity/Proj/CardHandTest.php" line="50" assertions="1" time="0.000329"/>
        <testcase name="testGetValueWithFaceCard" class="App\Tests\Project\Entity\CardHandTest" classname="App.Tests.Project.Entity.CardHandTest" file="/home/dbwebb-kurser/mvc_new/me/report/tests/Entity/Proj/CardHandTest.php" line="59" assertions="1" time="0.000333"/>
      </testsuite>
      <testsuite name="App\Tests\Proj\Entity\CardTest" file="/home/dbwebb-kurser/mvc_new/me/report/tests/Entity/Proj/CardTest.php" tests="8" assertions="15" errors="0" warnings="0" failures="0" skipped="0" time="0.002389">
        <testcase name="testCardCreation" class="App\Tests\Proj\Entity\CardTest" classname="App.Tests.Proj.Entity.CardTest" file="/home/dbwebb-kurser/mvc_new/me/report/tests/Entity/Proj/CardTest.php" line="11" assertions="3" time="0.000328"/>
        <testcase name="testGetSuit" class="App\Tests\Proj\Entity\CardTest" classname="App.Tests.Proj.Entity.CardTest" file="/home/dbwebb-kurser/mvc_new/me/report/tests/Entity/Proj/CardTest.php" line="20" assertions="1" time="0.000257"/>
        <testcase name="testGetValue" class="App\Tests\Proj\Entity\CardTest" classname="App.Tests.Proj.Entity.CardTest" file="/home/dbwebb-kurser/mvc_new/me/report/tests/Entity/Proj/CardTest.php" line="26" assertions="1" time="0.000291"/>
        <testcase name="testJsonSerialization" class="App\Tests\Proj\Entity\CardTest" classname="App.Tests.Proj.Entity.CardTest" file="/home/dbwebb-kurser/mvc_new/me/report/tests/Entity/Proj/CardTest.php" line="32" assertions="4" time="0.000296"/>
        <testcase name="testCardToString" class="App\Tests\Proj\Entity\CardTest" classname="App.Tests.Proj.Entity.CardTest" file="/home/dbwebb-kurser/mvc_new/me/report/tests/Entity/Proj/CardTest.php" line="43" assertions="1" time="0.000273"/>
        <testcase name="testGetSuitSymbol" class="App\Tests\Proj\Entity\CardTest" classname="App.Tests.Proj.Entity.CardTest" file="/home/dbwebb-kurser/mvc_new/me/report/tests/Entity/Proj/CardTest.php" line="49" assertions="1" time="0.000317"/>
        <testcase name="testCardToArray" class="App\Tests\Proj\Entity\CardTest" classname="App.Tests.Proj.Entity.CardTest" file="/home/dbwebb-kurser/mvc_new/me/report/tests/Entity/Proj/CardTest.php" line="60" assertions="1" time="0.000294"/>
        <testcase name="testFromArray" class="App\Tests\Proj\Entity\CardTest" classname="App.Tests.Proj.Entity.CardTest" file="/home/dbwebb-kurser/mvc_new/me/report/tests/Entity/Proj/CardTest.php" line="69" assertions="3" time="0.000333"/>
      </testsuite>
      <testsuite name="App\Tests\Proj\Entity\DeckOfCardsTest" file="/home/dbwebb-kurser/mvc_new/me/report/tests/Entity/Proj/DeckOfCardsTest.php" tests="10" assertions="16" errors="0" warnings="0" failures="0" skipped="0" time="0.011392">
        <testcase name="testDeckInitialization" class="App\Tests\Proj\Entity\DeckOfCardsTest" classname="App.Tests.Proj.Entity.DeckOfCardsTest" file="/home/dbwebb-kurser/mvc_new/me/report/tests/Entity/Proj/DeckOfCardsTest.php" line="13" assertions="1" time="0.000360"/>
        <testcase name="testShuffleDeck" class="App\Tests\Proj\Entity\DeckOfCardsTest" classname="App.Tests.Proj.Entity.DeckOfCardsTest" file="/home/dbwebb-kurser/mvc_new/me/report/tests/Entity/Proj/DeckOfCardsTest.php" line="21" assertions="1" time="0.005961"/>
        <testcase name="testDrawCard" class="App\Tests\Proj\Entity\DeckOfCardsTest" classname="App.Tests.Proj.Entity.DeckOfCardsTest" file="/home/dbwebb-kurser/mvc_new/me/report/tests/Entity/Proj/DeckOfCardsTest.php" line="31" assertions="2" time="0.000407"/>
        <testcase name="testDrawCardWhenDeckIsEmpty" class="App\Tests\Proj\Entity\DeckOfCardsTest" classname="App.Tests.Proj.Entity.DeckOfCardsTest" file="/home/dbwebb-kurser/mvc_new/me/report/tests/Entity/Proj/DeckOfCardsTest.php" line="40" assertions="1" time="0.000428"/>
        <testcase name="testResetDeck" class="App\Tests\Proj\Entity\DeckOfCardsTest" classname="App.Tests.Proj.Entity.DeckOfCardsTest" file="/home/dbwebb-kurser/mvc_new/me/report/tests/Entity/Proj/DeckOfCardsTest.php" line="49" assertions="1" time="0.000521"/>
        <testcase name="testGetCards" class="App\Tests\Proj\Entity\DeckOfCardsTest" classname="App.Tests.Proj.Entity.DeckOfCardsTest" file="/home/dbwebb-kurser/mvc_new/me/report/tests/Entity/Proj/DeckOfCardsTest.php" line="58" assertions="2" time="0.000373"/>
        <testcase name="testGetSortedCards" class="App\Tests\Proj\Entity\DeckOfCardsTest" classname="App.Tests.Proj.Entity.DeckOfCardsTest" file="/home/dbwebb-kurser/mvc_new/me/report/tests/Entity/Proj/DeckOfCardsTest.php" line="67" assertions="2" time="0.002023"/>
        <testcase name="testSetCards" class="App\Tests\Proj\Entity\DeckOfCardsTest" classname="App.Tests.Proj.Entity.DeckOfCardsTest" file="/home/dbwebb-kurser/mvc_new/me/report/tests/Entity/Proj/DeckOfCardsTest.php" line="76" assertions="2" time="0.000406"/>
        <testcase name="testToString" class="App\Tests\Proj\Entity\DeckOfCardsTest" classname="App.Tests.Proj.Entity.DeckOfCardsTest" file="/home/dbwebb-kurser/mvc_new/me/report/tests/Entity/Proj/DeckOfCardsTest.php" line="86" assertions="1" time="0.000401"/>
        <testcase name="testDetailedString" class="App\Tests\Proj\Entity\DeckOfCardsTest" classname="App.Tests.Proj.Entity.DeckOfCardsTest" file="/home/dbwebb-kurser/mvc_new/me/report/tests/Entity/Proj/DeckOfCardsTest.php" line="92" assertions="3" time="0.000512"/>
      </testsuite>
      <testsuite name="App\Tests\Proj\Entity\GameTest" file="/home/dbwebb-kurser/mvc_new/me/report/tests/Entity/Proj/GameTest.php" tests="13" assertions="29" errors="0" warnings="0" failures="0" skipped="0" time="0.009897">
        <testcase name="testGetPlayer" class="App\Tests\Proj\Entity\GameTest" classname="App.Tests.Proj.Entity.GameTest" file="/home/dbwebb-kurser/mvc_new/me/report/tests/Entity/Proj/GameTest.php" line="30" assertions="1" time="0.001229"/>
        <testcase name="testGetBank" class="App\Tests\Proj\Entity\GameTest" classname="App.Tests.Proj.Entity.GameTest" file="/home/dbwebb-kurser/mvc_new/me/report/tests/Entity/Proj/GameTest.php" line="36" assertions="1" time="0.000422"/>
        <testcase name="testGetDeck" class="App\Tests\Proj\Entity\GameTest" classname="App.Tests.Proj.Entity.GameTest" file="/home/dbwebb-kurser/mvc_new/me/report/tests/Entity/Proj/GameTest.php" line="42" assertions="2" time="0.000459"/>
        <testcase name="testPlayerDrawCard" class="App\Tests\Proj\Entity\GameTest" classname="App.Tests.Proj.Entity.GameTest" file="/home/dbwebb-kurser/mvc_new/me/report/tests/Entity/Proj/GameTest.php" line="49" assertions="4" time="0.000688">
          <system-out>object(Doctrine\Common\Collections\ArrayCollection)#4587 (1) {
  ["elements":"Doctrine\Common\Collections\ArrayCollection":private]=&gt;
  array(1) {
    [0]=&gt;
    object(App\Entity\Proj\CardHand)#6503 (3) {
      ["cards":"App\Entity\Proj\CardHand":private]=&gt;
      object(Doctrine\Common\Collections\ArrayCollection)#4618 (1) {
        ["elements":"Doctrine\Common\Collections\ArrayCollection":private]=&gt;
        array(0) {
        }
      }
      ["busted":"App\Entity\Proj\CardHand":private]=&gt;
      bool(false)
      ["stayed":"App\Entity\Proj\CardHand":private]=&gt;
      bool(false)
    }
  }
}
</system-out>
        </testcase>
        <testcase name="testBankPlay" class="App\Tests\Proj\Entity\GameTest" classname="App.Tests.Proj.Entity.GameTest" file="/home/dbwebb-kurser/mvc_new/me/report/tests/Entity/Proj/GameTest.php" line="74" assertions="2" time="0.000857"/>
        <testcase name="testBankWinsPlayerBusts" class="App\Tests\Proj\Entity\GameTest" classname="App.Tests.Proj.Entity.GameTest" file="/home/dbwebb-kurser/mvc_new/me/report/tests/Entity/Proj/GameTest.php" line="81" assertions="1" time="0.001028"/>
        <testcase name="testPlayerWinsBankBusts" class="App\Tests\Proj\Entity\GameTest" classname="App.Tests.Proj.Entity.GameTest" file="/home/dbwebb-kurser/mvc_new/me/report/tests/Entity/Proj/GameTest.php" line="96" assertions="1" time="0.000498"/>
        <testcase name="testToArray" class="App\Tests\Proj\Entity\GameTest" classname="App.Tests.Proj.Entity.GameTest" file="/home/dbwebb-kurser/mvc_new/me/report/tests/Entity/Proj/GameTest.php" line="111" assertions="4" time="0.000642"/>
        <testcase name="testFromArray" class="App\Tests\Proj\Entity\GameTest" classname="App.Tests.Proj.Entity.GameTest" file="/home/dbwebb-kurser/mvc_new/me/report/tests/Entity/Proj/GameTest.php" line="120" assertions="1" time="0.001279"/>
        <testcase name="testFromArrayAddCardLine" class="App\Tests\Proj\Entity\GameTest" classname="App.Tests.Proj.Entity.GameTest" file="/home/dbwebb-kurser/mvc_new/me/report/tests/Entity/Proj/GameTest.php" line="141" assertions="5" time="0.000708"/>
        <testcase name="testAllPlayersDone" class="App\Tests\Proj\Entity\GameTest" classname="App.Tests.Proj.Entity.GameTest" file="/home/dbwebb-kurser/mvc_new/me/report/tests/Entity/Proj/GameTest.php" line="171" assertions="4" time="0.001035"/>
        <testcase name="testGetBetAmount" class="App\Tests\Proj\Entity\GameTest" classname="App.Tests.Proj.Entity.GameTest" file="/home/dbwebb-kurser/mvc_new/me/report/tests/Entity/Proj/GameTest.php" line="200" assertions="1" time="0.000586"/>
        <testcase name="testPlayerHandBusted" class="App\Tests\Proj\Entity\GameTest" classname="App.Tests.Proj.Entity.GameTest" file="/home/dbwebb-kurser/mvc_new/me/report/tests/Entity/Proj/GameTest.php" line="212" assertions="2" time="0.000466"/>
      </testsuite>
      <testsuite name="App\Tests\Proj\Entity\PlayerTest" file="/home/dbwebb-kurser/mvc_new/me/report/tests/Entity/Proj/PlayerTest.php" tests="2" assertions="5" errors="0" warnings="0" failures="0" skipped="0" time="0.000762">
        <testcase name="testPlayerHand" class="App\Tests\Proj\Entity\PlayerTest" classname="App.Tests.Proj.Entity.PlayerTest" file="/home/dbwebb-kurser/mvc_new/me/report/tests/Entity/Proj/PlayerTest.php" line="11" assertions="3" time="0.000392"/>
        <testcase name="testPlayerIsBusted" class="App\Tests\Proj\Entity\PlayerTest" classname="App.Tests.Proj.Entity.PlayerTest" file="/home/dbwebb-kurser/mvc_new/me/report/tests/Entity/Proj/PlayerTest.php" line="23" assertions="2" time="0.000370"/>
      </testsuite>
    </testsuite>
  </testsuite>
</testsuites>
