<?xml version="1.0" encoding="UTF-8"?>
<testsuites>
  <testsuite name="" tests="81" assertions="224" errors="0" warnings="0" failures="0" skipped="0" time="3.844445">
    <testsuite name="Project Test Suite" tests="81" assertions="224" errors="0" warnings="0" failures="0" skipped="0" time="3.844445">
      <testsuite name="App\Tests\Controller\AboutControllerTest" file="/home/dbwebb-kurser/mvc_new/me/report/tests/Controller/AboutControllerTest.php" tests="1" assertions="3" errors="0" warnings="0" failures="0" skipped="0" time="1.865939">
        <testcase name="testIndex" class="App\Tests\Controller\AboutControllerTest" classname="App.Tests.Controller.AboutControllerTest" file="/home/dbwebb-kurser/mvc_new/me/report/tests/Controller/AboutControllerTest.php" line="9" assertions="3" time="1.865939"/>
      </testsuite>
      <testsuite name="App\Tests\Controller\ApiControllerTest" file="/home/dbwebb-kurser/mvc_new/me/report/tests/Controller/ApiControllerTest.php" tests="2" assertions="4" errors="0" warnings="0" failures="0" skipped="0" time="0.032317">
        <testcase name="testIndex" class="App\Tests\Controller\ApiControllerTest" classname="App.Tests.Controller.ApiControllerTest" file="/home/dbwebb-kurser/mvc_new/me/report/tests/Controller/ApiControllerTest.php" line="9" assertions="3" time="0.020617"/>
        <testcase name="testApiQuote" class="App\Tests\Controller\ApiControllerTest" classname="App.Tests.Controller.ApiControllerTest" file="/home/dbwebb-kurser/mvc_new/me/report/tests/Controller/ApiControllerTest.php" line="19" assertions="1" time="0.011700"/>
      </testsuite>
      <testsuite name="App\Tests\Controller\CardControllerTest" file="/home/dbwebb-kurser/mvc_new/me/report/tests/Controller/CardControllerTest.php" tests="9" assertions="27" errors="0" warnings="0" failures="0" skipped="0" time="0.217389">
        <testcase name="testIndex" class="App\Tests\Controller\CardControllerTest" classname="App.Tests.Controller.CardControllerTest" file="/home/dbwebb-kurser/mvc_new/me/report/tests/Controller/CardControllerTest.php" line="9" assertions="3" time="0.016957"/>
        <testcase name="testDeck" class="App\Tests\Controller\CardControllerTest" classname="App.Tests.Controller.CardControllerTest" file="/home/dbwebb-kurser/mvc_new/me/report/tests/Controller/CardControllerTest.php" line="19" assertions="3" time="0.029523"/>
        <testcase name="testShuffle" class="App\Tests\Controller\CardControllerTest" classname="App.Tests.Controller.CardControllerTest" file="/home/dbwebb-kurser/mvc_new/me/report/tests/Controller/CardControllerTest.php" line="29" assertions="3" time="0.022682"/>
        <testcase name="testDrawCard" class="App\Tests\Controller\CardControllerTest" classname="App.Tests.Controller.CardControllerTest" file="/home/dbwebb-kurser/mvc_new/me/report/tests/Controller/CardControllerTest.php" line="38" assertions="3" time="0.020528"/>
        <testcase name="testDrawAllCards" class="App\Tests\Controller\CardControllerTest" classname="App.Tests.Controller.CardControllerTest" file="/home/dbwebb-kurser/mvc_new/me/report/tests/Controller/CardControllerTest.php" line="48" assertions="3" time="0.043059"/>
        <testcase name="testDrawMoreThanAvailableCards" class="App\Tests\Controller\CardControllerTest" classname="App.Tests.Controller.CardControllerTest" file="/home/dbwebb-kurser/mvc_new/me/report/tests/Controller/CardControllerTest.php" line="62" assertions="3" time="0.038007"/>
        <testcase name="testDrawMultipleCards" class="App\Tests\Controller\CardControllerTest" classname="App.Tests.Controller.CardControllerTest" file="/home/dbwebb-kurser/mvc_new/me/report/tests/Controller/CardControllerTest.php" line="76" assertions="4" time="0.014750"/>
        <testcase name="testSessionData" class="App\Tests\Controller\CardControllerTest" classname="App.Tests.Controller.CardControllerTest" file="/home/dbwebb-kurser/mvc_new/me/report/tests/Controller/CardControllerTest.php" line="87" assertions="3" time="0.022124"/>
        <testcase name="testDeleteSession" class="App\Tests\Controller\CardControllerTest" classname="App.Tests.Controller.CardControllerTest" file="/home/dbwebb-kurser/mvc_new/me/report/tests/Controller/CardControllerTest.php" line="97" assertions="2" time="0.009759"/>
      </testsuite>
      <testsuite name="App\Tests\Controller\GameControllerTest" file="/home/dbwebb-kurser/mvc_new/me/report/tests/Controller/GameControllerTest.php" tests="12" assertions="29" errors="0" warnings="0" failures="0" skipped="0" time="0.472750">
        <testcase name="testIndex" class="App\Tests\Controller\GameControllerTest" classname="App.Tests.Controller.GameControllerTest" file="/home/dbwebb-kurser/mvc_new/me/report/tests/Controller/GameControllerTest.php" line="13" assertions="3" time="0.017486"/>
        <testcase name="testDoc" class="App\Tests\Controller\GameControllerTest" classname="App.Tests.Controller.GameControllerTest" file="/home/dbwebb-kurser/mvc_new/me/report/tests/Controller/GameControllerTest.php" line="23" assertions="3" time="0.016710"/>
        <testcase name="testDrawRedirectsToResultIfPlayerExceeds21" class="App\Tests\Controller\GameControllerTest" classname="App.Tests.Controller.GameControllerTest" file="/home/dbwebb-kurser/mvc_new/me/report/tests/Controller/GameControllerTest.php" line="33" assertions="1" time="0.255976"/>
        <testcase name="testPlayRedirectsToStartIfNoGameInSession" class="App\Tests\Controller\GameControllerTest" classname="App.Tests.Controller.GameControllerTest" file="/home/dbwebb-kurser/mvc_new/me/report/tests/Controller/GameControllerTest.php" line="51" assertions="2" time="0.008491"/>
        <testcase name="testDrawRedirectsToStartIfNoGameInSession" class="App\Tests\Controller\GameControllerTest" classname="App.Tests.Controller.GameControllerTest" file="/home/dbwebb-kurser/mvc_new/me/report/tests/Controller/GameControllerTest.php" line="60" assertions="2" time="0.007537"/>
        <testcase name="testStayRedirectsToStartIfNoGameInSession" class="App\Tests\Controller\GameControllerTest" classname="App.Tests.Controller.GameControllerTest" file="/home/dbwebb-kurser/mvc_new/me/report/tests/Controller/GameControllerTest.php" line="69" assertions="2" time="0.006938"/>
        <testcase name="testResultRedirectsToStartIfNoGameInSession" class="App\Tests\Controller\GameControllerTest" classname="App.Tests.Controller.GameControllerTest" file="/home/dbwebb-kurser/mvc_new/me/report/tests/Controller/GameControllerTest.php" line="78" assertions="2" time="0.008014"/>
        <testcase name="testStartGame" class="App\Tests\Controller\GameControllerTest" classname="App.Tests.Controller.GameControllerTest" file="/home/dbwebb-kurser/mvc_new/me/report/tests/Controller/GameControllerTest.php" line="87" assertions="2" time="0.007523"/>
        <testcase name="testPlayGame" class="App\Tests\Controller\GameControllerTest" classname="App.Tests.Controller.GameControllerTest" file="/home/dbwebb-kurser/mvc_new/me/report/tests/Controller/GameControllerTest.php" line="96" assertions="3" time="0.024402"/>
        <testcase name="testDrawCardInGame" class="App\Tests\Controller\GameControllerTest" classname="App.Tests.Controller.GameControllerTest" file="/home/dbwebb-kurser/mvc_new/me/report/tests/Controller/GameControllerTest.php" line="110" assertions="3" time="0.035617"/>
        <testcase name="testStayInGame" class="App\Tests\Controller\GameControllerTest" classname="App.Tests.Controller.GameControllerTest" file="/home/dbwebb-kurser/mvc_new/me/report/tests/Controller/GameControllerTest.php" line="120" assertions="3" time="0.029345"/>
        <testcase name="testGameResult" class="App\Tests\Controller\GameControllerTest" classname="App.Tests.Controller.GameControllerTest" file="/home/dbwebb-kurser/mvc_new/me/report/tests/Controller/GameControllerTest.php" line="133" assertions="3" time="0.054712"/>
      </testsuite>
      <testsuite name="App\Tests\Controller\HomeControllerTest" file="/home/dbwebb-kurser/mvc_new/me/report/tests/Controller/HomeControllerTest.php" tests="1" assertions="3" errors="0" warnings="0" failures="0" skipped="0" time="0.016305">
        <testcase name="testIndex" class="App\Tests\Controller\HomeControllerTest" classname="App.Tests.Controller.HomeControllerTest" file="/home/dbwebb-kurser/mvc_new/me/report/tests/Controller/HomeControllerTest.php" line="9" assertions="3" time="0.016305"/>
      </testsuite>
      <testsuite name="App\Tests\Controller\JsonApiControllerTest" file="/home/dbwebb-kurser/mvc_new/me/report/tests/Controller/JsonApiControllerTest.php" tests="10" assertions="52" errors="0" warnings="0" failures="0" skipped="0" time="0.527025">
        <testcase name="testDeck" class="App\Tests\Controller\JsonApiControllerTest" classname="App.Tests.Controller.JsonApiControllerTest" file="/home/dbwebb-kurser/mvc_new/me/report/tests/Controller/JsonApiControllerTest.php" line="10" assertions="4" time="0.013334"/>
        <testcase name="testShuffle" class="App\Tests\Controller\JsonApiControllerTest" classname="App.Tests.Controller.JsonApiControllerTest" file="/home/dbwebb-kurser/mvc_new/me/report/tests/Controller/JsonApiControllerTest.php" line="24" assertions="4" time="0.008160"/>
        <testcase name="testDraw" class="App\Tests\Controller\JsonApiControllerTest" classname="App.Tests.Controller.JsonApiControllerTest" file="/home/dbwebb-kurser/mvc_new/me/report/tests/Controller/JsonApiControllerTest.php" line="38" assertions="5" time="0.007754"/>
        <testcase name="testDrawMultiple" class="App\Tests\Controller\JsonApiControllerTest" classname="App.Tests.Controller.JsonApiControllerTest" file="/home/dbwebb-kurser/mvc_new/me/report/tests/Controller/JsonApiControllerTest.php" line="53" assertions="6" time="0.009237"/>
        <testcase name="testDrawCardsEmptyDeck" class="App\Tests\Controller\JsonApiControllerTest" classname="App.Tests.Controller.JsonApiControllerTest" file="/home/dbwebb-kurser/mvc_new/me/report/tests/Controller/JsonApiControllerTest.php" line="69" assertions="7" time="0.394104"/>
        <testcase name="testGameState" class="App\Tests\Controller\JsonApiControllerTest" classname="App.Tests.Controller.JsonApiControllerTest" file="/home/dbwebb-kurser/mvc_new/me/report/tests/Controller/JsonApiControllerTest.php" line="90" assertions="4" time="0.008545"/>
        <testcase name="testGameStateExists" class="App\Tests\Controller\JsonApiControllerTest" classname="App.Tests.Controller.JsonApiControllerTest" file="/home/dbwebb-kurser/mvc_new/me/report/tests/Controller/JsonApiControllerTest.php" line="104" assertions="7" time="0.015831"/>
        <testcase name="testGetAllBooks" class="App\Tests\Controller\JsonApiControllerTest" classname="App.Tests.Controller.JsonApiControllerTest" file="/home/dbwebb-kurser/mvc_new/me/report/tests/Controller/JsonApiControllerTest.php" line="122" assertions="4" time="0.051577"/>
        <testcase name="testGetBookByIsbn" class="App\Tests\Controller\JsonApiControllerTest" classname="App.Tests.Controller.JsonApiControllerTest" file="/home/dbwebb-kurser/mvc_new/me/report/tests/Controller/JsonApiControllerTest.php" line="136" assertions="7" time="0.009588"/>
        <testcase name="testGetNonExistentBookByIsbn" class="App\Tests\Controller\JsonApiControllerTest" classname="App.Tests.Controller.JsonApiControllerTest" file="/home/dbwebb-kurser/mvc_new/me/report/tests/Controller/JsonApiControllerTest.php" line="154" assertions="4" time="0.008895"/>
      </testsuite>
      <testsuite name="App\Tests\Controller\LibraryControllerTest" file="/home/dbwebb-kurser/mvc_new/me/report/tests/Controller/LibraryControllerTest.php" tests="7" assertions="35" errors="0" warnings="0" failures="0" skipped="0" time="0.630218">
        <testcase name="testIndex" class="App\Tests\Controller\LibraryControllerTest" classname="App.Tests.Controller.LibraryControllerTest" file="/home/dbwebb-kurser/mvc_new/me/report/tests/Controller/LibraryControllerTest.php" line="14" assertions="3" time="0.034655"/>
        <testcase name="testAdd" class="App\Tests\Controller\LibraryControllerTest" classname="App.Tests.Controller.LibraryControllerTest" file="/home/dbwebb-kurser/mvc_new/me/report/tests/Controller/LibraryControllerTest.php" line="26" assertions="3" time="0.197292"/>
        <testcase name="testResetLibrary" class="App\Tests\Controller\LibraryControllerTest" classname="App.Tests.Controller.LibraryControllerTest" file="/home/dbwebb-kurser/mvc_new/me/report/tests/Controller/LibraryControllerTest.php" line="35" assertions="7" time="0.067873"/>
        <testcase name="testEditBook" class="App\Tests\Controller\LibraryControllerTest" classname="App.Tests.Controller.LibraryControllerTest" file="/home/dbwebb-kurser/mvc_new/me/report/tests/Controller/LibraryControllerTest.php" line="49" assertions="4" time="0.162324"/>
        <testcase name="testDeleteBook" class="App\Tests\Controller\LibraryControllerTest" classname="App.Tests.Controller.LibraryControllerTest" file="/home/dbwebb-kurser/mvc_new/me/report/tests/Controller/LibraryControllerTest.php" line="70" assertions="4" time="0.134319"/>
        <testcase name="testInitializeDefaultBooks" class="App\Tests\Controller\LibraryControllerTest" classname="App.Tests.Controller.LibraryControllerTest" file="/home/dbwebb-kurser/mvc_new/me/report/tests/Controller/LibraryControllerTest.php" line="99" assertions="5" time="0.017256"/>
        <testcase name="testGetAllBooks" class="App\Tests\Controller\LibraryControllerTest" classname="App.Tests.Controller.LibraryControllerTest" file="/home/dbwebb-kurser/mvc_new/me/report/tests/Controller/LibraryControllerTest.php" line="110" assertions="9" time="0.016500"/>
      </testsuite>
      <testsuite name="App\Tests\Controller\LuckyControllerTest" file="/home/dbwebb-kurser/mvc_new/me/report/tests/Controller/LuckyControllerTest.php" tests="1" assertions="3" errors="0" warnings="0" failures="0" skipped="0" time="0.016025">
        <testcase name="testNumber" class="App\Tests\Controller\LuckyControllerTest" classname="App.Tests.Controller.LuckyControllerTest" file="/home/dbwebb-kurser/mvc_new/me/report/tests/Controller/LuckyControllerTest.php" line="9" assertions="3" time="0.016025"/>
      </testsuite>
      <testsuite name="App\Tests\Controller\MetricsControllerTest" file="/home/dbwebb-kurser/mvc_new/me/report/tests/Controller/MetricsControllerTest.php" tests="1" assertions="3" errors="0" warnings="0" failures="0" skipped="0" time="0.018783">
        <testcase name="testIndex" class="App\Tests\Controller\MetricsControllerTest" classname="App.Tests.Controller.MetricsControllerTest" file="/home/dbwebb-kurser/mvc_new/me/report/tests/Controller/MetricsControllerTest.php" line="9" assertions="3" time="0.018783"/>
      </testsuite>
      <testsuite name="App\Tests\Controller\ReportControllerTest" file="/home/dbwebb-kurser/mvc_new/me/report/tests/Controller/ReportControllerTest.php" tests="1" assertions="3" errors="0" warnings="0" failures="0" skipped="0" time="0.020832">
        <testcase name="testIndex" class="App\Tests\Controller\ReportControllerTest" classname="App.Tests.Controller.ReportControllerTest" file="/home/dbwebb-kurser/mvc_new/me/report/tests/Controller/ReportControllerTest.php" line="9" assertions="3" time="0.020832"/>
      </testsuite>
      <testsuite name="App\Tests\Entity\BankTest" file="/home/dbwebb-kurser/mvc_new/me/report/tests/Entity/BankTest.php" tests="1" assertions="2" errors="0" warnings="0" failures="0" skipped="0" time="0.003022">
        <testcase name="testBankPlay" class="App\Tests\Entity\BankTest" classname="App.Tests.Entity.BankTest" file="/home/dbwebb-kurser/mvc_new/me/report/tests/Entity/BankTest.php" line="14" assertions="2" time="0.003022"/>
      </testsuite>
      <testsuite name="App\Tests\Entity\CardHandTest" file="/home/dbwebb-kurser/mvc_new/me/report/tests/Entity/CardHandTest.php" tests="5" assertions="9" errors="0" warnings="0" failures="0" skipped="0" time="0.002300">
        <testcase name="testAddCard" class="App\Tests\Entity\CardHandTest" classname="App.Tests.Entity.CardHandTest" file="/home/dbwebb-kurser/mvc_new/me/report/tests/Entity/CardHandTest.php" line="12" assertions="1" time="0.000284"/>
        <testcase name="testGetCards" class="App\Tests\Entity\CardHandTest" classname="App.Tests.Entity.CardHandTest" file="/home/dbwebb-kurser/mvc_new/me/report/tests/Entity/CardHandTest.php" line="20" assertions="4" time="0.001073"/>
        <testcase name="testGetValue" class="App\Tests\Entity\CardHandTest" classname="App.Tests.Entity.CardHandTest" file="/home/dbwebb-kurser/mvc_new/me/report/tests/Entity/CardHandTest.php" line="36" assertions="2" time="0.000327"/>
        <testcase name="testToString" class="App\Tests\Entity\CardHandTest" classname="App.Tests.Entity.CardHandTest" file="/home/dbwebb-kurser/mvc_new/me/report/tests/Entity/CardHandTest.php" line="50" assertions="1" time="0.000309"/>
        <testcase name="testGetValueWithFaceCard" class="App\Tests\Entity\CardHandTest" classname="App.Tests.Entity.CardHandTest" file="/home/dbwebb-kurser/mvc_new/me/report/tests/Entity/CardHandTest.php" line="59" assertions="1" time="0.000307"/>
      </testsuite>
      <testsuite name="App\Tests\Entity\CardTest" file="/home/dbwebb-kurser/mvc_new/me/report/tests/Entity/CardTest.php" tests="8" assertions="15" errors="0" warnings="0" failures="0" skipped="0" time="0.002357">
        <testcase name="testCardCreation" class="App\Tests\Entity\CardTest" classname="App.Tests.Entity.CardTest" file="/home/dbwebb-kurser/mvc_new/me/report/tests/Entity/CardTest.php" line="11" assertions="3" time="0.000270"/>
        <testcase name="testGetSuit" class="App\Tests\Entity\CardTest" classname="App.Tests.Entity.CardTest" file="/home/dbwebb-kurser/mvc_new/me/report/tests/Entity/CardTest.php" line="20" assertions="1" time="0.000269"/>
        <testcase name="testGetValue" class="App\Tests\Entity\CardTest" classname="App.Tests.Entity.CardTest" file="/home/dbwebb-kurser/mvc_new/me/report/tests/Entity/CardTest.php" line="26" assertions="1" time="0.000346"/>
        <testcase name="testJsonSerialization" class="App\Tests\Entity\CardTest" classname="App.Tests.Entity.CardTest" file="/home/dbwebb-kurser/mvc_new/me/report/tests/Entity/CardTest.php" line="32" assertions="4" time="0.000329"/>
        <testcase name="testCardToString" class="App\Tests\Entity\CardTest" classname="App.Tests.Entity.CardTest" file="/home/dbwebb-kurser/mvc_new/me/report/tests/Entity/CardTest.php" line="43" assertions="1" time="0.000282"/>
        <testcase name="testGetSuitSymbol" class="App\Tests\Entity\CardTest" classname="App.Tests.Entity.CardTest" file="/home/dbwebb-kurser/mvc_new/me/report/tests/Entity/CardTest.php" line="49" assertions="1" time="0.000268"/>
        <testcase name="testCardToArray" class="App\Tests\Entity\CardTest" classname="App.Tests.Entity.CardTest" file="/home/dbwebb-kurser/mvc_new/me/report/tests/Entity/CardTest.php" line="60" assertions="1" time="0.000281"/>
        <testcase name="testFromArray" class="App\Tests\Entity\CardTest" classname="App.Tests.Entity.CardTest" file="/home/dbwebb-kurser/mvc_new/me/report/tests/Entity/CardTest.php" line="69" assertions="3" time="0.000311"/>
      </testsuite>
      <testsuite name="App\Tests\Entity\DeckOfCardsTest" file="/home/dbwebb-kurser/mvc_new/me/report/tests/Entity/DeckOfCardsTest.php" tests="10" assertions="16" errors="0" warnings="0" failures="0" skipped="0" time="0.011901">
        <testcase name="testDeckInitialization" class="App\Tests\Entity\DeckOfCardsTest" classname="App.Tests.Entity.DeckOfCardsTest" file="/home/dbwebb-kurser/mvc_new/me/report/tests/Entity/DeckOfCardsTest.php" line="13" assertions="1" time="0.000385"/>
        <testcase name="testShuffleDeck" class="App\Tests\Entity\DeckOfCardsTest" classname="App.Tests.Entity.DeckOfCardsTest" file="/home/dbwebb-kurser/mvc_new/me/report/tests/Entity/DeckOfCardsTest.php" line="21" assertions="1" time="0.005833"/>
        <testcase name="testDrawCard" class="App\Tests\Entity\DeckOfCardsTest" classname="App.Tests.Entity.DeckOfCardsTest" file="/home/dbwebb-kurser/mvc_new/me/report/tests/Entity/DeckOfCardsTest.php" line="31" assertions="2" time="0.000415"/>
        <testcase name="testDrawCardWhenDeckIsEmpty" class="App\Tests\Entity\DeckOfCardsTest" classname="App.Tests.Entity.DeckOfCardsTest" file="/home/dbwebb-kurser/mvc_new/me/report/tests/Entity/DeckOfCardsTest.php" line="40" assertions="1" time="0.000406"/>
        <testcase name="testResetDeck" class="App\Tests\Entity\DeckOfCardsTest" classname="App.Tests.Entity.DeckOfCardsTest" file="/home/dbwebb-kurser/mvc_new/me/report/tests/Entity/DeckOfCardsTest.php" line="49" assertions="1" time="0.000578"/>
        <testcase name="testGetCards" class="App\Tests\Entity\DeckOfCardsTest" classname="App.Tests.Entity.DeckOfCardsTest" file="/home/dbwebb-kurser/mvc_new/me/report/tests/Entity/DeckOfCardsTest.php" line="58" assertions="2" time="0.000427"/>
        <testcase name="testGetSortedCards" class="App\Tests\Entity\DeckOfCardsTest" classname="App.Tests.Entity.DeckOfCardsTest" file="/home/dbwebb-kurser/mvc_new/me/report/tests/Entity/DeckOfCardsTest.php" line="67" assertions="2" time="0.002530"/>
        <testcase name="testSetCards" class="App\Tests\Entity\DeckOfCardsTest" classname="App.Tests.Entity.DeckOfCardsTest" file="/home/dbwebb-kurser/mvc_new/me/report/tests/Entity/DeckOfCardsTest.php" line="76" assertions="2" time="0.000475"/>
        <testcase name="testToString" class="App\Tests\Entity\DeckOfCardsTest" classname="App.Tests.Entity.DeckOfCardsTest" file="/home/dbwebb-kurser/mvc_new/me/report/tests/Entity/DeckOfCardsTest.php" line="86" assertions="1" time="0.000365"/>
        <testcase name="testDetailedString" class="App\Tests\Entity\DeckOfCardsTest" classname="App.Tests.Entity.DeckOfCardsTest" file="/home/dbwebb-kurser/mvc_new/me/report/tests/Entity/DeckOfCardsTest.php" line="92" assertions="3" time="0.000487"/>
      </testsuite>
      <testsuite name="App\Tests\Entity\GameTest" file="/home/dbwebb-kurser/mvc_new/me/report/tests/Entity/GameTest.php" tests="11" assertions="17" errors="0" warnings="0" failures="0" skipped="0" time="0.006873">
        <testcase name="testGetPlayer" class="App\Tests\Entity\GameTest" classname="App.Tests.Entity.GameTest" file="/home/dbwebb-kurser/mvc_new/me/report/tests/Entity/GameTest.php" line="29" assertions="1" time="0.000426"/>
        <testcase name="testGetBank" class="App\Tests\Entity\GameTest" classname="App.Tests.Entity.GameTest" file="/home/dbwebb-kurser/mvc_new/me/report/tests/Entity/GameTest.php" line="35" assertions="1" time="0.000415"/>
        <testcase name="testGetDeck" class="App\Tests\Entity\GameTest" classname="App.Tests.Entity.GameTest" file="/home/dbwebb-kurser/mvc_new/me/report/tests/Entity/GameTest.php" line="41" assertions="2" time="0.000439"/>
        <testcase name="testPlayerDrawCard" class="App\Tests\Entity\GameTest" classname="App.Tests.Entity.GameTest" file="/home/dbwebb-kurser/mvc_new/me/report/tests/Entity/GameTest.php" line="48" assertions="1" time="0.000420"/>
        <testcase name="testBankPlay" class="App\Tests\Entity\GameTest" classname="App.Tests.Entity.GameTest" file="/home/dbwebb-kurser/mvc_new/me/report/tests/Entity/GameTest.php" line="54" assertions="2" time="0.000865"/>
        <testcase name="testWinnerByHigherValue" class="App\Tests\Entity\GameTest" classname="App.Tests.Entity.GameTest" file="/home/dbwebb-kurser/mvc_new/me/report/tests/Entity/GameTest.php" line="60" assertions="2" time="0.000526"/>
        <testcase name="testBankWinsPlayerBusts" class="App\Tests\Entity\GameTest" classname="App.Tests.Entity.GameTest" file="/home/dbwebb-kurser/mvc_new/me/report/tests/Entity/GameTest.php" line="88" assertions="1" time="0.000587"/>
        <testcase name="testPlayerWinsBankBusts" class="App\Tests\Entity\GameTest" classname="App.Tests.Entity.GameTest" file="/home/dbwebb-kurser/mvc_new/me/report/tests/Entity/GameTest.php" line="103" assertions="1" time="0.000591"/>
        <testcase name="testToArray" class="App\Tests\Entity\GameTest" classname="App.Tests.Entity.GameTest" file="/home/dbwebb-kurser/mvc_new/me/report/tests/Entity/GameTest.php" line="118" assertions="4" time="0.000533"/>
        <testcase name="testFromArray" class="App\Tests\Entity\GameTest" classname="App.Tests.Entity.GameTest" file="/home/dbwebb-kurser/mvc_new/me/report/tests/Entity/GameTest.php" line="127" assertions="1" time="0.001382"/>
        <testcase name="testFromArrayAddCardLine" class="App\Tests\Entity\GameTest" classname="App.Tests.Entity.GameTest" file="/home/dbwebb-kurser/mvc_new/me/report/tests/Entity/GameTest.php" line="141" assertions="1" time="0.000690"/>
      </testsuite>
      <testsuite name="App\Tests\Entity\PlayerTest" file="/home/dbwebb-kurser/mvc_new/me/report/tests/Entity/PlayerTest.php" tests="1" assertions="3" errors="0" warnings="0" failures="0" skipped="0" time="0.000410">
        <testcase name="testPlayerHand" class="App\Tests\Entity\PlayerTest" classname="App.Tests.Entity.PlayerTest" file="/home/dbwebb-kurser/mvc_new/me/report/tests/Entity/PlayerTest.php" line="11" assertions="3" time="0.000410"/>
      </testsuite>
    </testsuite>
  </testsuite>
</testsuites>
