<?xml version="1.0" encoding="UTF-8"?>
<testsuites>
  <testsuite name="" tests="81" assertions="224" errors="0" warnings="0" failures="0" skipped="0" time="3.800397">
    <testsuite name="Project Test Suite" tests="81" assertions="224" errors="0" warnings="0" failures="0" skipped="0" time="3.800397">
      <testsuite name="App\Tests\Controller\AboutControllerTest" file="/home/dbwebb-kurser/mvc_new/me/report/tests/Controller/AboutControllerTest.php" tests="1" assertions="3" errors="0" warnings="0" failures="0" skipped="0" time="1.994139">
        <testcase name="testIndex" class="App\Tests\Controller\AboutControllerTest" classname="App.Tests.Controller.AboutControllerTest" file="/home/dbwebb-kurser/mvc_new/me/report/tests/Controller/AboutControllerTest.php" line="9" assertions="3" time="1.994139"/>
      </testsuite>
      <testsuite name="App\Tests\Controller\ApiControllerTest" file="/home/dbwebb-kurser/mvc_new/me/report/tests/Controller/ApiControllerTest.php" tests="2" assertions="4" errors="0" warnings="0" failures="0" skipped="0" time="0.030568">
        <testcase name="testIndex" class="App\Tests\Controller\ApiControllerTest" classname="App.Tests.Controller.ApiControllerTest" file="/home/dbwebb-kurser/mvc_new/me/report/tests/Controller/ApiControllerTest.php" line="9" assertions="3" time="0.017661"/>
        <testcase name="testApiQuote" class="App\Tests\Controller\ApiControllerTest" classname="App.Tests.Controller.ApiControllerTest" file="/home/dbwebb-kurser/mvc_new/me/report/tests/Controller/ApiControllerTest.php" line="18" assertions="1" time="0.012907"/>
      </testsuite>
      <testsuite name="App\Tests\Controller\CardControllerTest" file="/home/dbwebb-kurser/mvc_new/me/report/tests/Controller/CardControllerTest.php" tests="9" assertions="27" errors="0" warnings="0" failures="0" skipped="0" time="0.218663">
        <testcase name="testIndex" class="App\Tests\Controller\CardControllerTest" classname="App.Tests.Controller.CardControllerTest" file="/home/dbwebb-kurser/mvc_new/me/report/tests/Controller/CardControllerTest.php" line="9" assertions="3" time="0.016555"/>
        <testcase name="testDeck" class="App\Tests\Controller\CardControllerTest" classname="App.Tests.Controller.CardControllerTest" file="/home/dbwebb-kurser/mvc_new/me/report/tests/Controller/CardControllerTest.php" line="18" assertions="3" time="0.030656"/>
        <testcase name="testShuffle" class="App\Tests\Controller\CardControllerTest" classname="App.Tests.Controller.CardControllerTest" file="/home/dbwebb-kurser/mvc_new/me/report/tests/Controller/CardControllerTest.php" line="27" assertions="3" time="0.020550"/>
        <testcase name="testDrawCard" class="App\Tests\Controller\CardControllerTest" classname="App.Tests.Controller.CardControllerTest" file="/home/dbwebb-kurser/mvc_new/me/report/tests/Controller/CardControllerTest.php" line="36" assertions="3" time="0.018488"/>
        <testcase name="testDrawAllCards" class="App\Tests\Controller\CardControllerTest" classname="App.Tests.Controller.CardControllerTest" file="/home/dbwebb-kurser/mvc_new/me/report/tests/Controller/CardControllerTest.php" line="45" assertions="3" time="0.048901"/>
        <testcase name="testDrawMoreThanAvailableCards" class="App\Tests\Controller\CardControllerTest" classname="App.Tests.Controller.CardControllerTest" file="/home/dbwebb-kurser/mvc_new/me/report/tests/Controller/CardControllerTest.php" line="58" assertions="3" time="0.043599"/>
        <testcase name="testDrawMultipleCards" class="App\Tests\Controller\CardControllerTest" classname="App.Tests.Controller.CardControllerTest" file="/home/dbwebb-kurser/mvc_new/me/report/tests/Controller/CardControllerTest.php" line="71" assertions="4" time="0.017174"/>
        <testcase name="testSessionData" class="App\Tests\Controller\CardControllerTest" classname="App.Tests.Controller.CardControllerTest" file="/home/dbwebb-kurser/mvc_new/me/report/tests/Controller/CardControllerTest.php" line="81" assertions="3" time="0.013998"/>
        <testcase name="testDeleteSession" class="App\Tests\Controller\CardControllerTest" classname="App.Tests.Controller.CardControllerTest" file="/home/dbwebb-kurser/mvc_new/me/report/tests/Controller/CardControllerTest.php" line="90" assertions="2" time="0.008742"/>
      </testsuite>
      <testsuite name="App\Tests\Controller\GameControllerTest" file="/home/dbwebb-kurser/mvc_new/me/report/tests/Controller/GameControllerTest.php" tests="12" assertions="29" errors="0" warnings="0" failures="0" skipped="0" time="0.481403">
        <testcase name="testIndex" class="App\Tests\Controller\GameControllerTest" classname="App.Tests.Controller.GameControllerTest" file="/home/dbwebb-kurser/mvc_new/me/report/tests/Controller/GameControllerTest.php" line="13" assertions="3" time="0.013949"/>
        <testcase name="testDoc" class="App\Tests\Controller\GameControllerTest" classname="App.Tests.Controller.GameControllerTest" file="/home/dbwebb-kurser/mvc_new/me/report/tests/Controller/GameControllerTest.php" line="22" assertions="3" time="0.012547"/>
        <testcase name="testDrawRedirectsToResultIfPlayerExceeds21" class="App\Tests\Controller\GameControllerTest" classname="App.Tests.Controller.GameControllerTest" file="/home/dbwebb-kurser/mvc_new/me/report/tests/Controller/GameControllerTest.php" line="31" assertions="1" time="0.267290"/>
        <testcase name="testPlayRedirectsToStartIfNoGameInSession" class="App\Tests\Controller\GameControllerTest" classname="App.Tests.Controller.GameControllerTest" file="/home/dbwebb-kurser/mvc_new/me/report/tests/Controller/GameControllerTest.php" line="49" assertions="2" time="0.009346"/>
        <testcase name="testDrawRedirectsToStartIfNoGameInSession" class="App\Tests\Controller\GameControllerTest" classname="App.Tests.Controller.GameControllerTest" file="/home/dbwebb-kurser/mvc_new/me/report/tests/Controller/GameControllerTest.php" line="57" assertions="2" time="0.007889"/>
        <testcase name="testStayRedirectsToStartIfNoGameInSession" class="App\Tests\Controller\GameControllerTest" classname="App.Tests.Controller.GameControllerTest" file="/home/dbwebb-kurser/mvc_new/me/report/tests/Controller/GameControllerTest.php" line="65" assertions="2" time="0.008613"/>
        <testcase name="testResultRedirectsToStartIfNoGameInSession" class="App\Tests\Controller\GameControllerTest" classname="App.Tests.Controller.GameControllerTest" file="/home/dbwebb-kurser/mvc_new/me/report/tests/Controller/GameControllerTest.php" line="73" assertions="2" time="0.008621"/>
        <testcase name="testStartGame" class="App\Tests\Controller\GameControllerTest" classname="App.Tests.Controller.GameControllerTest" file="/home/dbwebb-kurser/mvc_new/me/report/tests/Controller/GameControllerTest.php" line="81" assertions="2" time="0.009093"/>
        <testcase name="testPlayGame" class="App\Tests\Controller\GameControllerTest" classname="App.Tests.Controller.GameControllerTest" file="/home/dbwebb-kurser/mvc_new/me/report/tests/Controller/GameControllerTest.php" line="89" assertions="3" time="0.023582"/>
        <testcase name="testDrawCardInGame" class="App\Tests\Controller\GameControllerTest" classname="App.Tests.Controller.GameControllerTest" file="/home/dbwebb-kurser/mvc_new/me/report/tests/Controller/GameControllerTest.php" line="103" assertions="3" time="0.030229"/>
        <testcase name="testStayInGame" class="App\Tests\Controller\GameControllerTest" classname="App.Tests.Controller.GameControllerTest" file="/home/dbwebb-kurser/mvc_new/me/report/tests/Controller/GameControllerTest.php" line="113" assertions="3" time="0.028528"/>
        <testcase name="testGameResult" class="App\Tests\Controller\GameControllerTest" classname="App.Tests.Controller.GameControllerTest" file="/home/dbwebb-kurser/mvc_new/me/report/tests/Controller/GameControllerTest.php" line="126" assertions="3" time="0.061715"/>
      </testsuite>
      <testsuite name="App\Tests\Controller\HomeControllerTest" file="/home/dbwebb-kurser/mvc_new/me/report/tests/Controller/HomeControllerTest.php" tests="1" assertions="3" errors="0" warnings="0" failures="0" skipped="0" time="0.013813">
        <testcase name="testIndex" class="App\Tests\Controller\HomeControllerTest" classname="App.Tests.Controller.HomeControllerTest" file="/home/dbwebb-kurser/mvc_new/me/report/tests/Controller/HomeControllerTest.php" line="9" assertions="3" time="0.013813"/>
      </testsuite>
      <testsuite name="App\Tests\Controller\JsonApiControllerTest" file="/home/dbwebb-kurser/mvc_new/me/report/tests/Controller/JsonApiControllerTest.php" tests="10" assertions="52" errors="0" warnings="0" failures="0" skipped="0" time="0.527746">
        <testcase name="testDeck" class="App\Tests\Controller\JsonApiControllerTest" classname="App.Tests.Controller.JsonApiControllerTest" file="/home/dbwebb-kurser/mvc_new/me/report/tests/Controller/JsonApiControllerTest.php" line="10" assertions="4" time="0.012050"/>
        <testcase name="testShuffle" class="App\Tests\Controller\JsonApiControllerTest" classname="App.Tests.Controller.JsonApiControllerTest" file="/home/dbwebb-kurser/mvc_new/me/report/tests/Controller/JsonApiControllerTest.php" line="23" assertions="4" time="0.008932"/>
        <testcase name="testDraw" class="App\Tests\Controller\JsonApiControllerTest" classname="App.Tests.Controller.JsonApiControllerTest" file="/home/dbwebb-kurser/mvc_new/me/report/tests/Controller/JsonApiControllerTest.php" line="36" assertions="5" time="0.008293"/>
        <testcase name="testDrawMultiple" class="App\Tests\Controller\JsonApiControllerTest" classname="App.Tests.Controller.JsonApiControllerTest" file="/home/dbwebb-kurser/mvc_new/me/report/tests/Controller/JsonApiControllerTest.php" line="50" assertions="6" time="0.010212"/>
        <testcase name="testDrawCardsEmptyDeck" class="App\Tests\Controller\JsonApiControllerTest" classname="App.Tests.Controller.JsonApiControllerTest" file="/home/dbwebb-kurser/mvc_new/me/report/tests/Controller/JsonApiControllerTest.php" line="65" assertions="7" time="0.404301"/>
        <testcase name="testGameState" class="App\Tests\Controller\JsonApiControllerTest" classname="App.Tests.Controller.JsonApiControllerTest" file="/home/dbwebb-kurser/mvc_new/me/report/tests/Controller/JsonApiControllerTest.php" line="85" assertions="4" time="0.007794"/>
        <testcase name="testGameStateExists" class="App\Tests\Controller\JsonApiControllerTest" classname="App.Tests.Controller.JsonApiControllerTest" file="/home/dbwebb-kurser/mvc_new/me/report/tests/Controller/JsonApiControllerTest.php" line="98" assertions="7" time="0.015135"/>
        <testcase name="testGetAllBooks" class="App\Tests\Controller\JsonApiControllerTest" classname="App.Tests.Controller.JsonApiControllerTest" file="/home/dbwebb-kurser/mvc_new/me/report/tests/Controller/JsonApiControllerTest.php" line="115" assertions="4" time="0.044788"/>
        <testcase name="testGetBookByIsbn" class="App\Tests\Controller\JsonApiControllerTest" classname="App.Tests.Controller.JsonApiControllerTest" file="/home/dbwebb-kurser/mvc_new/me/report/tests/Controller/JsonApiControllerTest.php" line="128" assertions="7" time="0.008583"/>
        <testcase name="testGetNonExistentBookByIsbn" class="App\Tests\Controller\JsonApiControllerTest" classname="App.Tests.Controller.JsonApiControllerTest" file="/home/dbwebb-kurser/mvc_new/me/report/tests/Controller/JsonApiControllerTest.php" line="145" assertions="4" time="0.007658"/>
      </testsuite>
      <testsuite name="App\Tests\Controller\LibraryControllerTest" file="/home/dbwebb-kurser/mvc_new/me/report/tests/Controller/LibraryControllerTest.php" tests="7" assertions="35" errors="0" warnings="0" failures="0" skipped="0" time="0.452686">
        <testcase name="testIndex" class="App\Tests\Controller\LibraryControllerTest" classname="App.Tests.Controller.LibraryControllerTest" file="/home/dbwebb-kurser/mvc_new/me/report/tests/Controller/LibraryControllerTest.php" line="14" assertions="3" time="0.029665"/>
        <testcase name="testAdd" class="App\Tests\Controller\LibraryControllerTest" classname="App.Tests.Controller.LibraryControllerTest" file="/home/dbwebb-kurser/mvc_new/me/report/tests/Controller/LibraryControllerTest.php" line="25" assertions="3" time="0.038525"/>
        <testcase name="testResetLibrary" class="App\Tests\Controller\LibraryControllerTest" classname="App.Tests.Controller.LibraryControllerTest" file="/home/dbwebb-kurser/mvc_new/me/report/tests/Controller/LibraryControllerTest.php" line="33" assertions="7" time="0.067070"/>
        <testcase name="testEditBook" class="App\Tests\Controller\LibraryControllerTest" classname="App.Tests.Controller.LibraryControllerTest" file="/home/dbwebb-kurser/mvc_new/me/report/tests/Controller/LibraryControllerTest.php" line="47" assertions="4" time="0.148088"/>
        <testcase name="testDeleteBook" class="App\Tests\Controller\LibraryControllerTest" classname="App.Tests.Controller.LibraryControllerTest" file="/home/dbwebb-kurser/mvc_new/me/report/tests/Controller/LibraryControllerTest.php" line="68" assertions="4" time="0.135316"/>
        <testcase name="testInitializeDefaultBooks" class="App\Tests\Controller\LibraryControllerTest" classname="App.Tests.Controller.LibraryControllerTest" file="/home/dbwebb-kurser/mvc_new/me/report/tests/Controller/LibraryControllerTest.php" line="97" assertions="5" time="0.017726"/>
        <testcase name="testGetAllBooks" class="App\Tests\Controller\LibraryControllerTest" classname="App.Tests.Controller.LibraryControllerTest" file="/home/dbwebb-kurser/mvc_new/me/report/tests/Controller/LibraryControllerTest.php" line="107" assertions="9" time="0.016296"/>
      </testsuite>
      <testsuite name="App\Tests\Controller\LuckyControllerTest" file="/home/dbwebb-kurser/mvc_new/me/report/tests/Controller/LuckyControllerTest.php" tests="1" assertions="3" errors="0" warnings="0" failures="0" skipped="0" time="0.012563">
        <testcase name="testNumber" class="App\Tests\Controller\LuckyControllerTest" classname="App.Tests.Controller.LuckyControllerTest" file="/home/dbwebb-kurser/mvc_new/me/report/tests/Controller/LuckyControllerTest.php" line="9" assertions="3" time="0.012563"/>
      </testsuite>
      <testsuite name="App\Tests\Controller\MetricsControllerTest" file="/home/dbwebb-kurser/mvc_new/me/report/tests/Controller/MetricsControllerTest.php" tests="1" assertions="3" errors="0" warnings="0" failures="0" skipped="0" time="0.018278">
        <testcase name="testIndex" class="App\Tests\Controller\MetricsControllerTest" classname="App.Tests.Controller.MetricsControllerTest" file="/home/dbwebb-kurser/mvc_new/me/report/tests/Controller/MetricsControllerTest.php" line="9" assertions="3" time="0.018278"/>
      </testsuite>
      <testsuite name="App\Tests\Controller\ReportControllerTest" file="/home/dbwebb-kurser/mvc_new/me/report/tests/Controller/ReportControllerTest.php" tests="1" assertions="3" errors="0" warnings="0" failures="0" skipped="0" time="0.023386">
        <testcase name="testIndex" class="App\Tests\Controller\ReportControllerTest" classname="App.Tests.Controller.ReportControllerTest" file="/home/dbwebb-kurser/mvc_new/me/report/tests/Controller/ReportControllerTest.php" line="9" assertions="3" time="0.023386"/>
      </testsuite>
      <testsuite name="App\Tests\Entity\BankTest" file="/home/dbwebb-kurser/mvc_new/me/report/tests/Entity/BankTest.php" tests="1" assertions="2" errors="0" warnings="0" failures="0" skipped="0" time="0.002768">
        <testcase name="testBankPlay" class="App\Tests\Entity\BankTest" classname="App.Tests.Entity.BankTest" file="/home/dbwebb-kurser/mvc_new/me/report/tests/Entity/BankTest.php" line="14" assertions="2" time="0.002768"/>
      </testsuite>
      <testsuite name="App\Tests\Entity\CardHandTest" file="/home/dbwebb-kurser/mvc_new/me/report/tests/Entity/CardHandTest.php" tests="5" assertions="9" errors="0" warnings="0" failures="0" skipped="0" time="0.002317">
        <testcase name="testAddCard" class="App\Tests\Entity\CardHandTest" classname="App.Tests.Entity.CardHandTest" file="/home/dbwebb-kurser/mvc_new/me/report/tests/Entity/CardHandTest.php" line="12" assertions="1" time="0.000289"/>
        <testcase name="testGetCards" class="App\Tests\Entity\CardHandTest" classname="App.Tests.Entity.CardHandTest" file="/home/dbwebb-kurser/mvc_new/me/report/tests/Entity/CardHandTest.php" line="20" assertions="4" time="0.001022"/>
        <testcase name="testGetValue" class="App\Tests\Entity\CardHandTest" classname="App.Tests.Entity.CardHandTest" file="/home/dbwebb-kurser/mvc_new/me/report/tests/Entity/CardHandTest.php" line="36" assertions="2" time="0.000373"/>
        <testcase name="testToString" class="App\Tests\Entity\CardHandTest" classname="App.Tests.Entity.CardHandTest" file="/home/dbwebb-kurser/mvc_new/me/report/tests/Entity/CardHandTest.php" line="50" assertions="1" time="0.000335"/>
        <testcase name="testGetValueWithFaceCard" class="App\Tests\Entity\CardHandTest" classname="App.Tests.Entity.CardHandTest" file="/home/dbwebb-kurser/mvc_new/me/report/tests/Entity/CardHandTest.php" line="59" assertions="1" time="0.000298"/>
      </testsuite>
      <testsuite name="App\Tests\Entity\CardTest" file="/home/dbwebb-kurser/mvc_new/me/report/tests/Entity/CardTest.php" tests="8" assertions="15" errors="0" warnings="0" failures="0" skipped="0" time="0.002861">
        <testcase name="testCardCreation" class="App\Tests\Entity\CardTest" classname="App.Tests.Entity.CardTest" file="/home/dbwebb-kurser/mvc_new/me/report/tests/Entity/CardTest.php" line="11" assertions="3" time="0.000278"/>
        <testcase name="testGetSuit" class="App\Tests\Entity\CardTest" classname="App.Tests.Entity.CardTest" file="/home/dbwebb-kurser/mvc_new/me/report/tests/Entity/CardTest.php" line="20" assertions="1" time="0.000284"/>
        <testcase name="testGetValue" class="App\Tests\Entity\CardTest" classname="App.Tests.Entity.CardTest" file="/home/dbwebb-kurser/mvc_new/me/report/tests/Entity/CardTest.php" line="26" assertions="1" time="0.000511"/>
        <testcase name="testJsonSerialization" class="App\Tests\Entity\CardTest" classname="App.Tests.Entity.CardTest" file="/home/dbwebb-kurser/mvc_new/me/report/tests/Entity/CardTest.php" line="32" assertions="4" time="0.000417"/>
        <testcase name="testCardToString" class="App\Tests\Entity\CardTest" classname="App.Tests.Entity.CardTest" file="/home/dbwebb-kurser/mvc_new/me/report/tests/Entity/CardTest.php" line="43" assertions="1" time="0.000265"/>
        <testcase name="testGetSuitSymbol" class="App\Tests\Entity\CardTest" classname="App.Tests.Entity.CardTest" file="/home/dbwebb-kurser/mvc_new/me/report/tests/Entity/CardTest.php" line="49" assertions="1" time="0.000267"/>
        <testcase name="testCardToArray" class="App\Tests\Entity\CardTest" classname="App.Tests.Entity.CardTest" file="/home/dbwebb-kurser/mvc_new/me/report/tests/Entity/CardTest.php" line="60" assertions="1" time="0.000455"/>
        <testcase name="testFromArray" class="App\Tests\Entity\CardTest" classname="App.Tests.Entity.CardTest" file="/home/dbwebb-kurser/mvc_new/me/report/tests/Entity/CardTest.php" line="69" assertions="3" time="0.000383"/>
      </testsuite>
      <testsuite name="App\Tests\Entity\DeckOfCardsTest" file="/home/dbwebb-kurser/mvc_new/me/report/tests/Entity/DeckOfCardsTest.php" tests="10" assertions="16" errors="0" warnings="0" failures="0" skipped="0" time="0.011784">
        <testcase name="testDeckInitialization" class="App\Tests\Entity\DeckOfCardsTest" classname="App.Tests.Entity.DeckOfCardsTest" file="/home/dbwebb-kurser/mvc_new/me/report/tests/Entity/DeckOfCardsTest.php" line="13" assertions="1" time="0.000408"/>
        <testcase name="testShuffleDeck" class="App\Tests\Entity\DeckOfCardsTest" classname="App.Tests.Entity.DeckOfCardsTest" file="/home/dbwebb-kurser/mvc_new/me/report/tests/Entity/DeckOfCardsTest.php" line="21" assertions="1" time="0.005650"/>
        <testcase name="testDrawCard" class="App\Tests\Entity\DeckOfCardsTest" classname="App.Tests.Entity.DeckOfCardsTest" file="/home/dbwebb-kurser/mvc_new/me/report/tests/Entity/DeckOfCardsTest.php" line="31" assertions="2" time="0.000634"/>
        <testcase name="testDrawCardWhenDeckIsEmpty" class="App\Tests\Entity\DeckOfCardsTest" classname="App.Tests.Entity.DeckOfCardsTest" file="/home/dbwebb-kurser/mvc_new/me/report/tests/Entity/DeckOfCardsTest.php" line="40" assertions="1" time="0.000457"/>
        <testcase name="testResetDeck" class="App\Tests\Entity\DeckOfCardsTest" classname="App.Tests.Entity.DeckOfCardsTest" file="/home/dbwebb-kurser/mvc_new/me/report/tests/Entity/DeckOfCardsTest.php" line="49" assertions="1" time="0.000474"/>
        <testcase name="testGetCards" class="App\Tests\Entity\DeckOfCardsTest" classname="App.Tests.Entity.DeckOfCardsTest" file="/home/dbwebb-kurser/mvc_new/me/report/tests/Entity/DeckOfCardsTest.php" line="58" assertions="2" time="0.000415"/>
        <testcase name="testGetSortedCards" class="App\Tests\Entity\DeckOfCardsTest" classname="App.Tests.Entity.DeckOfCardsTest" file="/home/dbwebb-kurser/mvc_new/me/report/tests/Entity/DeckOfCardsTest.php" line="67" assertions="2" time="0.002416"/>
        <testcase name="testSetCards" class="App\Tests\Entity\DeckOfCardsTest" classname="App.Tests.Entity.DeckOfCardsTest" file="/home/dbwebb-kurser/mvc_new/me/report/tests/Entity/DeckOfCardsTest.php" line="76" assertions="2" time="0.000484"/>
        <testcase name="testToString" class="App\Tests\Entity\DeckOfCardsTest" classname="App.Tests.Entity.DeckOfCardsTest" file="/home/dbwebb-kurser/mvc_new/me/report/tests/Entity/DeckOfCardsTest.php" line="86" assertions="1" time="0.000389"/>
        <testcase name="testDetailedString" class="App\Tests\Entity\DeckOfCardsTest" classname="App.Tests.Entity.DeckOfCardsTest" file="/home/dbwebb-kurser/mvc_new/me/report/tests/Entity/DeckOfCardsTest.php" line="92" assertions="3" time="0.000457"/>
      </testsuite>
      <testsuite name="App\Tests\Entity\GameTest" file="/home/dbwebb-kurser/mvc_new/me/report/tests/Entity/GameTest.php" tests="11" assertions="17" errors="0" warnings="0" failures="0" skipped="0" time="0.006762">
        <testcase name="testGetPlayer" class="App\Tests\Entity\GameTest" classname="App.Tests.Entity.GameTest" file="/home/dbwebb-kurser/mvc_new/me/report/tests/Entity/GameTest.php" line="29" assertions="1" time="0.000542"/>
        <testcase name="testGetBank" class="App\Tests\Entity\GameTest" classname="App.Tests.Entity.GameTest" file="/home/dbwebb-kurser/mvc_new/me/report/tests/Entity/GameTest.php" line="35" assertions="1" time="0.000453"/>
        <testcase name="testGetDeck" class="App\Tests\Entity\GameTest" classname="App.Tests.Entity.GameTest" file="/home/dbwebb-kurser/mvc_new/me/report/tests/Entity/GameTest.php" line="41" assertions="2" time="0.000470"/>
        <testcase name="testPlayerDrawCard" class="App\Tests\Entity\GameTest" classname="App.Tests.Entity.GameTest" file="/home/dbwebb-kurser/mvc_new/me/report/tests/Entity/GameTest.php" line="48" assertions="1" time="0.000594"/>
        <testcase name="testBankPlay" class="App\Tests\Entity\GameTest" classname="App.Tests.Entity.GameTest" file="/home/dbwebb-kurser/mvc_new/me/report/tests/Entity/GameTest.php" line="54" assertions="2" time="0.000686"/>
        <testcase name="testWinnerByHigherValue" class="App\Tests\Entity\GameTest" classname="App.Tests.Entity.GameTest" file="/home/dbwebb-kurser/mvc_new/me/report/tests/Entity/GameTest.php" line="60" assertions="2" time="0.000604"/>
        <testcase name="testBankWinsPlayerBusts" class="App\Tests\Entity\GameTest" classname="App.Tests.Entity.GameTest" file="/home/dbwebb-kurser/mvc_new/me/report/tests/Entity/GameTest.php" line="88" assertions="1" time="0.000456"/>
        <testcase name="testPlayerWinsBankBusts" class="App\Tests\Entity\GameTest" classname="App.Tests.Entity.GameTest" file="/home/dbwebb-kurser/mvc_new/me/report/tests/Entity/GameTest.php" line="103" assertions="1" time="0.000531"/>
        <testcase name="testToArray" class="App\Tests\Entity\GameTest" classname="App.Tests.Entity.GameTest" file="/home/dbwebb-kurser/mvc_new/me/report/tests/Entity/GameTest.php" line="118" assertions="4" time="0.000528"/>
        <testcase name="testFromArray" class="App\Tests\Entity\GameTest" classname="App.Tests.Entity.GameTest" file="/home/dbwebb-kurser/mvc_new/me/report/tests/Entity/GameTest.php" line="127" assertions="1" time="0.001201"/>
        <testcase name="testFromArrayAddCardLine" class="App\Tests\Entity\GameTest" classname="App.Tests.Entity.GameTest" file="/home/dbwebb-kurser/mvc_new/me/report/tests/Entity/GameTest.php" line="141" assertions="1" time="0.000698"/>
      </testsuite>
      <testsuite name="App\Tests\Entity\PlayerTest" file="/home/dbwebb-kurser/mvc_new/me/report/tests/Entity/PlayerTest.php" tests="1" assertions="3" errors="0" warnings="0" failures="0" skipped="0" time="0.000661">
        <testcase name="testPlayerHand" class="App\Tests\Entity\PlayerTest" classname="App.Tests.Entity.PlayerTest" file="/home/dbwebb-kurser/mvc_new/me/report/tests/Entity/PlayerTest.php" line="11" assertions="3" time="0.000661"/>
      </testsuite>
    </testsuite>
  </testsuite>
</testsuites>
