<?xml version="1.0" encoding="UTF-8"?>
<testsuites>
  <testsuite name="" tests="33" assertions="58" errors="0" warnings="0" failures="0" skipped="0" time="0.043255">
    <testsuite name="Project Test Suite" tests="33" assertions="58" errors="0" warnings="0" failures="0" skipped="0" time="0.043255">
      <testsuite name="App\Tests\Entity\BankTest" file="/home/dbwebb-kurser/mvc_new/me/report/tests/Entity/BankTest.php" tests="1" assertions="2" errors="0" warnings="0" failures="0" skipped="0" time="0.017349">
        <testcase name="testBankPlay" class="App\Tests\Entity\BankTest" classname="App.Tests.Entity.BankTest" file="/home/dbwebb-kurser/mvc_new/me/report/tests/Entity/BankTest.php" line="12" assertions="2" time="0.017349"/>
      </testsuite>
      <testsuite name="App\Tests\Entity\CardHandTest" file="/home/dbwebb-kurser/mvc_new/me/report/tests/Entity/CardHandTest.php" tests="4" assertions="8" errors="0" warnings="0" failures="0" skipped="0" time="0.002547">
        <testcase name="testAddCard" class="App\Tests\Entity\CardHandTest" classname="App.Tests.Entity.CardHandTest" file="/home/dbwebb-kurser/mvc_new/me/report/tests/Entity/CardHandTest.php" line="12" assertions="1" time="0.000900"/>
        <testcase name="testGetCards" class="App\Tests\Entity\CardHandTest" classname="App.Tests.Entity.CardHandTest" file="/home/dbwebb-kurser/mvc_new/me/report/tests/Entity/CardHandTest.php" line="20" assertions="4" time="0.001039"/>
        <testcase name="testGetValue" class="App\Tests\Entity\CardHandTest" classname="App.Tests.Entity.CardHandTest" file="/home/dbwebb-kurser/mvc_new/me/report/tests/Entity/CardHandTest.php" line="36" assertions="2" time="0.000332"/>
        <testcase name="testToString" class="App\Tests\Entity\CardHandTest" classname="App.Tests.Entity.CardHandTest" file="/home/dbwebb-kurser/mvc_new/me/report/tests/Entity/CardHandTest.php" line="50" assertions="1" time="0.000277"/>
      </testsuite>
      <testsuite name="App\Tests\Entity\CardTest" file="/home/dbwebb-kurser/mvc_new/me/report/tests/Entity/CardTest.php" tests="8" assertions="14" errors="0" warnings="0" failures="0" skipped="0" time="0.002779">
        <testcase name="testCardCreation" class="App\Tests\Entity\CardTest" classname="App.Tests.Entity.CardTest" file="/home/dbwebb-kurser/mvc_new/me/report/tests/Entity/CardTest.php" line="11" assertions="3" time="0.000255"/>
        <testcase name="testGetSuit" class="App\Tests\Entity\CardTest" classname="App.Tests.Entity.CardTest" file="/home/dbwebb-kurser/mvc_new/me/report/tests/Entity/CardTest.php" line="20" assertions="1" time="0.000277"/>
        <testcase name="testGetValue" class="App\Tests\Entity\CardTest" classname="App.Tests.Entity.CardTest" file="/home/dbwebb-kurser/mvc_new/me/report/tests/Entity/CardTest.php" line="26" assertions="1" time="0.000258"/>
        <testcase name="testJsonSerialization" class="App\Tests\Entity\CardTest" classname="App.Tests.Entity.CardTest" file="/home/dbwebb-kurser/mvc_new/me/report/tests/Entity/CardTest.php" line="32" assertions="4" time="0.000765"/>
        <testcase name="testCardToString" class="App\Tests\Entity\CardTest" classname="App.Tests.Entity.CardTest" file="/home/dbwebb-kurser/mvc_new/me/report/tests/Entity/CardTest.php" line="43" assertions="1" time="0.000276"/>
        <testcase name="testGetSuitSymbol" class="App\Tests\Entity\CardTest" classname="App.Tests.Entity.CardTest" file="/home/dbwebb-kurser/mvc_new/me/report/tests/Entity/CardTest.php" line="49" assertions="1" time="0.000267"/>
        <testcase name="testCardToArray" class="App\Tests\Entity\CardTest" classname="App.Tests.Entity.CardTest" file="/home/dbwebb-kurser/mvc_new/me/report/tests/Entity/CardTest.php" line="60" assertions="1" time="0.000403"/>
        <testcase name="testCardFromArray" class="App\Tests\Entity\CardTest" classname="App.Tests.Entity.CardTest" file="/home/dbwebb-kurser/mvc_new/me/report/tests/Entity/CardTest.php" line="66" assertions="2" time="0.000278"/>
      </testsuite>
      <testsuite name="App\Tests\Entity\DeckOfCardsTest" file="/home/dbwebb-kurser/mvc_new/me/report/tests/Entity/DeckOfCardsTest.php" tests="9" assertions="15" errors="0" warnings="0" failures="0" skipped="0" time="0.013094">
        <testcase name="testDeckInitialization" class="App\Tests\Entity\DeckOfCardsTest" classname="App.Tests.Entity.DeckOfCardsTest" file="/home/dbwebb-kurser/mvc_new/me/report/tests/Entity/DeckOfCardsTest.php" line="13" assertions="1" time="0.000476"/>
        <testcase name="testShuffleDeck" class="App\Tests\Entity\DeckOfCardsTest" classname="App.Tests.Entity.DeckOfCardsTest" file="/home/dbwebb-kurser/mvc_new/me/report/tests/Entity/DeckOfCardsTest.php" line="21" assertions="1" time="0.006873"/>
        <testcase name="testDrawCard" class="App\Tests\Entity\DeckOfCardsTest" classname="App.Tests.Entity.DeckOfCardsTest" file="/home/dbwebb-kurser/mvc_new/me/report/tests/Entity/DeckOfCardsTest.php" line="31" assertions="2" time="0.000390"/>
        <testcase name="testResetDeck" class="App\Tests\Entity\DeckOfCardsTest" classname="App.Tests.Entity.DeckOfCardsTest" file="/home/dbwebb-kurser/mvc_new/me/report/tests/Entity/DeckOfCardsTest.php" line="40" assertions="1" time="0.000464"/>
        <testcase name="testGetCards" class="App\Tests\Entity\DeckOfCardsTest" classname="App.Tests.Entity.DeckOfCardsTest" file="/home/dbwebb-kurser/mvc_new/me/report/tests/Entity/DeckOfCardsTest.php" line="49" assertions="2" time="0.000368"/>
        <testcase name="testGetSortedCards" class="App\Tests\Entity\DeckOfCardsTest" classname="App.Tests.Entity.DeckOfCardsTest" file="/home/dbwebb-kurser/mvc_new/me/report/tests/Entity/DeckOfCardsTest.php" line="58" assertions="2" time="0.002350"/>
        <testcase name="testSetCards" class="App\Tests\Entity\DeckOfCardsTest" classname="App.Tests.Entity.DeckOfCardsTest" file="/home/dbwebb-kurser/mvc_new/me/report/tests/Entity/DeckOfCardsTest.php" line="67" assertions="2" time="0.000556"/>
        <testcase name="testToString" class="App\Tests\Entity\DeckOfCardsTest" classname="App.Tests.Entity.DeckOfCardsTest" file="/home/dbwebb-kurser/mvc_new/me/report/tests/Entity/DeckOfCardsTest.php" line="77" assertions="1" time="0.000397"/>
        <testcase name="testDetailedString" class="App\Tests\Entity\DeckOfCardsTest" classname="App.Tests.Entity.DeckOfCardsTest" file="/home/dbwebb-kurser/mvc_new/me/report/tests/Entity/DeckOfCardsTest.php" line="83" assertions="3" time="0.001220"/>
      </testsuite>
      <testsuite name="App\Tests\Entity\GameTest" file="/home/dbwebb-kurser/mvc_new/me/report/tests/Entity/GameTest.php" tests="10" assertions="16" errors="0" warnings="0" failures="0" skipped="0" time="0.007112">
        <testcase name="testGetPlayer" class="App\Tests\Entity\GameTest" classname="App.Tests.Entity.GameTest" file="/home/dbwebb-kurser/mvc_new/me/report/tests/Entity/GameTest.php" line="26" assertions="1" time="0.001348"/>
        <testcase name="testGetBank" class="App\Tests\Entity\GameTest" classname="App.Tests.Entity.GameTest" file="/home/dbwebb-kurser/mvc_new/me/report/tests/Entity/GameTest.php" line="32" assertions="1" time="0.000440"/>
        <testcase name="testGetDeck" class="App\Tests\Entity\GameTest" classname="App.Tests.Entity.GameTest" file="/home/dbwebb-kurser/mvc_new/me/report/tests/Entity/GameTest.php" line="38" assertions="2" time="0.000453"/>
        <testcase name="testPlayerDrawCard" class="App\Tests\Entity\GameTest" classname="App.Tests.Entity.GameTest" file="/home/dbwebb-kurser/mvc_new/me/report/tests/Entity/GameTest.php" line="45" assertions="1" time="0.000535"/>
        <testcase name="testBankPlay" class="App\Tests\Entity\GameTest" classname="App.Tests.Entity.GameTest" file="/home/dbwebb-kurser/mvc_new/me/report/tests/Entity/GameTest.php" line="51" assertions="2" time="0.000650"/>
        <testcase name="testWinnerByHigherValue" class="App\Tests\Entity\GameTest" classname="App.Tests.Entity.GameTest" file="/home/dbwebb-kurser/mvc_new/me/report/tests/Entity/GameTest.php" line="57" assertions="2" time="0.000531"/>
        <testcase name="testBankWinsPlayerBusts" class="App\Tests\Entity\GameTest" classname="App.Tests.Entity.GameTest" file="/home/dbwebb-kurser/mvc_new/me/report/tests/Entity/GameTest.php" line="85" assertions="1" time="0.000487"/>
        <testcase name="testPlayerWinsBankBusts" class="App\Tests\Entity\GameTest" classname="App.Tests.Entity.GameTest" file="/home/dbwebb-kurser/mvc_new/me/report/tests/Entity/GameTest.php" line="100" assertions="1" time="0.000439"/>
        <testcase name="testToArray" class="App\Tests\Entity\GameTest" classname="App.Tests.Entity.GameTest" file="/home/dbwebb-kurser/mvc_new/me/report/tests/Entity/GameTest.php" line="115" assertions="4" time="0.000901"/>
        <testcase name="testFromArray" class="App\Tests\Entity\GameTest" classname="App.Tests.Entity.GameTest" file="/home/dbwebb-kurser/mvc_new/me/report/tests/Entity/GameTest.php" line="124" assertions="1" time="0.001327"/>
      </testsuite>
      <testsuite name="App\Tests\Entity\PlayerTest" file="/home/dbwebb-kurser/mvc_new/me/report/tests/Entity/PlayerTest.php" tests="1" assertions="3" errors="0" warnings="0" failures="0" skipped="0" time="0.000373">
        <testcase name="testPlayerHand" class="App\Tests\Entity\PlayerTest" classname="App.Tests.Entity.PlayerTest" file="/home/dbwebb-kurser/mvc_new/me/report/tests/Entity/PlayerTest.php" line="11" assertions="3" time="0.000373"/>
      </testsuite>
    </testsuite>
  </testsuite>
</testsuites>
